{"/Users/style/Desktop/SongJournal/src/App.tsx": {"path":"/Users/style/Desktop/SongJournal/src/App.tsx","statementMap":{"0":{"start":{"line":7,"column":12},"end":{"line":13,"column":1}},"1":{"start":{"line":8,"column":2},"end":{"line":12,"column":27}}},"fnMap":{"0":{"name":"(anonymous_0)","decl":{"start":{"line":7,"column":12},"end":{"line":7,"column":13}},"loc":{"start":{"line":8,"column":2},"end":{"line":12,"column":27}},"line":8}},"branchMap":{},"s":{"0":0,"1":0},"f":{"0":0},"b":{}}
,"/Users/style/Desktop/SongJournal/src/common/constants.ts": {"path":"/Users/style/Desktop/SongJournal/src/common/constants.ts","statementMap":{"0":{"start":{"line":12,"column":59},"end":{"line":17,"column":1}},"1":{"start":{"line":19,"column":51},"end":{"line":26,"column":1}},"2":{"start":{"line":28,"column":42},"end":{"line":32,"column":1}},"3":{"start":{"line":34,"column":32},"end":{"line":40,"column":1}},"4":{"start":{"line":42,"column":32},"end":{"line":45,"column":1}},"5":{"start":{"line":47,"column":32},"end":{"line":53,"column":1}},"6":{"start":{"line":56,"column":2},"end":{"line":56,"column":63}},"7":{"start":{"line":59,"column":2},"end":{"line":59,"column":110}},"8":{"start":{"line":61,"column":36},"end":{"line":61,"column":66}},"9":{"start":{"line":63,"column":34},"end":{"line":313,"column":1}}},"fnMap":{},"branchMap":{},"s":{"0":0,"1":0,"2":0,"3":0,"4":0,"5":0,"6":0,"7":0,"8":0,"9":0},"f":{},"b":{}}
,"/Users/style/Desktop/SongJournal/src/common/types.ts": {"path":"/Users/style/Desktop/SongJournal/src/common/types.ts","statementMap":{},"fnMap":{},"branchMap":{},"s":{},"f":{},"b":{}}
,"/Users/style/Desktop/SongJournal/src/common/components/DeleteModal.tsx": {"path":"/Users/style/Desktop/SongJournal/src/common/components/DeleteModal.tsx","statementMap":{"0":{"start":{"line":17,"column":20},"end":{"line":59,"column":1}},"1":{"start":{"line":24,"column":6},"end":{"line":24,"column":11}},"2":{"start":{"line":25,"column":17},"end":{"line":25,"column":39}},"3":{"start":{"line":27,"column":22},"end":{"line":30,"column":3}},"4":{"start":{"line":28,"column":4},"end":{"line":28,"column":28}},"5":{"start":{"line":29,"column":4},"end":{"line":29,"column":32}},"6":{"start":{"line":32,"column":2},"end":{"line":58,"column":4}},"7":{"start":{"line":49,"column":52},"end":{"line":49,"column":56}}},"fnMap":{"0":{"name":"(anonymous_0)","decl":{"start":{"line":17,"column":20},"end":{"line":17,"column":21}},"loc":{"start":{"line":17,"column":38},"end":{"line":59,"column":1}},"line":17},"1":{"name":"(anonymous_1)","decl":{"start":{"line":27,"column":22},"end":{"line":27,"column":23}},"loc":{"start":{"line":27,"column":34},"end":{"line":30,"column":3}},"line":27},"2":{"name":"(anonymous_2)","decl":{"start":{"line":49,"column":46},"end":{"line":49,"column":47}},"loc":{"start":{"line":49,"column":52},"end":{"line":49,"column":56}},"line":49}},"branchMap":{"0":{"loc":{"start":{"line":44,"column":13},"end":{"line":44,"column":39}},"type":"binary-expr","locations":[{"start":{"line":44,"column":13},"end":{"line":44,"column":21}},{"start":{"line":44,"column":25},"end":{"line":44,"column":39}}],"line":44}},"s":{"0":0,"1":0,"2":0,"3":0,"4":0,"5":0,"6":0,"7":0},"f":{"0":0,"1":0,"2":0},"b":{"0":[0,0]}}
,"/Users/style/Desktop/SongJournal/src/common/components/SaveAndCancelButtons.tsx": {"path":"/Users/style/Desktop/SongJournal/src/common/components/SaveAndCancelButtons.tsx","statementMap":{"0":{"start":{"line":15,"column":29},"end":{"line":40,"column":1}},"1":{"start":{"line":22,"column":6},"end":{"line":22,"column":11}},"2":{"start":{"line":23,"column":17},"end":{"line":23,"column":47}},"3":{"start":{"line":25,"column":2},"end":{"line":39,"column":4}}},"fnMap":{"0":{"name":"(anonymous_0)","decl":{"start":{"line":15,"column":29},"end":{"line":15,"column":30}},"loc":{"start":{"line":15,"column":47},"end":{"line":40,"column":1}},"line":15}},"branchMap":{"0":{"loc":{"start":{"line":19,"column":4},"end":{"line":19,"column":20}},"type":"default-arg","locations":[{"start":{"line":19,"column":15},"end":{"line":19,"column":20}}],"line":19},"1":{"loc":{"start":{"line":20,"column":4},"end":{"line":20,"column":25}},"type":"default-arg","locations":[{"start":{"line":20,"column":19},"end":{"line":20,"column":25}}],"line":20},"2":{"loc":{"start":{"line":21,"column":4},"end":{"line":21,"column":29}},"type":"default-arg","locations":[{"start":{"line":21,"column":21},"end":{"line":21,"column":29}}],"line":21}},"s":{"0":0,"1":0,"2":0,"3":0},"f":{"0":0},"b":{"0":[0],"1":[0],"2":[0]}}
,"/Users/style/Desktop/SongJournal/src/common/components/StyledText.tsx": {"path":"/Users/style/Desktop/SongJournal/src/common/components/StyledText.tsx","statementMap":{"0":{"start":{"line":10,"column":19},"end":{"line":14,"column":1}},"1":{"start":{"line":11,"column":22},"end":{"line":11,"column":39}},"2":{"start":{"line":13,"column":2},"end":{"line":13,"column":67}}},"fnMap":{"0":{"name":"(anonymous_0)","decl":{"start":{"line":10,"column":19},"end":{"line":10,"column":20}},"loc":{"start":{"line":10,"column":51},"end":{"line":14,"column":1}},"line":10}},"branchMap":{},"s":{"0":0,"1":0,"2":0},"f":{"0":0},"b":{}}
,"/Users/style/Desktop/SongJournal/src/home/components/CreateNewSongButton.tsx": {"path":"/Users/style/Desktop/SongJournal/src/home/components/CreateNewSongButton.tsx","statementMap":{"0":{"start":{"line":11,"column":28},"end":{"line":23,"column":1}},"1":{"start":{"line":12,"column":17},"end":{"line":12,"column":47}},"2":{"start":{"line":14,"column":2},"end":{"line":22,"column":4}},"3":{"start":{"line":17,"column":21},"end":{"line":17,"column":43}}},"fnMap":{"0":{"name":"(anonymous_0)","decl":{"start":{"line":11,"column":28},"end":{"line":11,"column":29}},"loc":{"start":{"line":11,"column":61},"end":{"line":23,"column":1}},"line":11},"1":{"name":"(anonymous_1)","decl":{"start":{"line":17,"column":15},"end":{"line":17,"column":16}},"loc":{"start":{"line":17,"column":21},"end":{"line":17,"column":43}},"line":17}},"branchMap":{},"s":{"0":0,"1":0,"2":0,"3":0},"f":{"0":0,"1":0},"b":{}}
,"/Users/style/Desktop/SongJournal/src/home/components/Footer.tsx": {"path":"/Users/style/Desktop/SongJournal/src/home/components/Footer.tsx","statementMap":{"0":{"start":{"line":11,"column":15},"end":{"line":34,"column":1}},"1":{"start":{"line":12,"column":23},"end":{"line":12,"column":74}},"2":{"start":{"line":13,"column":17},"end":{"line":13,"column":38}},"3":{"start":{"line":15,"column":2},"end":{"line":33,"column":4}},"4":{"start":{"line":21,"column":23},"end":{"line":21,"column":46}},"5":{"start":{"line":27,"column":23},"end":{"line":27,"column":43}}},"fnMap":{"0":{"name":"(anonymous_0)","decl":{"start":{"line":11,"column":15},"end":{"line":11,"column":16}},"loc":{"start":{"line":11,"column":21},"end":{"line":34,"column":1}},"line":11},"1":{"name":"(anonymous_1)","decl":{"start":{"line":21,"column":17},"end":{"line":21,"column":18}},"loc":{"start":{"line":21,"column":23},"end":{"line":21,"column":46}},"line":21},"2":{"name":"(anonymous_2)","decl":{"start":{"line":27,"column":17},"end":{"line":27,"column":18}},"loc":{"start":{"line":27,"column":23},"end":{"line":27,"column":43}},"line":27}},"branchMap":{},"s":{"0":0,"1":0,"2":0,"3":0,"4":0,"5":0},"f":{"0":0,"1":0,"2":0},"b":{}}
,"/Users/style/Desktop/SongJournal/src/home/components/HomeHeader.tsx": {"path":"/Users/style/Desktop/SongJournal/src/home/components/HomeHeader.tsx","statementMap":{"0":{"start":{"line":13,"column":19},"end":{"line":29,"column":1}},"1":{"start":{"line":14,"column":21},"end":{"line":14,"column":53}},"2":{"start":{"line":14,"column":27},"end":{"line":14,"column":53}},"3":{"start":{"line":15,"column":17},"end":{"line":15,"column":38}},"4":{"start":{"line":17,"column":2},"end":{"line":28,"column":4}}},"fnMap":{"0":{"name":"(anonymous_0)","decl":{"start":{"line":13,"column":19},"end":{"line":13,"column":20}},"loc":{"start":{"line":13,"column":61},"end":{"line":29,"column":1}},"line":13},"1":{"name":"(anonymous_1)","decl":{"start":{"line":14,"column":21},"end":{"line":14,"column":22}},"loc":{"start":{"line":14,"column":27},"end":{"line":14,"column":53}},"line":14}},"branchMap":{"0":{"loc":{"start":{"line":21,"column":9},"end":{"line":25,"column":9}},"type":"cond-expr","locations":[{"start":{"line":22,"column":10},"end":{"line":22,"column":73}},{"start":{"line":24,"column":10},"end":{"line":24,"column":71}}],"line":21}},"s":{"0":0,"1":0,"2":0,"3":0,"4":0},"f":{"0":0,"1":0},"b":{"0":[0,0]}}
,"/Users/style/Desktop/SongJournal/src/home/components/NewSongModal.tsx": {"path":"/Users/style/Desktop/SongJournal/src/home/components/NewSongModal.tsx","statementMap":{"0":{"start":{"line":15,"column":21},"end":{"line":59,"column":1}},"1":{"start":{"line":17,"column":4},"end":{"line":17,"column":55}},"2":{"start":{"line":18,"column":17},"end":{"line":18,"column":39}},"3":{"start":{"line":20,"column":36},"end":{"line":20,"column":48}},"4":{"start":{"line":21,"column":22},"end":{"line":21,"column":51}},"5":{"start":{"line":21,"column":28},"end":{"line":21,"column":51}},"6":{"start":{"line":22,"column":28},"end":{"line":22,"column":38}},"7":{"start":{"line":24,"column":2},"end":{"line":31,"column":4}},"8":{"start":{"line":26,"column":6},"end":{"line":29,"column":8}},"9":{"start":{"line":27,"column":8},"end":{"line":27,"column":32}},"10":{"start":{"line":28,"column":8},"end":{"line":28,"column":25}},"11":{"start":{"line":33,"column":2},"end":{"line":58,"column":4}},"12":{"start":{"line":47,"column":47},"end":{"line":47,"column":66}},"13":{"start":{"line":51,"column":27},"end":{"line":51,"column":64}},"14":{"start":{"line":52,"column":31},"end":{"line":52,"column":54}}},"fnMap":{"0":{"name":"(anonymous_0)","decl":{"start":{"line":15,"column":21},"end":{"line":15,"column":22}},"loc":{"start":{"line":15,"column":69},"end":{"line":59,"column":1}},"line":15},"1":{"name":"(anonymous_1)","decl":{"start":{"line":21,"column":22},"end":{"line":21,"column":23}},"loc":{"start":{"line":21,"column":28},"end":{"line":21,"column":51}},"line":21},"2":{"name":"(anonymous_2)","decl":{"start":{"line":25,"column":4},"end":{"line":25,"column":5}},"loc":{"start":{"line":26,"column":6},"end":{"line":29,"column":8}},"line":26},"3":{"name":"(anonymous_3)","decl":{"start":{"line":26,"column":26},"end":{"line":26,"column":27}},"loc":{"start":{"line":26,"column":32},"end":{"line":29,"column":7}},"line":26},"4":{"name":"(anonymous_4)","decl":{"start":{"line":47,"column":28},"end":{"line":47,"column":29}},"loc":{"start":{"line":47,"column":47},"end":{"line":47,"column":66}},"line":47},"5":{"name":"(anonymous_5)","decl":{"start":{"line":51,"column":21},"end":{"line":51,"column":22}},"loc":{"start":{"line":51,"column":27},"end":{"line":51,"column":64}},"line":51},"6":{"name":"(anonymous_6)","decl":{"start":{"line":52,"column":25},"end":{"line":52,"column":26}},"loc":{"start":{"line":52,"column":31},"end":{"line":52,"column":54}},"line":52}},"branchMap":{},"s":{"0":0,"1":0,"2":0,"3":0,"4":0,"5":0,"6":0,"7":0,"8":0,"9":0,"10":0,"11":0,"12":0,"13":0,"14":0},"f":{"0":0,"1":0,"2":0,"3":0,"4":0,"5":0,"6":0},"b":{}}
,"/Users/style/Desktop/SongJournal/src/home/components/SongFolders.tsx": {"path":"/Users/style/Desktop/SongJournal/src/home/components/SongFolders.tsx","statementMap":{"0":{"start":{"line":14,"column":20},"end":{"line":33,"column":1}},"1":{"start":{"line":15,"column":2},"end":{"line":32,"column":4}},"2":{"start":{"line":23,"column":6},"end":{"line":23,"column":45}},"3":{"start":{"line":26,"column":6},"end":{"line":29,"column":8}}},"fnMap":{"0":{"name":"(anonymous_0)","decl":{"start":{"line":14,"column":20},"end":{"line":14,"column":21}},"loc":{"start":{"line":15,"column":2},"end":{"line":32,"column":4}},"line":15},"1":{"name":"(anonymous_1)","decl":{"start":{"line":22,"column":16},"end":{"line":22,"column":17}},"loc":{"start":{"line":22,"column":52},"end":{"line":24,"column":5}},"line":22},"2":{"name":"(anonymous_2)","decl":{"start":{"line":25,"column":22},"end":{"line":25,"column":23}},"loc":{"start":{"line":26,"column":6},"end":{"line":29,"column":8}},"line":26}},"branchMap":{},"s":{"0":0,"1":0,"2":0,"3":0},"f":{"0":0,"1":0,"2":0},"b":{}}
,"/Users/style/Desktop/SongJournal/src/home/components/SortByModal.tsx": {"path":"/Users/style/Desktop/SongJournal/src/home/components/SortByModal.tsx","statementMap":{"0":{"start":{"line":17,"column":20},"end":{"line":48,"column":1}},"1":{"start":{"line":25,"column":6},"end":{"line":25,"column":11}},"2":{"start":{"line":26,"column":17},"end":{"line":26,"column":39}},"3":{"start":{"line":28,"column":2},"end":{"line":47,"column":4}},"4":{"start":{"line":33,"column":23},"end":{"line":33,"column":43}}},"fnMap":{"0":{"name":"(anonymous_0)","decl":{"start":{"line":17,"column":20},"end":{"line":17,"column":21}},"loc":{"start":{"line":17,"column":38},"end":{"line":48,"column":1}},"line":17},"1":{"name":"(anonymous_1)","decl":{"start":{"line":33,"column":17},"end":{"line":33,"column":18}},"loc":{"start":{"line":33,"column":23},"end":{"line":33,"column":43}},"line":33}},"branchMap":{},"s":{"0":0,"1":0,"2":0,"3":0,"4":0},"f":{"0":0,"1":0},"b":{}}
,"/Users/style/Desktop/SongJournal/src/home/subcomponents/DeleteRow.tsx": {"path":"/Users/style/Desktop/SongJournal/src/home/subcomponents/DeleteRow.tsx","statementMap":{"0":{"start":{"line":12,"column":18},"end":{"line":25,"column":1}},"1":{"start":{"line":13,"column":17},"end":{"line":13,"column":38}},"2":{"start":{"line":15,"column":2},"end":{"line":24,"column":4}},"3":{"start":{"line":18,"column":23},"end":{"line":18,"column":49}}},"fnMap":{"0":{"name":"(anonymous_0)","decl":{"start":{"line":12,"column":18},"end":{"line":12,"column":19}},"loc":{"start":{"line":12,"column":61},"end":{"line":25,"column":1}},"line":12},"1":{"name":"(anonymous_1)","decl":{"start":{"line":18,"column":17},"end":{"line":18,"column":18}},"loc":{"start":{"line":18,"column":23},"end":{"line":18,"column":49}},"line":18}},"branchMap":{},"s":{"0":0,"1":0,"2":0,"3":0},"f":{"0":0,"1":0},"b":{}}
,"/Users/style/Desktop/SongJournal/src/home/subcomponents/PlaybackBar.tsx": {"path":"/Users/style/Desktop/SongJournal/src/home/subcomponents/PlaybackBar.tsx","statementMap":{"0":{"start":{"line":6,"column":20},"end":{"line":10,"column":1}},"1":{"start":{"line":7,"column":17},"end":{"line":7,"column":38}},"2":{"start":{"line":9,"column":2},"end":{"line":9,"column":45}}},"fnMap":{"0":{"name":"(anonymous_0)","decl":{"start":{"line":6,"column":20},"end":{"line":6,"column":21}},"loc":{"start":{"line":6,"column":26},"end":{"line":10,"column":1}},"line":6}},"branchMap":{},"s":{"0":0,"1":0,"2":0},"f":{"0":0},"b":{}}
,"/Users/style/Desktop/SongJournal/src/home/subcomponents/SearchBar.tsx": {"path":"/Users/style/Desktop/SongJournal/src/home/subcomponents/SearchBar.tsx","statementMap":{"0":{"start":{"line":7,"column":18},"end":{"line":22,"column":1}},"1":{"start":{"line":8,"column":17},"end":{"line":8,"column":36}},"2":{"start":{"line":9,"column":38},"end":{"line":9,"column":50}},"3":{"start":{"line":11,"column":2},"end":{"line":21,"column":4}},"4":{"start":{"line":17,"column":40},"end":{"line":17,"column":59}}},"fnMap":{"0":{"name":"(anonymous_0)","decl":{"start":{"line":7,"column":18},"end":{"line":7,"column":19}},"loc":{"start":{"line":7,"column":24},"end":{"line":22,"column":1}},"line":7},"1":{"name":"(anonymous_1)","decl":{"start":{"line":17,"column":22},"end":{"line":17,"column":23}},"loc":{"start":{"line":17,"column":40},"end":{"line":17,"column":59}},"line":17}},"branchMap":{},"s":{"0":0,"1":0,"2":0,"3":0,"4":0},"f":{"0":0,"1":0},"b":{}}
,"/Users/style/Desktop/SongJournal/src/home/subcomponents/SongFolder.tsx": {"path":"/Users/style/Desktop/SongJournal/src/home/subcomponents/SongFolder.tsx","statementMap":{"0":{"start":{"line":17,"column":19},"end":{"line":56,"column":1}},"1":{"start":{"line":18,"column":23},"end":{"line":18,"column":74}},"2":{"start":{"line":19,"column":17},"end":{"line":19,"column":38}},"3":{"start":{"line":21,"column":41},"end":{"line":21,"column":45}},"4":{"start":{"line":22,"column":36},"end":{"line":22,"column":51}},"5":{"start":{"line":24,"column":24},"end":{"line":26,"column":3}},"6":{"start":{"line":25,"column":4},"end":{"line":25,"column":23}},"7":{"start":{"line":28,"column":25},"end":{"line":30,"column":3}},"8":{"start":{"line":29,"column":4},"end":{"line":29,"column":24}},"9":{"start":{"line":32,"column":2},"end":{"line":55,"column":4}},"10":{"start":{"line":38,"column":21},"end":{"line":38,"column":47}},"11":{"start":{"line":44,"column":43},"end":{"line":44,"column":71}}},"fnMap":{"0":{"name":"(anonymous_0)","decl":{"start":{"line":17,"column":19},"end":{"line":17,"column":20}},"loc":{"start":{"line":17,"column":40},"end":{"line":56,"column":1}},"line":17},"1":{"name":"(anonymous_1)","decl":{"start":{"line":24,"column":24},"end":{"line":24,"column":25}},"loc":{"start":{"line":24,"column":30},"end":{"line":26,"column":3}},"line":24},"2":{"name":"(anonymous_2)","decl":{"start":{"line":28,"column":25},"end":{"line":28,"column":26}},"loc":{"start":{"line":28,"column":31},"end":{"line":30,"column":3}},"line":28},"3":{"name":"(anonymous_3)","decl":{"start":{"line":38,"column":15},"end":{"line":38,"column":16}},"loc":{"start":{"line":38,"column":21},"end":{"line":38,"column":47}},"line":38},"4":{"name":"(anonymous_4)","decl":{"start":{"line":44,"column":37},"end":{"line":44,"column":38}},"loc":{"start":{"line":44,"column":43},"end":{"line":44,"column":71}},"line":44}},"branchMap":{"0":{"loc":{"start":{"line":34,"column":35},"end":{"line":34,"column":65}},"type":"binary-expr","locations":[{"start":{"line":34,"column":35},"end":{"line":34,"column":44}},{"start":{"line":34,"column":48},"end":{"line":34,"column":65}}],"line":34}},"s":{"0":0,"1":0,"2":0,"3":0,"4":0,"5":0,"6":0,"7":0,"8":0,"9":0,"10":0,"11":0},"f":{"0":0,"1":0,"2":0,"3":0,"4":0},"b":{"0":[0,0]}}
,"/Users/style/Desktop/SongJournal/src/home/subcomponents/SortByCategory.tsx": {"path":"/Users/style/Desktop/SongJournal/src/home/subcomponents/SortByCategory.tsx","statementMap":{"0":{"start":{"line":16,"column":23},"end":{"line":61,"column":1}},"1":{"start":{"line":17,"column":17},"end":{"line":17,"column":39}},"2":{"start":{"line":24,"column":6},"end":{"line":24,"column":11}},"3":{"start":{"line":26,"column":30},"end":{"line":26,"column":54}},"4":{"start":{"line":28,"column":18},"end":{"line":32,"column":3}},"5":{"start":{"line":29,"column":4},"end":{"line":31,"column":33}},"6":{"start":{"line":34,"column":2},"end":{"line":60,"column":4}}},"fnMap":{"0":{"name":"(anonymous_0)","decl":{"start":{"line":16,"column":23},"end":{"line":16,"column":24}},"loc":{"start":{"line":16,"column":41},"end":{"line":61,"column":1}},"line":16},"1":{"name":"(anonymous_1)","decl":{"start":{"line":28,"column":18},"end":{"line":28,"column":19}},"loc":{"start":{"line":28,"column":24},"end":{"line":32,"column":3}},"line":28}},"branchMap":{"0":{"loc":{"start":{"line":29,"column":4},"end":{"line":31,"column":32}},"type":"cond-expr","locations":[{"start":{"line":30,"column":8},"end":{"line":30,"column":44}},{"start":{"line":31,"column":8},"end":{"line":31,"column":32}}],"line":29},"1":{"loc":{"start":{"line":37,"column":13},"end":{"line":37,"column":50}},"type":"binary-expr","locations":[{"start":{"line":37,"column":13},"end":{"line":37,"column":23}},{"start":{"line":37,"column":27},"end":{"line":37,"column":50}}],"line":37},"2":{"loc":{"start":{"line":39,"column":7},"end":{"line":57,"column":7}},"type":"binary-expr","locations":[{"start":{"line":39,"column":7},"end":{"line":39,"column":17}},{"start":{"line":40,"column":8},"end":{"line":56,"column":15}}],"line":39},"3":{"loc":{"start":{"line":41,"column":11},"end":{"line":55,"column":11}},"type":"cond-expr","locations":[{"start":{"line":42,"column":12},"end":{"line":47,"column":14}},{"start":{"line":49,"column":12},"end":{"line":54,"column":14}}],"line":41}},"s":{"0":0,"1":0,"2":0,"3":0,"4":0,"5":0,"6":0},"f":{"0":0,"1":0},"b":{"0":[0,0],"1":[0,0],"2":[0,0],"3":[0,0]}}
,"/Users/style/Desktop/SongJournal/src/home/subcomponents/SortCategories.tsx": {"path":"/Users/style/Desktop/SongJournal/src/home/subcomponents/SortCategories.tsx","statementMap":{"0":{"start":{"line":16,"column":25},"end":{"line":39,"column":1}},"1":{"start":{"line":22,"column":6},"end":{"line":22,"column":11}},"2":{"start":{"line":23,"column":17},"end":{"line":23,"column":39}},"3":{"start":{"line":25,"column":2},"end":{"line":38,"column":4}},"4":{"start":{"line":28,"column":8},"end":{"line":35,"column":10}}},"fnMap":{"0":{"name":"(anonymous_0)","decl":{"start":{"line":16,"column":25},"end":{"line":16,"column":26}},"loc":{"start":{"line":16,"column":43},"end":{"line":39,"column":1}},"line":16},"1":{"name":"(anonymous_1)","decl":{"start":{"line":27,"column":33},"end":{"line":27,"column":34}},"loc":{"start":{"line":28,"column":8},"end":{"line":35,"column":10}},"line":28}},"branchMap":{},"s":{"0":0,"1":0,"2":0,"3":0,"4":0},"f":{"0":0,"1":0},"b":{}}
,"/Users/style/Desktop/SongJournal/src/hooks/useDoubleTap.ts": {"path":"/Users/style/Desktop/SongJournal/src/hooks/useDoubleTap.ts","statementMap":{"0":{"start":{"line":3,"column":21},"end":{"line":15,"column":1}},"1":{"start":{"line":4,"column":32},"end":{"line":4,"column":51}},"2":{"start":{"line":6,"column":26},"end":{"line":12,"column":3}},"3":{"start":{"line":7,"column":24},"end":{"line":7,"column":34}},"4":{"start":{"line":8,"column":4},"end":{"line":10,"column":5}},"5":{"start":{"line":9,"column":6},"end":{"line":9,"column":17}},"6":{"start":{"line":11,"column":4},"end":{"line":11,"column":20}},"7":{"start":{"line":14,"column":2},"end":{"line":14,"column":25}}},"fnMap":{"0":{"name":"(anonymous_0)","decl":{"start":{"line":3,"column":21},"end":{"line":3,"column":22}},"loc":{"start":{"line":3,"column":68},"end":{"line":15,"column":1}},"line":3},"1":{"name":"(anonymous_1)","decl":{"start":{"line":6,"column":26},"end":{"line":6,"column":27}},"loc":{"start":{"line":6,"column":32},"end":{"line":12,"column":3}},"line":6}},"branchMap":{"0":{"loc":{"start":{"line":3,"column":44},"end":{"line":3,"column":63}},"type":"default-arg","locations":[{"start":{"line":3,"column":60},"end":{"line":3,"column":63}}],"line":3},"1":{"loc":{"start":{"line":8,"column":4},"end":{"line":10,"column":5}},"type":"if","locations":[{"start":{"line":8,"column":4},"end":{"line":10,"column":5}},{"start":{},"end":{}}],"line":8},"2":{"loc":{"start":{"line":8,"column":8},"end":{"line":8,"column":40}},"type":"binary-expr","locations":[{"start":{"line":8,"column":8},"end":{"line":8,"column":15}},{"start":{"line":8,"column":19},"end":{"line":8,"column":40}}],"line":8}},"s":{"0":0,"1":0,"2":0,"3":0,"4":0,"5":0,"6":0,"7":0},"f":{"0":0,"1":0},"b":{"0":[0],"1":[0,0],"2":[0,0]}}
,"/Users/style/Desktop/SongJournal/src/hooks/useMicrophonePermissions.ts": {"path":"/Users/style/Desktop/SongJournal/src/hooks/useMicrophonePermissions.ts","statementMap":{"0":{"start":{"line":7,"column":33},"end":{"line":36,"column":1}},"1":{"start":{"line":9,"column":4},"end":{"line":9,"column":28}},"2":{"start":{"line":11,"column":2},"end":{"line":33,"column":9}},"3":{"start":{"line":12,"column":36},"end":{"line":15,"column":5}},"4":{"start":{"line":13,"column":21},"end":{"line":13,"column":57}},"5":{"start":{"line":14,"column":6},"end":{"line":14,"column":51}},"6":{"start":{"line":17,"column":33},"end":{"line":21,"column":5}},"7":{"start":{"line":18,"column":6},"end":{"line":20,"column":7}},"8":{"start":{"line":19,"column":8},"end":{"line":19,"column":34}},"9":{"start":{"line":23,"column":4},"end":{"line":23,"column":35}},"10":{"start":{"line":25,"column":25},"end":{"line":28,"column":5}},"11":{"start":{"line":30,"column":4},"end":{"line":32,"column":6}},"12":{"start":{"line":31,"column":6},"end":{"line":31,"column":28}},"13":{"start":{"line":35,"column":2},"end":{"line":35,"column":29}}},"fnMap":{"0":{"name":"(anonymous_0)","decl":{"start":{"line":7,"column":33},"end":{"line":7,"column":34}},"loc":{"start":{"line":7,"column":39},"end":{"line":36,"column":1}},"line":7},"1":{"name":"(anonymous_1)","decl":{"start":{"line":11,"column":12},"end":{"line":11,"column":13}},"loc":{"start":{"line":11,"column":18},"end":{"line":33,"column":3}},"line":11},"2":{"name":"(anonymous_2)","decl":{"start":{"line":12,"column":36},"end":{"line":12,"column":37}},"loc":{"start":{"line":12,"column":48},"end":{"line":15,"column":5}},"line":12},"3":{"name":"(anonymous_3)","decl":{"start":{"line":17,"column":33},"end":{"line":17,"column":34}},"loc":{"start":{"line":17,"column":67},"end":{"line":21,"column":5}},"line":17},"4":{"name":"(anonymous_4)","decl":{"start":{"line":30,"column":11},"end":{"line":30,"column":12}},"loc":{"start":{"line":30,"column":17},"end":{"line":32,"column":5}},"line":30}},"branchMap":{"0":{"loc":{"start":{"line":18,"column":6},"end":{"line":20,"column":7}},"type":"if","locations":[{"start":{"line":18,"column":6},"end":{"line":20,"column":7}},{"start":{},"end":{}}],"line":18}},"s":{"0":0,"1":0,"2":0,"3":0,"4":0,"5":0,"6":0,"7":0,"8":0,"9":0,"10":0,"11":0,"12":0,"13":0},"f":{"0":0,"1":0,"2":0,"3":0,"4":0},"b":{"0":[0,0]}}
,"/Users/style/Desktop/SongJournal/src/icons/BackIcon.tsx": {"path":"/Users/style/Desktop/SongJournal/src/icons/BackIcon.tsx","statementMap":{"0":{"start":{"line":4,"column":17},"end":{"line":11,"column":1}},"1":{"start":{"line":5,"column":2},"end":{"line":10,"column":8}}},"fnMap":{"0":{"name":"(anonymous_0)","decl":{"start":{"line":4,"column":17},"end":{"line":4,"column":18}},"loc":{"start":{"line":5,"column":2},"end":{"line":10,"column":8}},"line":5}},"branchMap":{},"s":{"0":0,"1":0},"f":{"0":0},"b":{}}
,"/Users/style/Desktop/SongJournal/src/icons/CheckIcon.tsx": {"path":"/Users/style/Desktop/SongJournal/src/icons/CheckIcon.tsx","statementMap":{"0":{"start":{"line":4,"column":18},"end":{"line":11,"column":1}},"1":{"start":{"line":5,"column":2},"end":{"line":10,"column":8}}},"fnMap":{"0":{"name":"(anonymous_0)","decl":{"start":{"line":4,"column":18},"end":{"line":4,"column":19}},"loc":{"start":{"line":5,"column":2},"end":{"line":10,"column":8}},"line":5}},"branchMap":{},"s":{"0":0,"1":0},"f":{"0":0},"b":{}}
,"/Users/style/Desktop/SongJournal/src/icons/ChordsIcon.tsx": {"path":"/Users/style/Desktop/SongJournal/src/icons/ChordsIcon.tsx","statementMap":{"0":{"start":{"line":4,"column":19},"end":{"line":11,"column":1}},"1":{"start":{"line":5,"column":2},"end":{"line":10,"column":8}}},"fnMap":{"0":{"name":"(anonymous_0)","decl":{"start":{"line":4,"column":19},"end":{"line":4,"column":20}},"loc":{"start":{"line":5,"column":2},"end":{"line":10,"column":8}},"line":5}},"branchMap":{},"s":{"0":0,"1":0},"f":{"0":0},"b":{}}
,"/Users/style/Desktop/SongJournal/src/icons/EditIcon.tsx": {"path":"/Users/style/Desktop/SongJournal/src/icons/EditIcon.tsx","statementMap":{"0":{"start":{"line":4,"column":17},"end":{"line":11,"column":1}},"1":{"start":{"line":5,"column":2},"end":{"line":10,"column":8}}},"fnMap":{"0":{"name":"(anonymous_0)","decl":{"start":{"line":4,"column":17},"end":{"line":4,"column":18}},"loc":{"start":{"line":5,"column":2},"end":{"line":10,"column":8}},"line":5}},"branchMap":{},"s":{"0":0,"1":0},"f":{"0":0},"b":{}}
,"/Users/style/Desktop/SongJournal/src/icons/InfoIcon.tsx": {"path":"/Users/style/Desktop/SongJournal/src/icons/InfoIcon.tsx","statementMap":{"0":{"start":{"line":4,"column":17},"end":{"line":11,"column":1}},"1":{"start":{"line":5,"column":2},"end":{"line":10,"column":8}}},"fnMap":{"0":{"name":"(anonymous_0)","decl":{"start":{"line":4,"column":17},"end":{"line":4,"column":18}},"loc":{"start":{"line":5,"column":2},"end":{"line":10,"column":8}},"line":5}},"branchMap":{},"s":{"0":0,"1":0},"f":{"0":0},"b":{}}
,"/Users/style/Desktop/SongJournal/src/icons/LyricsIcon.tsx": {"path":"/Users/style/Desktop/SongJournal/src/icons/LyricsIcon.tsx","statementMap":{"0":{"start":{"line":4,"column":19},"end":{"line":11,"column":1}},"1":{"start":{"line":5,"column":2},"end":{"line":10,"column":8}}},"fnMap":{"0":{"name":"(anonymous_0)","decl":{"start":{"line":4,"column":19},"end":{"line":4,"column":20}},"loc":{"start":{"line":5,"column":2},"end":{"line":10,"column":8}},"line":5}},"branchMap":{},"s":{"0":0,"1":0},"f":{"0":0},"b":{}}
,"/Users/style/Desktop/SongJournal/src/icons/MetronomeIcon.tsx": {"path":"/Users/style/Desktop/SongJournal/src/icons/MetronomeIcon.tsx","statementMap":{"0":{"start":{"line":4,"column":22},"end":{"line":11,"column":1}},"1":{"start":{"line":5,"column":2},"end":{"line":10,"column":8}}},"fnMap":{"0":{"name":"(anonymous_0)","decl":{"start":{"line":4,"column":22},"end":{"line":4,"column":23}},"loc":{"start":{"line":5,"column":2},"end":{"line":10,"column":8}},"line":5}},"branchMap":{},"s":{"0":0,"1":0},"f":{"0":0},"b":{}}
,"/Users/style/Desktop/SongJournal/src/icons/MusicPlayerIcon.tsx": {"path":"/Users/style/Desktop/SongJournal/src/icons/MusicPlayerIcon.tsx","statementMap":{"0":{"start":{"line":4,"column":24},"end":{"line":11,"column":1}},"1":{"start":{"line":5,"column":2},"end":{"line":10,"column":8}}},"fnMap":{"0":{"name":"(anonymous_0)","decl":{"start":{"line":4,"column":24},"end":{"line":4,"column":25}},"loc":{"start":{"line":5,"column":2},"end":{"line":10,"column":8}},"line":5}},"branchMap":{},"s":{"0":0,"1":0},"f":{"0":0},"b":{}}
,"/Users/style/Desktop/SongJournal/src/icons/NewSongIcon.tsx": {"path":"/Users/style/Desktop/SongJournal/src/icons/NewSongIcon.tsx","statementMap":{"0":{"start":{"line":4,"column":20},"end":{"line":11,"column":1}},"1":{"start":{"line":5,"column":2},"end":{"line":10,"column":8}}},"fnMap":{"0":{"name":"(anonymous_0)","decl":{"start":{"line":4,"column":20},"end":{"line":4,"column":21}},"loc":{"start":{"line":5,"column":2},"end":{"line":10,"column":8}},"line":5}},"branchMap":{},"s":{"0":0,"1":0},"f":{"0":0},"b":{}}
,"/Users/style/Desktop/SongJournal/src/icons/NotesIcon.tsx": {"path":"/Users/style/Desktop/SongJournal/src/icons/NotesIcon.tsx","statementMap":{"0":{"start":{"line":4,"column":18},"end":{"line":11,"column":1}},"1":{"start":{"line":5,"column":2},"end":{"line":10,"column":8}}},"fnMap":{"0":{"name":"(anonymous_0)","decl":{"start":{"line":4,"column":18},"end":{"line":4,"column":19}},"loc":{"start":{"line":5,"column":2},"end":{"line":10,"column":8}},"line":5}},"branchMap":{},"s":{"0":0,"1":0},"f":{"0":0},"b":{}}
,"/Users/style/Desktop/SongJournal/src/icons/PageIcon.tsx": {"path":"/Users/style/Desktop/SongJournal/src/icons/PageIcon.tsx","statementMap":{"0":{"start":{"line":4,"column":17},"end":{"line":11,"column":1}},"1":{"start":{"line":5,"column":2},"end":{"line":10,"column":8}}},"fnMap":{"0":{"name":"(anonymous_0)","decl":{"start":{"line":4,"column":17},"end":{"line":4,"column":18}},"loc":{"start":{"line":5,"column":2},"end":{"line":10,"column":8}},"line":5}},"branchMap":{},"s":{"0":0,"1":0},"f":{"0":0},"b":{}}
,"/Users/style/Desktop/SongJournal/src/icons/PlayIcon.tsx": {"path":"/Users/style/Desktop/SongJournal/src/icons/PlayIcon.tsx","statementMap":{"0":{"start":{"line":4,"column":17},"end":{"line":11,"column":1}},"1":{"start":{"line":5,"column":2},"end":{"line":10,"column":8}}},"fnMap":{"0":{"name":"(anonymous_0)","decl":{"start":{"line":4,"column":17},"end":{"line":4,"column":18}},"loc":{"start":{"line":5,"column":2},"end":{"line":10,"column":8}},"line":5}},"branchMap":{},"s":{"0":0,"1":0},"f":{"0":0},"b":{}}
,"/Users/style/Desktop/SongJournal/src/icons/PlaylistIcon.tsx": {"path":"/Users/style/Desktop/SongJournal/src/icons/PlaylistIcon.tsx","statementMap":{"0":{"start":{"line":4,"column":21},"end":{"line":11,"column":1}},"1":{"start":{"line":5,"column":2},"end":{"line":10,"column":8}}},"fnMap":{"0":{"name":"(anonymous_0)","decl":{"start":{"line":4,"column":21},"end":{"line":4,"column":22}},"loc":{"start":{"line":5,"column":2},"end":{"line":10,"column":8}},"line":5}},"branchMap":{},"s":{"0":0,"1":0},"f":{"0":0},"b":{}}
,"/Users/style/Desktop/SongJournal/src/icons/RecordIcon.tsx": {"path":"/Users/style/Desktop/SongJournal/src/icons/RecordIcon.tsx","statementMap":{"0":{"start":{"line":4,"column":19},"end":{"line":12,"column":1}},"1":{"start":{"line":5,"column":2},"end":{"line":11,"column":8}}},"fnMap":{"0":{"name":"(anonymous_0)","decl":{"start":{"line":4,"column":19},"end":{"line":4,"column":20}},"loc":{"start":{"line":5,"column":2},"end":{"line":11,"column":8}},"line":5}},"branchMap":{},"s":{"0":0,"1":0},"f":{"0":0},"b":{}}
,"/Users/style/Desktop/SongJournal/src/icons/SettingIcon.tsx": {"path":"/Users/style/Desktop/SongJournal/src/icons/SettingIcon.tsx","statementMap":{"0":{"start":{"line":4,"column":20},"end":{"line":11,"column":1}},"1":{"start":{"line":5,"column":2},"end":{"line":10,"column":8}}},"fnMap":{"0":{"name":"(anonymous_0)","decl":{"start":{"line":4,"column":20},"end":{"line":4,"column":21}},"loc":{"start":{"line":5,"column":2},"end":{"line":10,"column":8}},"line":5}},"branchMap":{},"s":{"0":0,"1":0},"f":{"0":0},"b":{}}
,"/Users/style/Desktop/SongJournal/src/icons/ShareIcon.tsx": {"path":"/Users/style/Desktop/SongJournal/src/icons/ShareIcon.tsx","statementMap":{"0":{"start":{"line":4,"column":18},"end":{"line":11,"column":1}},"1":{"start":{"line":5,"column":2},"end":{"line":10,"column":8}}},"fnMap":{"0":{"name":"(anonymous_0)","decl":{"start":{"line":4,"column":18},"end":{"line":4,"column":19}},"loc":{"start":{"line":5,"column":2},"end":{"line":10,"column":8}},"line":5}},"branchMap":{},"s":{"0":0,"1":0},"f":{"0":0},"b":{}}
,"/Users/style/Desktop/SongJournal/src/icons/StarIcon.tsx": {"path":"/Users/style/Desktop/SongJournal/src/icons/StarIcon.tsx","statementMap":{"0":{"start":{"line":4,"column":17},"end":{"line":11,"column":1}},"1":{"start":{"line":5,"column":2},"end":{"line":10,"column":8}}},"fnMap":{"0":{"name":"(anonymous_0)","decl":{"start":{"line":4,"column":17},"end":{"line":4,"column":18}},"loc":{"start":{"line":5,"column":2},"end":{"line":10,"column":8}},"line":5}},"branchMap":{},"s":{"0":0,"1":0},"f":{"0":0},"b":{}}
,"/Users/style/Desktop/SongJournal/src/icons/TrashIcon.tsx": {"path":"/Users/style/Desktop/SongJournal/src/icons/TrashIcon.tsx","statementMap":{"0":{"start":{"line":4,"column":18},"end":{"line":11,"column":1}},"1":{"start":{"line":5,"column":2},"end":{"line":10,"column":8}}},"fnMap":{"0":{"name":"(anonymous_0)","decl":{"start":{"line":4,"column":18},"end":{"line":4,"column":19}},"loc":{"start":{"line":5,"column":2},"end":{"line":10,"column":8}},"line":5}},"branchMap":{},"s":{"0":0,"1":0},"f":{"0":0},"b":{}}
,"/Users/style/Desktop/SongJournal/src/lyrics/components/InfoModal.tsx": {"path":"/Users/style/Desktop/SongJournal/src/lyrics/components/InfoModal.tsx","statementMap":{"0":{"start":{"line":17,"column":18},"end":{"line":66,"column":1}},"1":{"start":{"line":18,"column":33},"end":{"line":18,"column":60}},"2":{"start":{"line":19,"column":21},"end":{"line":19,"column":48}},"3":{"start":{"line":20,"column":17},"end":{"line":20,"column":36}},"4":{"start":{"line":22,"column":50},"end":{"line":22,"column":55}},"5":{"start":{"line":23,"column":28},"end":{"line":23,"column":56}},"6":{"start":{"line":24,"column":40},"end":{"line":24,"column":64}},"7":{"start":{"line":26,"column":22},"end":{"line":26,"column":53}},"8":{"start":{"line":26,"column":28},"end":{"line":26,"column":53}},"9":{"start":{"line":27,"column":28},"end":{"line":27,"column":34}},"10":{"start":{"line":29,"column":2},"end":{"line":65,"column":4}},"11":{"start":{"line":43,"column":50},"end":{"line":43,"column":68}},"12":{"start":{"line":50,"column":14},"end":{"line":50,"column":72}},"13":{"start":{"line":58,"column":27},"end":{"line":58,"column":31}},"14":{"start":{"line":59,"column":31},"end":{"line":59,"column":56}}},"fnMap":{"0":{"name":"(anonymous_0)","decl":{"start":{"line":17,"column":18},"end":{"line":17,"column":19}},"loc":{"start":{"line":17,"column":36},"end":{"line":66,"column":1}},"line":17},"1":{"name":"(anonymous_1)","decl":{"start":{"line":26,"column":22},"end":{"line":26,"column":23}},"loc":{"start":{"line":26,"column":28},"end":{"line":26,"column":53}},"line":26},"2":{"name":"(anonymous_2)","decl":{"start":{"line":43,"column":28},"end":{"line":43,"column":29}},"loc":{"start":{"line":43,"column":50},"end":{"line":43,"column":68}},"line":43},"3":{"name":"(anonymous_3)","decl":{"start":{"line":49,"column":30},"end":{"line":49,"column":31}},"loc":{"start":{"line":50,"column":14},"end":{"line":50,"column":72}},"line":50},"4":{"name":"(anonymous_4)","decl":{"start":{"line":58,"column":21},"end":{"line":58,"column":22}},"loc":{"start":{"line":58,"column":27},"end":{"line":58,"column":31}},"line":58},"5":{"name":"(anonymous_5)","decl":{"start":{"line":59,"column":25},"end":{"line":59,"column":26}},"loc":{"start":{"line":59,"column":31},"end":{"line":59,"column":56}},"line":59}},"branchMap":{},"s":{"0":0,"1":0,"2":0,"3":0,"4":0,"5":0,"6":0,"7":0,"8":0,"9":0,"10":0,"11":0,"12":0,"13":0,"14":0},"f":{"0":0,"1":0,"2":0,"3":0,"4":0,"5":0},"b":{}}
,"/Users/style/Desktop/SongJournal/src/lyrics/components/LyricsHeader.tsx": {"path":"/Users/style/Desktop/SongJournal/src/lyrics/components/LyricsHeader.tsx","statementMap":{"0":{"start":{"line":14,"column":21},"end":{"line":32,"column":1}},"1":{"start":{"line":15,"column":57},"end":{"line":15,"column":62}},"2":{"start":{"line":16,"column":17},"end":{"line":16,"column":40}},"3":{"start":{"line":18,"column":2},"end":{"line":31,"column":4}},"4":{"start":{"line":26,"column":23},"end":{"line":26,"column":59}}},"fnMap":{"0":{"name":"(anonymous_0)","decl":{"start":{"line":14,"column":21},"end":{"line":14,"column":22}},"loc":{"start":{"line":14,"column":39},"end":{"line":32,"column":1}},"line":14},"1":{"name":"(anonymous_1)","decl":{"start":{"line":26,"column":17},"end":{"line":26,"column":18}},"loc":{"start":{"line":26,"column":23},"end":{"line":26,"column":59}},"line":26}},"branchMap":{},"s":{"0":0,"1":0,"2":0,"3":0,"4":0},"f":{"0":0,"1":0},"b":{}}
,"/Users/style/Desktop/SongJournal/src/lyrics/components/LyricsSheet.tsx": {"path":"/Users/style/Desktop/SongJournal/src/lyrics/components/LyricsSheet.tsx","statementMap":{"0":{"start":{"line":15,"column":20},"end":{"line":58,"column":1}},"1":{"start":{"line":16,"column":27},"end":{"line":16,"column":31}},"2":{"start":{"line":17,"column":17},"end":{"line":17,"column":38}},"3":{"start":{"line":19,"column":36},"end":{"line":19,"column":60}},"4":{"start":{"line":20,"column":46},"end":{"line":20,"column":74}},"5":{"start":{"line":21,"column":28},"end":{"line":21,"column":35}},"6":{"start":{"line":23,"column":2},"end":{"line":57,"column":4}},"7":{"start":{"line":29,"column":14},"end":{"line":36,"column":15}},"8":{"start":{"line":47,"column":40},"end":{"line":47,"column":58}},"9":{"start":{"line":52,"column":23},"end":{"line":52,"column":27}},"10":{"start":{"line":53,"column":27},"end":{"line":53,"column":31}}},"fnMap":{"0":{"name":"(anonymous_0)","decl":{"start":{"line":15,"column":20},"end":{"line":15,"column":21}},"loc":{"start":{"line":15,"column":41},"end":{"line":58,"column":1}},"line":15},"1":{"name":"(anonymous_1)","decl":{"start":{"line":28,"column":12},"end":{"line":28,"column":13}},"loc":{"start":{"line":29,"column":14},"end":{"line":36,"column":15}},"line":29},"2":{"name":"(anonymous_2)","decl":{"start":{"line":47,"column":22},"end":{"line":47,"column":23}},"loc":{"start":{"line":47,"column":40},"end":{"line":47,"column":58}},"line":47},"3":{"name":"(anonymous_3)","decl":{"start":{"line":52,"column":17},"end":{"line":52,"column":18}},"loc":{"start":{"line":52,"column":23},"end":{"line":52,"column":27}},"line":52},"4":{"name":"(anonymous_4)","decl":{"start":{"line":53,"column":21},"end":{"line":53,"column":22}},"loc":{"start":{"line":53,"column":27},"end":{"line":53,"column":31}},"line":53}},"branchMap":{"0":{"loc":{"start":{"line":29,"column":14},"end":{"line":36,"column":15}},"type":"binary-expr","locations":[{"start":{"line":29,"column":14},"end":{"line":29,"column":25}},{"start":{"line":30,"column":16},"end":{"line":35,"column":18}}],"line":29}},"s":{"0":0,"1":0,"2":0,"3":0,"4":0,"5":0,"6":0,"7":0,"8":0,"9":0,"10":0},"f":{"0":0,"1":0,"2":0,"3":0,"4":0},"b":{"0":[0,0]}}
,"/Users/style/Desktop/SongJournal/src/lyrics/subcomponents/CompletionStatus.tsx": {"path":"/Users/style/Desktop/SongJournal/src/lyrics/subcomponents/CompletionStatus.tsx","statementMap":{"0":{"start":{"line":12,"column":25},"end":{"line":26,"column":1}},"1":{"start":{"line":13,"column":17},"end":{"line":13,"column":38}},"2":{"start":{"line":15,"column":2},"end":{"line":25,"column":4}},"3":{"start":{"line":19,"column":23},"end":{"line":19,"column":51}}},"fnMap":{"0":{"name":"(anonymous_0)","decl":{"start":{"line":12,"column":25},"end":{"line":12,"column":26}},"loc":{"start":{"line":12,"column":69},"end":{"line":26,"column":1}},"line":12},"1":{"name":"(anonymous_1)","decl":{"start":{"line":19,"column":17},"end":{"line":19,"column":18}},"loc":{"start":{"line":19,"column":23},"end":{"line":19,"column":51}},"line":19}},"branchMap":{"0":{"loc":{"start":{"line":21,"column":9},"end":{"line":21,"column":37}},"type":"binary-expr","locations":[{"start":{"line":21,"column":9},"end":{"line":21,"column":20}},{"start":{"line":21,"column":24},"end":{"line":21,"column":37}}],"line":21}},"s":{"0":0,"1":0,"2":0,"3":0},"f":{"0":0,"1":0},"b":{"0":[0,0]}}
,"/Users/style/Desktop/SongJournal/src/lyrics/subcomponents/PageOptions.tsx": {"path":"/Users/style/Desktop/SongJournal/src/lyrics/subcomponents/PageOptions.tsx","statementMap":{"0":{"start":{"line":16,"column":20},"end":{"line":59,"column":1}},"1":{"start":{"line":17,"column":17},"end":{"line":17,"column":38}},"2":{"start":{"line":19,"column":2},"end":{"line":58,"column":4}},"3":{"start":{"line":26,"column":23},"end":{"line":26,"column":48}},"4":{"start":{"line":35,"column":23},"end":{"line":35,"column":50}},"5":{"start":{"line":44,"column":23},"end":{"line":44,"column":53}},"6":{"start":{"line":53,"column":23},"end":{"line":53,"column":49}}},"fnMap":{"0":{"name":"(anonymous_0)","decl":{"start":{"line":16,"column":20},"end":{"line":16,"column":21}},"loc":{"start":{"line":16,"column":70},"end":{"line":59,"column":1}},"line":16},"1":{"name":"(anonymous_1)","decl":{"start":{"line":26,"column":17},"end":{"line":26,"column":18}},"loc":{"start":{"line":26,"column":23},"end":{"line":26,"column":48}},"line":26},"2":{"name":"(anonymous_2)","decl":{"start":{"line":35,"column":17},"end":{"line":35,"column":18}},"loc":{"start":{"line":35,"column":23},"end":{"line":35,"column":50}},"line":35},"3":{"name":"(anonymous_3)","decl":{"start":{"line":44,"column":17},"end":{"line":44,"column":18}},"loc":{"start":{"line":44,"column":23},"end":{"line":44,"column":53}},"line":44},"4":{"name":"(anonymous_4)","decl":{"start":{"line":53,"column":17},"end":{"line":53,"column":18}},"loc":{"start":{"line":53,"column":23},"end":{"line":53,"column":49}},"line":53}},"branchMap":{"0":{"loc":{"start":{"line":24,"column":10},"end":{"line":24,"column":54}},"type":"binary-expr","locations":[{"start":{"line":24,"column":10},"end":{"line":24,"column":35}},{"start":{"line":24,"column":39},"end":{"line":24,"column":54}}],"line":24},"1":{"loc":{"start":{"line":33,"column":10},"end":{"line":33,"column":56}},"type":"binary-expr","locations":[{"start":{"line":33,"column":10},"end":{"line":33,"column":37}},{"start":{"line":33,"column":41},"end":{"line":33,"column":56}}],"line":33},"2":{"loc":{"start":{"line":42,"column":10},"end":{"line":42,"column":59}},"type":"binary-expr","locations":[{"start":{"line":42,"column":10},"end":{"line":42,"column":40}},{"start":{"line":42,"column":44},"end":{"line":42,"column":59}}],"line":42},"3":{"loc":{"start":{"line":51,"column":10},"end":{"line":51,"column":55}},"type":"binary-expr","locations":[{"start":{"line":51,"column":10},"end":{"line":51,"column":36}},{"start":{"line":51,"column":40},"end":{"line":51,"column":55}}],"line":51}},"s":{"0":0,"1":0,"2":0,"3":0,"4":0,"5":0,"6":0},"f":{"0":0,"1":0,"2":0,"3":0,"4":0},"b":{"0":[0,0],"1":[0,0],"2":[0,0],"3":[0,0]}}
,"/Users/style/Desktop/SongJournal/src/lyrics/subcomponents/SongDetail.tsx": {"path":"/Users/style/Desktop/SongJournal/src/lyrics/subcomponents/SongDetail.tsx","statementMap":{"0":{"start":{"line":12,"column":19},"end":{"line":26,"column":1}},"1":{"start":{"line":13,"column":41},"end":{"line":13,"column":46}},"2":{"start":{"line":14,"column":17},"end":{"line":14,"column":38}},"3":{"start":{"line":16,"column":2},"end":{"line":25,"column":4}}},"fnMap":{"0":{"name":"(anonymous_0)","decl":{"start":{"line":12,"column":19},"end":{"line":12,"column":20}},"loc":{"start":{"line":12,"column":37},"end":{"line":26,"column":1}},"line":12}},"branchMap":{"0":{"loc":{"start":{"line":17,"column":17},"end":{"line":17,"column":71}},"type":"cond-expr","locations":[{"start":{"line":17,"column":32},"end":{"line":17,"column":52}},{"start":{"line":17,"column":55},"end":{"line":17,"column":71}}],"line":17},"1":{"loc":{"start":{"line":19,"column":15},"end":{"line":19,"column":65}},"type":"cond-expr","locations":[{"start":{"line":19,"column":30},"end":{"line":19,"column":48}},{"start":{"line":19,"column":51},"end":{"line":19,"column":65}}],"line":19}},"s":{"0":0,"1":0,"2":0,"3":0},"f":{"0":0},"b":{"0":[0,0],"1":[0,0]}}
,"/Users/style/Desktop/SongJournal/src/navigation/AppNavigator.tsx": {"path":"/Users/style/Desktop/SongJournal/src/navigation/AppNavigator.tsx","statementMap":{"0":{"start":{"line":18,"column":21},"end":{"line":56,"column":1}},"1":{"start":{"line":19,"column":25},"end":{"line":19,"column":73}},"2":{"start":{"line":20,"column":17},"end":{"line":20,"column":34}},"3":{"start":{"line":22,"column":2},"end":{"line":55,"column":4}},"4":{"start":{"line":29,"column":51},"end":{"line":33,"column":11}},"5":{"start":{"line":32,"column":31},"end":{"line":32,"column":76}},"6":{"start":{"line":38,"column":52},"end":{"line":41,"column":11}}},"fnMap":{"0":{"name":"(anonymous_0)","decl":{"start":{"line":18,"column":21},"end":{"line":18,"column":22}},"loc":{"start":{"line":18,"column":27},"end":{"line":56,"column":1}},"line":18},"1":{"name":"(anonymous_1)","decl":{"start":{"line":29,"column":19},"end":{"line":29,"column":20}},"loc":{"start":{"line":29,"column":51},"end":{"line":33,"column":11}},"line":29},"2":{"name":"(anonymous_2)","decl":{"start":{"line":32,"column":25},"end":{"line":32,"column":26}},"loc":{"start":{"line":32,"column":31},"end":{"line":32,"column":76}},"line":32},"3":{"name":"(anonymous_3)","decl":{"start":{"line":38,"column":19},"end":{"line":38,"column":20}},"loc":{"start":{"line":38,"column":52},"end":{"line":41,"column":11}},"line":38}},"branchMap":{},"s":{"0":0,"1":0,"2":0,"3":0,"4":0,"5":0,"6":0},"f":{"0":0,"1":0,"2":0,"3":0},"b":{}}
,"/Users/style/Desktop/SongJournal/src/screens/HomeScreen.tsx": {"path":"/Users/style/Desktop/SongJournal/src/screens/HomeScreen.tsx","statementMap":{"0":{"start":{"line":16,"column":19},"end":{"line":62,"column":1}},"1":{"start":{"line":17,"column":25},"end":{"line":17,"column":40}},"2":{"start":{"line":18,"column":17},"end":{"line":18,"column":34}},"3":{"start":{"line":20,"column":38},"end":{"line":20,"column":53}},"4":{"start":{"line":22,"column":4},"end":{"line":22,"column":40}},"5":{"start":{"line":23,"column":48},"end":{"line":23,"column":72}},"6":{"start":{"line":24,"column":44},"end":{"line":24,"column":68}},"7":{"start":{"line":25,"column":52},"end":{"line":25,"column":76}},"8":{"start":{"line":26,"column":34},"end":{"line":26,"column":60}},"9":{"start":{"line":28,"column":2},"end":{"line":34,"column":34}},"10":{"start":{"line":29,"column":4},"end":{"line":33,"column":7}},"11":{"start":{"line":31,"column":8},"end":{"line":31,"column":76}},"12":{"start":{"line":36,"column":2},"end":{"line":61,"column":4}}},"fnMap":{"0":{"name":"(anonymous_0)","decl":{"start":{"line":16,"column":19},"end":{"line":16,"column":20}},"loc":{"start":{"line":16,"column":25},"end":{"line":62,"column":1}},"line":16},"1":{"name":"(anonymous_1)","decl":{"start":{"line":28,"column":18},"end":{"line":28,"column":19}},"loc":{"start":{"line":28,"column":24},"end":{"line":34,"column":3}},"line":28},"2":{"name":"(anonymous_2)","decl":{"start":{"line":30,"column":14},"end":{"line":30,"column":15}},"loc":{"start":{"line":31,"column":8},"end":{"line":31,"column":76}},"line":31}},"branchMap":{},"s":{"0":0,"1":0,"2":0,"3":0,"4":0,"5":0,"6":0,"7":0,"8":0,"9":0,"10":0,"11":0,"12":0},"f":{"0":0,"1":0,"2":0},"b":{}}
,"/Users/style/Desktop/SongJournal/src/screens/LyricsScreen.tsx": {"path":"/Users/style/Desktop/SongJournal/src/screens/LyricsScreen.tsx","statementMap":{"0":{"start":{"line":15,"column":21},"end":{"line":44,"column":1}},"1":{"start":{"line":16,"column":19},"end":{"line":16,"column":31}},"2":{"start":{"line":17,"column":19},"end":{"line":17,"column":23}},"3":{"start":{"line":18,"column":23},"end":{"line":18,"column":40}},"4":{"start":{"line":20,"column":25},"end":{"line":20,"column":40}},"5":{"start":{"line":21,"column":48},"end":{"line":21,"column":72}},"6":{"start":{"line":23,"column":2},"end":{"line":33,"column":44}},"7":{"start":{"line":24,"column":4},"end":{"line":32,"column":7}},"8":{"start":{"line":26,"column":8},"end":{"line":30,"column":10}},"9":{"start":{"line":35,"column":2},"end":{"line":43,"column":4}}},"fnMap":{"0":{"name":"(anonymous_0)","decl":{"start":{"line":15,"column":21},"end":{"line":15,"column":22}},"loc":{"start":{"line":15,"column":43},"end":{"line":44,"column":1}},"line":15},"1":{"name":"(anonymous_1)","decl":{"start":{"line":23,"column":18},"end":{"line":23,"column":19}},"loc":{"start":{"line":23,"column":24},"end":{"line":33,"column":3}},"line":23},"2":{"name":"(anonymous_2)","decl":{"start":{"line":25,"column":14},"end":{"line":25,"column":15}},"loc":{"start":{"line":26,"column":8},"end":{"line":30,"column":10}},"line":26}},"branchMap":{},"s":{"0":0,"1":0,"2":0,"3":0,"4":0,"5":0,"6":0,"7":0,"8":0,"9":0},"f":{"0":0,"1":0,"2":0},"b":{}}
,"/Users/style/Desktop/SongJournal/src/screens/MusicPlayerScreen.tsx": {"path":"/Users/style/Desktop/SongJournal/src/screens/MusicPlayerScreen.tsx","statementMap":{"0":{"start":{"line":5,"column":26},"end":{"line":13,"column":1}},"1":{"start":{"line":6,"column":23},"end":{"line":6,"column":40}},"2":{"start":{"line":8,"column":2},"end":{"line":12,"column":4}}},"fnMap":{"0":{"name":"(anonymous_0)","decl":{"start":{"line":5,"column":26},"end":{"line":5,"column":27}},"loc":{"start":{"line":5,"column":32},"end":{"line":13,"column":1}},"line":5}},"branchMap":{},"s":{"0":0,"1":0,"2":0},"f":{"0":0},"b":{}}
,"/Users/style/Desktop/SongJournal/src/screens/SettingsScreen.tsx": {"path":"/Users/style/Desktop/SongJournal/src/screens/SettingsScreen.tsx","statementMap":{"0":{"start":{"line":11,"column":23},"end":{"line":25,"column":1}},"1":{"start":{"line":12,"column":17},"end":{"line":12,"column":35}},"2":{"start":{"line":13,"column":23},"end":{"line":13,"column":40}},"3":{"start":{"line":15,"column":2},"end":{"line":24,"column":4}}},"fnMap":{"0":{"name":"(anonymous_0)","decl":{"start":{"line":11,"column":23},"end":{"line":11,"column":24}},"loc":{"start":{"line":11,"column":29},"end":{"line":25,"column":1}},"line":11}},"branchMap":{},"s":{"0":1,"1":1,"2":1,"3":1},"f":{"0":1},"b":{},"_coverageSchema":"1a1c01bbd47fc00a2c39e90264f33305004495a9","hash":"d8c6f8d2dfbc1ab58267ee8641953e02006a7922"}
,"/Users/style/Desktop/SongJournal/src/screens/SongScreen.tsx": {"path":"/Users/style/Desktop/SongJournal/src/screens/SongScreen.tsx","statementMap":{"0":{"start":{"line":21,"column":19},"end":{"line":86,"column":1}},"1":{"start":{"line":22,"column":19},"end":{"line":22,"column":31}},"2":{"start":{"line":23,"column":17},"end":{"line":23,"column":38}},"3":{"start":{"line":24,"column":23},"end":{"line":24,"column":40}},"4":{"start":{"line":26,"column":40},"end":{"line":26,"column":66}},"5":{"start":{"line":27,"column":40},"end":{"line":27,"column":64}},"6":{"start":{"line":28,"column":52},"end":{"line":28,"column":76}},"7":{"start":{"line":29,"column":50},"end":{"line":29,"column":74}},"8":{"start":{"line":31,"column":4},"end":{"line":31,"column":28}},"9":{"start":{"line":33,"column":24},"end":{"line":33,"column":49}},"10":{"start":{"line":34,"column":30},"end":{"line":34,"column":56}},"11":{"start":{"line":36,"column":2},"end":{"line":44,"column":5}},"12":{"start":{"line":37,"column":4},"end":{"line":39,"column":5}},"13":{"start":{"line":38,"column":6},"end":{"line":38,"column":45}},"14":{"start":{"line":46,"column":2},"end":{"line":85,"column":4}},"15":{"start":{"line":51,"column":12},"end":{"line":57,"column":14}}},"fnMap":{"0":{"name":"(anonymous_0)","decl":{"start":{"line":21,"column":19},"end":{"line":21,"column":20}},"loc":{"start":{"line":21,"column":41},"end":{"line":86,"column":1}},"line":21},"1":{"name":"(anonymous_1)","decl":{"start":{"line":36,"column":12},"end":{"line":36,"column":13}},"loc":{"start":{"line":36,"column":18},"end":{"line":40,"column":3}},"line":36},"2":{"name":"(anonymous_2)","decl":{"start":{"line":50,"column":21},"end":{"line":50,"column":22}},"loc":{"start":{"line":51,"column":12},"end":{"line":57,"column":14}},"line":51}},"branchMap":{"0":{"loc":{"start":{"line":37,"column":4},"end":{"line":39,"column":5}},"type":"if","locations":[{"start":{"line":37,"column":4},"end":{"line":39,"column":5}},{"start":{},"end":{}}],"line":37},"1":{"loc":{"start":{"line":37,"column":8},"end":{"line":37,"column":59}},"type":"binary-expr","locations":[{"start":{"line":37,"column":8},"end":{"line":37,"column":27}},{"start":{"line":37,"column":31},"end":{"line":37,"column":59}}],"line":37}},"s":{"0":0,"1":0,"2":0,"3":0,"4":0,"5":0,"6":0,"7":0,"8":0,"9":0,"10":0,"11":0,"12":0,"13":0,"14":0,"15":0},"f":{"0":0,"1":0,"2":0},"b":{"0":[0,0],"1":[0,0]}}
,"/Users/style/Desktop/SongJournal/src/settings/components/About.tsx": {"path":"/Users/style/Desktop/SongJournal/src/settings/components/About.tsx","statementMap":{"0":{"start":{"line":7,"column":14},"end":{"line":27,"column":1}},"1":{"start":{"line":8,"column":17},"end":{"line":8,"column":35}},"2":{"start":{"line":10,"column":2},"end":{"line":26,"column":4}}},"fnMap":{"0":{"name":"(anonymous_0)","decl":{"start":{"line":7,"column":14},"end":{"line":7,"column":15}},"loc":{"start":{"line":7,"column":20},"end":{"line":27,"column":1}},"line":7}},"branchMap":{},"s":{"0":1,"1":1,"2":1},"f":{"0":1},"b":{},"_coverageSchema":"1a1c01bbd47fc00a2c39e90264f33305004495a9","hash":"2d5527fc8d34650fe3d37eb3a25b80a232aeaabb"}
,"/Users/style/Desktop/SongJournal/src/settings/components/BackupAndSync.tsx": {"path":"/Users/style/Desktop/SongJournal/src/settings/components/BackupAndSync.tsx","statementMap":{"0":{"start":{"line":7,"column":22},"end":{"line":19,"column":1}},"1":{"start":{"line":8,"column":17},"end":{"line":8,"column":35}},"2":{"start":{"line":10,"column":2},"end":{"line":18,"column":4}}},"fnMap":{"0":{"name":"(anonymous_0)","decl":{"start":{"line":7,"column":22},"end":{"line":7,"column":23}},"loc":{"start":{"line":7,"column":28},"end":{"line":19,"column":1}},"line":7}},"branchMap":{},"s":{"0":1,"1":1,"2":1},"f":{"0":1},"b":{},"_coverageSchema":"1a1c01bbd47fc00a2c39e90264f33305004495a9","hash":"df1f3c367056fc03823cd2823f3bc4d477282a1b"}
,"/Users/style/Desktop/SongJournal/src/settings/components/Theme.tsx": {"path":"/Users/style/Desktop/SongJournal/src/settings/components/Theme.tsx","statementMap":{"0":{"start":{"line":10,"column":14},"end":{"line":21,"column":1}},"1":{"start":{"line":11,"column":17},"end":{"line":11,"column":35}},"2":{"start":{"line":13,"column":2},"end":{"line":20,"column":4}},"3":{"start":{"line":17,"column":8},"end":{"line":17,"column":54}}},"fnMap":{"0":{"name":"(anonymous_0)","decl":{"start":{"line":10,"column":14},"end":{"line":10,"column":15}},"loc":{"start":{"line":10,"column":20},"end":{"line":21,"column":1}},"line":10},"1":{"name":"(anonymous_1)","decl":{"start":{"line":16,"column":29},"end":{"line":16,"column":30}},"loc":{"start":{"line":17,"column":8},"end":{"line":17,"column":54}},"line":17}},"branchMap":{},"s":{"0":0,"1":0,"2":0,"3":0},"f":{"0":0,"1":0},"b":{}}
,"/Users/style/Desktop/SongJournal/src/settings/subcomponents/ColorThemeOption.tsx": {"path":"/Users/style/Desktop/SongJournal/src/settings/subcomponents/ColorThemeOption.tsx","statementMap":{"0":{"start":{"line":13,"column":25},"end":{"line":31,"column":1}},"1":{"start":{"line":14,"column":17},"end":{"line":14,"column":35}},"2":{"start":{"line":16,"column":37},"end":{"line":16,"column":52}},"3":{"start":{"line":17,"column":30},"end":{"line":17,"column":49}},"4":{"start":{"line":19,"column":18},"end":{"line":21,"column":3}},"5":{"start":{"line":20,"column":4},"end":{"line":20,"column":23}},"6":{"start":{"line":23,"column":2},"end":{"line":30,"column":4}}},"fnMap":{"0":{"name":"(anonymous_0)","decl":{"start":{"line":13,"column":25},"end":{"line":13,"column":26}},"loc":{"start":{"line":13,"column":47},"end":{"line":31,"column":1}},"line":13},"1":{"name":"(anonymous_1)","decl":{"start":{"line":19,"column":18},"end":{"line":19,"column":19}},"loc":{"start":{"line":19,"column":24},"end":{"line":21,"column":3}},"line":19}},"branchMap":{"0":{"loc":{"start":{"line":26,"column":13},"end":{"line":26,"column":47}},"type":"binary-expr","locations":[{"start":{"line":26,"column":13},"end":{"line":26,"column":23}},{"start":{"line":26,"column":27},"end":{"line":26,"column":47}}],"line":26}},"s":{"0":0,"1":0,"2":0,"3":0,"4":0,"5":0,"6":0},"f":{"0":0,"1":0},"b":{"0":[0,0]}}
,"/Users/style/Desktop/SongJournal/src/songFolder/components/NotesModal.tsx": {"path":"/Users/style/Desktop/SongJournal/src/songFolder/components/NotesModal.tsx","statementMap":{"0":{"start":{"line":16,"column":19},"end":{"line":62,"column":1}},"1":{"start":{"line":18,"column":4},"end":{"line":18,"column":9}},"2":{"start":{"line":19,"column":17},"end":{"line":19,"column":42}},"3":{"start":{"line":21,"column":27},"end":{"line":21,"column":38}},"4":{"start":{"line":22,"column":32},"end":{"line":22,"column":52}},"5":{"start":{"line":24,"column":2},"end":{"line":26,"column":37}},"6":{"start":{"line":25,"column":4},"end":{"line":25,"column":22}},"7":{"start":{"line":28,"column":22},"end":{"line":31,"column":3}},"8":{"start":{"line":29,"column":4},"end":{"line":29,"column":31}},"9":{"start":{"line":30,"column":4},"end":{"line":30,"column":31}},"10":{"start":{"line":32,"column":28},"end":{"line":32,"column":45}},"11":{"start":{"line":34,"column":2},"end":{"line":61,"column":4}},"12":{"start":{"line":48,"column":46},"end":{"line":48,"column":62}},"13":{"start":{"line":54,"column":27},"end":{"line":54,"column":31}}},"fnMap":{"0":{"name":"(anonymous_0)","decl":{"start":{"line":16,"column":19},"end":{"line":16,"column":20}},"loc":{"start":{"line":16,"column":37},"end":{"line":62,"column":1}},"line":16},"1":{"name":"(anonymous_1)","decl":{"start":{"line":24,"column":12},"end":{"line":24,"column":13}},"loc":{"start":{"line":24,"column":18},"end":{"line":26,"column":3}},"line":24},"2":{"name":"(anonymous_2)","decl":{"start":{"line":28,"column":22},"end":{"line":28,"column":23}},"loc":{"start":{"line":28,"column":28},"end":{"line":31,"column":3}},"line":28},"3":{"name":"(anonymous_3)","decl":{"start":{"line":48,"column":28},"end":{"line":48,"column":29}},"loc":{"start":{"line":48,"column":46},"end":{"line":48,"column":62}},"line":48},"4":{"name":"(anonymous_4)","decl":{"start":{"line":54,"column":21},"end":{"line":54,"column":22}},"loc":{"start":{"line":54,"column":27},"end":{"line":54,"column":31}},"line":54}},"branchMap":{},"s":{"0":0,"1":0,"2":0,"3":0,"4":0,"5":0,"6":0,"7":0,"8":0,"9":0,"10":0,"11":0,"12":0,"13":0},"f":{"0":0,"1":0,"2":0,"3":0,"4":0},"b":{}}
,"/Users/style/Desktop/SongJournal/src/songFolder/components/PermissionsNeededModal.tsx": {"path":"/Users/style/Desktop/SongJournal/src/songFolder/components/PermissionsNeededModal.tsx","statementMap":{"0":{"start":{"line":14,"column":31},"end":{"line":51,"column":1}},"1":{"start":{"line":18,"column":17},"end":{"line":18,"column":50}},"2":{"start":{"line":20,"column":18},"end":{"line":22,"column":3}},"3":{"start":{"line":21,"column":4},"end":{"line":21,"column":19}},"4":{"start":{"line":23,"column":22},"end":{"line":25,"column":3}},"5":{"start":{"line":24,"column":4},"end":{"line":24,"column":43}},"6":{"start":{"line":27,"column":2},"end":{"line":50,"column":4}}},"fnMap":{"0":{"name":"(anonymous_0)","decl":{"start":{"line":14,"column":31},"end":{"line":14,"column":32}},"loc":{"start":{"line":17,"column":13},"end":{"line":51,"column":1}},"line":17},"1":{"name":"(anonymous_1)","decl":{"start":{"line":20,"column":18},"end":{"line":20,"column":19}},"loc":{"start":{"line":20,"column":24},"end":{"line":22,"column":3}},"line":20},"2":{"name":"(anonymous_2)","decl":{"start":{"line":23,"column":22},"end":{"line":23,"column":23}},"loc":{"start":{"line":23,"column":28},"end":{"line":25,"column":3}},"line":23}},"branchMap":{},"s":{"0":0,"1":0,"2":0,"3":0,"4":0,"5":0,"6":0},"f":{"0":0,"1":0,"2":0},"b":{}}
,"/Users/style/Desktop/SongJournal/src/songFolder/components/SongTake.tsx": {"path":"/Users/style/Desktop/SongJournal/src/songFolder/components/SongTake.tsx","statementMap":{"0":{"start":{"line":20,"column":17},"end":{"line":61,"column":1}},"1":{"start":{"line":22,"column":4},"end":{"line":22,"column":9}},"2":{"start":{"line":23,"column":17},"end":{"line":23,"column":36}},"3":{"start":{"line":25,"column":34},"end":{"line":25,"column":78}},"4":{"start":{"line":25,"column":53},"end":{"line":25,"column":77}},"5":{"start":{"line":27,"column":2},"end":{"line":60,"column":4}},"6":{"start":{"line":38,"column":14},"end":{"line":38,"column":35}},"7":{"start":{"line":39,"column":14},"end":{"line":39,"column":40}},"8":{"start":{"line":47,"column":14},"end":{"line":47,"column":35}},"9":{"start":{"line":48,"column":14},"end":{"line":48,"column":41}}},"fnMap":{"0":{"name":"(anonymous_0)","decl":{"start":{"line":20,"column":17},"end":{"line":20,"column":18}},"loc":{"start":{"line":20,"column":35},"end":{"line":61,"column":1}},"line":20},"1":{"name":"(anonymous_1)","decl":{"start":{"line":25,"column":47},"end":{"line":25,"column":48}},"loc":{"start":{"line":25,"column":53},"end":{"line":25,"column":77}},"line":25},"2":{"name":"(anonymous_2)","decl":{"start":{"line":37,"column":21},"end":{"line":37,"column":22}},"loc":{"start":{"line":37,"column":27},"end":{"line":40,"column":13}},"line":37},"3":{"name":"(anonymous_3)","decl":{"start":{"line":46,"column":21},"end":{"line":46,"column":22}},"loc":{"start":{"line":46,"column":27},"end":{"line":49,"column":13}},"line":46}},"branchMap":{"0":{"loc":{"start":{"line":32,"column":11},"end":{"line":32,"column":39}},"type":"binary-expr","locations":[{"start":{"line":32,"column":11},"end":{"line":32,"column":23}},{"start":{"line":32,"column":27},"end":{"line":32,"column":39}}],"line":32}},"s":{"0":0,"1":0,"2":0,"3":0,"4":0,"5":0,"6":0,"7":0,"8":0,"9":0},"f":{"0":0,"1":0,"2":0,"3":0},"b":{"0":[0,0]}}
,"/Users/style/Desktop/SongJournal/src/songFolder/subcomponents/HeaderPageButton.tsx": {"path":"/Users/style/Desktop/SongJournal/src/songFolder/subcomponents/HeaderPageButton.tsx","statementMap":{"0":{"start":{"line":12,"column":25},"end":{"line":20,"column":1}},"1":{"start":{"line":13,"column":23},"end":{"line":13,"column":74}},"2":{"start":{"line":15,"column":2},"end":{"line":19,"column":4}},"3":{"start":{"line":16,"column":37},"end":{"line":16,"column":65}}},"fnMap":{"0":{"name":"(anonymous_0)","decl":{"start":{"line":12,"column":25},"end":{"line":12,"column":26}},"loc":{"start":{"line":12,"column":46},"end":{"line":20,"column":1}},"line":12},"1":{"name":"(anonymous_1)","decl":{"start":{"line":16,"column":31},"end":{"line":16,"column":32}},"loc":{"start":{"line":16,"column":37},"end":{"line":16,"column":65}},"line":16}},"branchMap":{},"s":{"0":0,"1":0,"2":0,"3":0},"f":{"0":0,"1":0},"b":{}}
,"/Users/style/Desktop/SongJournal/src/songFolder/subcomponents/RecordButton.tsx": {"path":"/Users/style/Desktop/SongJournal/src/songFolder/subcomponents/RecordButton.tsx","statementMap":{"0":{"start":{"line":14,"column":21},"end":{"line":34,"column":1}},"1":{"start":{"line":20,"column":6},"end":{"line":20,"column":11}},"2":{"start":{"line":21,"column":17},"end":{"line":21,"column":40}},"3":{"start":{"line":23,"column":18},"end":{"line":27,"column":3}},"4":{"start":{"line":24,"column":4},"end":{"line":26,"column":46}},"5":{"start":{"line":29,"column":2},"end":{"line":33,"column":4}}},"fnMap":{"0":{"name":"(anonymous_0)","decl":{"start":{"line":14,"column":21},"end":{"line":14,"column":22}},"loc":{"start":{"line":14,"column":39},"end":{"line":34,"column":1}},"line":14},"1":{"name":"(anonymous_1)","decl":{"start":{"line":23,"column":18},"end":{"line":23,"column":19}},"loc":{"start":{"line":23,"column":24},"end":{"line":27,"column":3}},"line":23}},"branchMap":{"0":{"loc":{"start":{"line":24,"column":4},"end":{"line":26,"column":45}},"type":"cond-expr","locations":[{"start":{"line":25,"column":8},"end":{"line":25,"column":35}},{"start":{"line":26,"column":8},"end":{"line":26,"column":45}}],"line":24}},"s":{"0":0,"1":0,"2":0,"3":0,"4":0,"5":0},"f":{"0":0,"1":0},"b":{"0":[0,0]}}
,"/Users/style/Desktop/SongJournal/src/styles/createNewSongButton.ts": {"path":"/Users/style/Desktop/SongJournal/src/styles/createNewSongButton.ts","statementMap":{"0":{"start":{"line":8,"column":37},"end":{"line":32,"column":1}},"1":{"start":{"line":9,"column":20},"end":{"line":9,"column":35}},"2":{"start":{"line":11,"column":44},"end":{"line":29,"column":4}},"3":{"start":{"line":31,"column":2},"end":{"line":31,"column":35}}},"fnMap":{"0":{"name":"(anonymous_0)","decl":{"start":{"line":8,"column":37},"end":{"line":8,"column":38}},"loc":{"start":{"line":8,"column":43},"end":{"line":32,"column":1}},"line":8}},"branchMap":{},"s":{"0":0,"1":0,"2":0,"3":0},"f":{"0":0},"b":{}}
,"/Users/style/Desktop/SongJournal/src/styles/deleteModal.ts": {"path":"/Users/style/Desktop/SongJournal/src/styles/deleteModal.ts","statementMap":{"0":{"start":{"line":14,"column":29},"end":{"line":58,"column":1}},"1":{"start":{"line":15,"column":20},"end":{"line":15,"column":35}},"2":{"start":{"line":17,"column":35},"end":{"line":55,"column":4}},"3":{"start":{"line":57,"column":2},"end":{"line":57,"column":26}}},"fnMap":{"0":{"name":"(anonymous_0)","decl":{"start":{"line":14,"column":29},"end":{"line":14,"column":30}},"loc":{"start":{"line":14,"column":35},"end":{"line":58,"column":1}},"line":14}},"branchMap":{},"s":{"0":0,"1":0,"2":0,"3":0},"f":{"0":0},"b":{}}
,"/Users/style/Desktop/SongJournal/src/styles/deleteRow.ts": {"path":"/Users/style/Desktop/SongJournal/src/styles/deleteRow.ts","statementMap":{"0":{"start":{"line":9,"column":26},"end":{"line":33,"column":1}},"1":{"start":{"line":10,"column":20},"end":{"line":10,"column":35}},"2":{"start":{"line":12,"column":33},"end":{"line":30,"column":4}},"3":{"start":{"line":32,"column":2},"end":{"line":32,"column":24}}},"fnMap":{"0":{"name":"(anonymous_0)","decl":{"start":{"line":9,"column":26},"end":{"line":9,"column":27}},"loc":{"start":{"line":9,"column":32},"end":{"line":33,"column":1}},"line":9}},"branchMap":{},"s":{"0":0,"1":0,"2":0,"3":0},"f":{"0":0},"b":{}}
,"/Users/style/Desktop/SongJournal/src/styles/global.ts": {"path":"/Users/style/Desktop/SongJournal/src/styles/global.ts","statementMap":{"0":{"start":{"line":9,"column":24},"end":{"line":28,"column":1}},"1":{"start":{"line":10,"column":20},"end":{"line":10,"column":35}},"2":{"start":{"line":12,"column":37},"end":{"line":25,"column":4}},"3":{"start":{"line":27,"column":2},"end":{"line":27,"column":22}}},"fnMap":{"0":{"name":"(anonymous_0)","decl":{"start":{"line":9,"column":24},"end":{"line":9,"column":25}},"loc":{"start":{"line":9,"column":30},"end":{"line":28,"column":1}},"line":9}},"branchMap":{},"s":{"0":0,"1":0,"2":0,"3":0},"f":{"0":0},"b":{}}
,"/Users/style/Desktop/SongJournal/src/styles/header.ts": {"path":"/Users/style/Desktop/SongJournal/src/styles/header.ts","statementMap":{"0":{"start":{"line":11,"column":24},"end":{"line":22,"column":1}},"1":{"start":{"line":12,"column":20},"end":{"line":12,"column":35}},"2":{"start":{"line":14,"column":31},"end":{"line":19,"column":3}},"3":{"start":{"line":21,"column":2},"end":{"line":21,"column":22}}},"fnMap":{"0":{"name":"(anonymous_0)","decl":{"start":{"line":11,"column":24},"end":{"line":11,"column":25}},"loc":{"start":{"line":11,"column":30},"end":{"line":22,"column":1}},"line":11}},"branchMap":{},"s":{"0":0,"1":0,"2":0,"3":0},"f":{"0":0},"b":{}}
,"/Users/style/Desktop/SongJournal/src/styles/homeFooter.ts": {"path":"/Users/style/Desktop/SongJournal/src/styles/homeFooter.ts","statementMap":{"0":{"start":{"line":8,"column":28},"end":{"line":26,"column":1}},"1":{"start":{"line":9,"column":20},"end":{"line":9,"column":35}},"2":{"start":{"line":11,"column":35},"end":{"line":23,"column":4}},"3":{"start":{"line":25,"column":2},"end":{"line":25,"column":26}}},"fnMap":{"0":{"name":"(anonymous_0)","decl":{"start":{"line":8,"column":28},"end":{"line":8,"column":29}},"loc":{"start":{"line":8,"column":34},"end":{"line":26,"column":1}},"line":8}},"branchMap":{},"s":{"0":0,"1":0,"2":0,"3":0},"f":{"0":0},"b":{}}
,"/Users/style/Desktop/SongJournal/src/styles/homeHeader.ts": {"path":"/Users/style/Desktop/SongJournal/src/styles/homeHeader.ts","statementMap":{"0":{"start":{"line":8,"column":28},"end":{"line":25,"column":1}},"1":{"start":{"line":9,"column":20},"end":{"line":9,"column":35}},"2":{"start":{"line":11,"column":35},"end":{"line":22,"column":4}},"3":{"start":{"line":24,"column":2},"end":{"line":24,"column":26}}},"fnMap":{"0":{"name":"(anonymous_0)","decl":{"start":{"line":8,"column":28},"end":{"line":8,"column":29}},"loc":{"start":{"line":8,"column":34},"end":{"line":25,"column":1}},"line":8}},"branchMap":{},"s":{"0":0,"1":0,"2":0,"3":0},"f":{"0":0},"b":{}}
,"/Users/style/Desktop/SongJournal/src/styles/infoModal.ts": {"path":"/Users/style/Desktop/SongJournal/src/styles/infoModal.ts","statementMap":{"0":{"start":{"line":15,"column":26},"end":{"line":71,"column":1}},"1":{"start":{"line":16,"column":20},"end":{"line":16,"column":35}},"2":{"start":{"line":18,"column":33},"end":{"line":68,"column":4}},"3":{"start":{"line":70,"column":2},"end":{"line":70,"column":24}}},"fnMap":{"0":{"name":"(anonymous_0)","decl":{"start":{"line":15,"column":26},"end":{"line":15,"column":27}},"loc":{"start":{"line":15,"column":32},"end":{"line":71,"column":1}},"line":15}},"branchMap":{},"s":{"0":0,"1":0,"2":0,"3":0},"f":{"0":0},"b":{}}
,"/Users/style/Desktop/SongJournal/src/styles/lyricsHeader.ts": {"path":"/Users/style/Desktop/SongJournal/src/styles/lyricsHeader.ts","statementMap":{"0":{"start":{"line":11,"column":30},"end":{"line":43,"column":1}},"1":{"start":{"line":12,"column":20},"end":{"line":12,"column":35}},"2":{"start":{"line":14,"column":37},"end":{"line":40,"column":4}},"3":{"start":{"line":42,"column":2},"end":{"line":42,"column":28}}},"fnMap":{"0":{"name":"(anonymous_0)","decl":{"start":{"line":11,"column":30},"end":{"line":11,"column":31}},"loc":{"start":{"line":11,"column":36},"end":{"line":43,"column":1}},"line":11}},"branchMap":{},"s":{"0":0,"1":0,"2":0,"3":0},"f":{"0":0},"b":{}}
,"/Users/style/Desktop/SongJournal/src/styles/lyricsSheet.ts": {"path":"/Users/style/Desktop/SongJournal/src/styles/lyricsSheet.ts","statementMap":{"0":{"start":{"line":14,"column":28},"end":{"line":65,"column":1}},"1":{"start":{"line":15,"column":20},"end":{"line":15,"column":35}},"2":{"start":{"line":17,"column":35},"end":{"line":62,"column":4}},"3":{"start":{"line":64,"column":2},"end":{"line":64,"column":26}}},"fnMap":{"0":{"name":"(anonymous_0)","decl":{"start":{"line":14,"column":28},"end":{"line":14,"column":29}},"loc":{"start":{"line":14,"column":34},"end":{"line":65,"column":1}},"line":14}},"branchMap":{},"s":{"0":0,"1":0,"2":0,"3":0},"f":{"0":0},"b":{}}
,"/Users/style/Desktop/SongJournal/src/styles/newSongModal.ts": {"path":"/Users/style/Desktop/SongJournal/src/styles/newSongModal.ts","statementMap":{"0":{"start":{"line":14,"column":29},"end":{"line":68,"column":1}},"1":{"start":{"line":15,"column":20},"end":{"line":15,"column":35}},"2":{"start":{"line":17,"column":36},"end":{"line":65,"column":4}},"3":{"start":{"line":67,"column":2},"end":{"line":67,"column":27}}},"fnMap":{"0":{"name":"(anonymous_0)","decl":{"start":{"line":14,"column":29},"end":{"line":14,"column":30}},"loc":{"start":{"line":14,"column":35},"end":{"line":68,"column":1}},"line":14}},"branchMap":{},"s":{"0":0,"1":0,"2":0,"3":0},"f":{"0":0},"b":{}}
,"/Users/style/Desktop/SongJournal/src/styles/permissionsNeededModal.ts": {"path":"/Users/style/Desktop/SongJournal/src/styles/permissionsNeededModal.ts","statementMap":{"0":{"start":{"line":12,"column":40},"end":{"line":49,"column":1}},"1":{"start":{"line":13,"column":20},"end":{"line":13,"column":35}},"2":{"start":{"line":15,"column":39},"end":{"line":46,"column":4}},"3":{"start":{"line":48,"column":2},"end":{"line":48,"column":30}}},"fnMap":{"0":{"name":"(anonymous_0)","decl":{"start":{"line":12,"column":40},"end":{"line":12,"column":41}},"loc":{"start":{"line":12,"column":46},"end":{"line":49,"column":1}},"line":12}},"branchMap":{},"s":{"0":0,"1":0,"2":0,"3":0},"f":{"0":0},"b":{}}
,"/Users/style/Desktop/SongJournal/src/styles/recordButton.ts": {"path":"/Users/style/Desktop/SongJournal/src/styles/recordButton.ts","statementMap":{"0":{"start":{"line":7,"column":30},"end":{"line":18,"column":1}},"1":{"start":{"line":8,"column":37},"end":{"line":15,"column":4}},"2":{"start":{"line":17,"column":2},"end":{"line":17,"column":28}}},"fnMap":{"0":{"name":"(anonymous_0)","decl":{"start":{"line":7,"column":30},"end":{"line":7,"column":31}},"loc":{"start":{"line":7,"column":36},"end":{"line":18,"column":1}},"line":7}},"branchMap":{},"s":{"0":0,"1":0,"2":0},"f":{"0":0},"b":{}}
,"/Users/style/Desktop/SongJournal/src/styles/saveAndCancelButtons.ts": {"path":"/Users/style/Desktop/SongJournal/src/styles/saveAndCancelButtons.ts","statementMap":{"0":{"start":{"line":8,"column":37},"end":{"line":22,"column":1}},"1":{"start":{"line":9,"column":44},"end":{"line":19,"column":4}},"2":{"start":{"line":21,"column":2},"end":{"line":21,"column":35}}},"fnMap":{"0":{"name":"(anonymous_0)","decl":{"start":{"line":8,"column":37},"end":{"line":8,"column":38}},"loc":{"start":{"line":8,"column":43},"end":{"line":22,"column":1}},"line":8}},"branchMap":{},"s":{"0":0,"1":0,"2":0},"f":{"0":0},"b":{}}
,"/Users/style/Desktop/SongJournal/src/styles/search.ts": {"path":"/Users/style/Desktop/SongJournal/src/styles/search.ts","statementMap":{"0":{"start":{"line":9,"column":26},"end":{"line":32,"column":1}},"1":{"start":{"line":10,"column":20},"end":{"line":10,"column":35}},"2":{"start":{"line":12,"column":33},"end":{"line":29,"column":4}},"3":{"start":{"line":31,"column":2},"end":{"line":31,"column":24}}},"fnMap":{"0":{"name":"(anonymous_0)","decl":{"start":{"line":9,"column":26},"end":{"line":9,"column":27}},"loc":{"start":{"line":9,"column":32},"end":{"line":32,"column":1}},"line":9}},"branchMap":{},"s":{"0":0,"1":0,"2":0,"3":0},"f":{"0":0},"b":{}}
,"/Users/style/Desktop/SongJournal/src/styles/settings.ts": {"path":"/Users/style/Desktop/SongJournal/src/styles/settings.ts","statementMap":{"0":{"start":{"line":15,"column":25},"end":{"line":65,"column":1}},"1":{"start":{"line":16,"column":20},"end":{"line":16,"column":35}},"2":{"start":{"line":18,"column":32},"end":{"line":62,"column":4}},"3":{"start":{"line":64,"column":2},"end":{"line":64,"column":23}}},"fnMap":{"0":{"name":"(anonymous_0)","decl":{"start":{"line":15,"column":25},"end":{"line":15,"column":26}},"loc":{"start":{"line":15,"column":31},"end":{"line":65,"column":1}},"line":15}},"branchMap":{},"s":{"0":0,"1":0,"2":0,"3":0},"f":{"0":0},"b":{}}
,"/Users/style/Desktop/SongJournal/src/styles/songDetail.ts": {"path":"/Users/style/Desktop/SongJournal/src/styles/songDetail.ts","statementMap":{"0":{"start":{"line":14,"column":28},"end":{"line":68,"column":1}},"1":{"start":{"line":15,"column":20},"end":{"line":15,"column":35}},"2":{"start":{"line":17,"column":35},"end":{"line":65,"column":4}},"3":{"start":{"line":67,"column":2},"end":{"line":67,"column":26}}},"fnMap":{"0":{"name":"(anonymous_0)","decl":{"start":{"line":14,"column":28},"end":{"line":14,"column":29}},"loc":{"start":{"line":14,"column":34},"end":{"line":68,"column":1}},"line":14}},"branchMap":{},"s":{"0":0,"1":0,"2":0,"3":0},"f":{"0":0},"b":{}}
,"/Users/style/Desktop/SongJournal/src/styles/songFolder.ts": {"path":"/Users/style/Desktop/SongJournal/src/styles/songFolder.ts","statementMap":{"0":{"start":{"line":16,"column":28},"end":{"line":79,"column":1}},"1":{"start":{"line":17,"column":20},"end":{"line":17,"column":35}},"2":{"start":{"line":19,"column":35},"end":{"line":76,"column":4}},"3":{"start":{"line":78,"column":2},"end":{"line":78,"column":26}}},"fnMap":{"0":{"name":"(anonymous_0)","decl":{"start":{"line":16,"column":28},"end":{"line":16,"column":29}},"loc":{"start":{"line":16,"column":34},"end":{"line":79,"column":1}},"line":16}},"branchMap":{},"s":{"0":0,"1":0,"2":0,"3":0},"f":{"0":0},"b":{}}
,"/Users/style/Desktop/SongJournal/src/styles/songScreen.ts": {"path":"/Users/style/Desktop/SongJournal/src/styles/songScreen.ts","statementMap":{"0":{"start":{"line":7,"column":28},"end":{"line":17,"column":1}},"1":{"start":{"line":8,"column":35},"end":{"line":14,"column":4}},"2":{"start":{"line":16,"column":2},"end":{"line":16,"column":26}}},"fnMap":{"0":{"name":"(anonymous_0)","decl":{"start":{"line":7,"column":28},"end":{"line":7,"column":29}},"loc":{"start":{"line":7,"column":34},"end":{"line":17,"column":1}},"line":7}},"branchMap":{},"s":{"0":0,"1":0,"2":0},"f":{"0":0},"b":{}}
,"/Users/style/Desktop/SongJournal/src/styles/songTake.ts": {"path":"/Users/style/Desktop/SongJournal/src/styles/songTake.ts","statementMap":{"0":{"start":{"line":14,"column":26},"end":{"line":65,"column":1}},"1":{"start":{"line":15,"column":20},"end":{"line":15,"column":35}},"2":{"start":{"line":17,"column":33},"end":{"line":62,"column":4}},"3":{"start":{"line":64,"column":2},"end":{"line":64,"column":24}}},"fnMap":{"0":{"name":"(anonymous_0)","decl":{"start":{"line":14,"column":26},"end":{"line":14,"column":27}},"loc":{"start":{"line":14,"column":32},"end":{"line":65,"column":1}},"line":14}},"branchMap":{},"s":{"0":0,"1":0,"2":0,"3":0},"f":{"0":0},"b":{}}
,"/Users/style/Desktop/SongJournal/src/styles/sortByModal.ts": {"path":"/Users/style/Desktop/SongJournal/src/styles/sortByModal.ts","statementMap":{"0":{"start":{"line":17,"column":29},"end":{"line":72,"column":1}},"1":{"start":{"line":18,"column":20},"end":{"line":18,"column":35}},"2":{"start":{"line":20,"column":36},"end":{"line":69,"column":4}},"3":{"start":{"line":71,"column":2},"end":{"line":71,"column":27}}},"fnMap":{"0":{"name":"(anonymous_0)","decl":{"start":{"line":17,"column":29},"end":{"line":17,"column":30}},"loc":{"start":{"line":17,"column":35},"end":{"line":72,"column":1}},"line":17}},"branchMap":{},"s":{"0":0,"1":0,"2":0,"3":0},"f":{"0":0},"b":{}}
,"/Users/style/Desktop/SongJournal/src/styles/takeNotesModal.ts": {"path":"/Users/style/Desktop/SongJournal/src/styles/takeNotesModal.ts","statementMap":{"0":{"start":{"line":14,"column":32},"end":{"line":68,"column":1}},"1":{"start":{"line":15,"column":20},"end":{"line":15,"column":35}},"2":{"start":{"line":17,"column":39},"end":{"line":65,"column":4}},"3":{"start":{"line":67,"column":2},"end":{"line":67,"column":30}}},"fnMap":{"0":{"name":"(anonymous_0)","decl":{"start":{"line":14,"column":32},"end":{"line":14,"column":33}},"loc":{"start":{"line":14,"column":38},"end":{"line":68,"column":1}},"line":14}},"branchMap":{},"s":{"0":0,"1":0,"2":0,"3":0},"f":{"0":0},"b":{}}
,"/Users/style/Desktop/SongJournal/src/theme/ThemeContext.tsx": {"path":"/Users/style/Desktop/SongJournal/src/theme/ThemeContext.tsx","statementMap":{"0":{"start":{"line":17,"column":58},"end":{"line":17,"column":77}},"1":{"start":{"line":23,"column":34},"end":{"line":36,"column":1}},"2":{"start":{"line":24,"column":36},"end":{"line":24,"column":69}},"3":{"start":{"line":25,"column":23},"end":{"line":25,"column":40}},"4":{"start":{"line":27,"column":22},"end":{"line":29,"column":3}},"5":{"start":{"line":28,"column":4},"end":{"line":28,"column":27}},"6":{"start":{"line":31,"column":2},"end":{"line":35,"column":4}},"7":{"start":{"line":38,"column":58},"end":{"line":39,"column":31}},"8":{"start":{"line":39,"column":2},"end":{"line":39,"column":31}}},"fnMap":{"0":{"name":"(anonymous_0)","decl":{"start":{"line":23,"column":34},"end":{"line":23,"column":35}},"loc":{"start":{"line":23,"column":59},"end":{"line":36,"column":1}},"line":23},"1":{"name":"(anonymous_1)","decl":{"start":{"line":27,"column":22},"end":{"line":27,"column":23}},"loc":{"start":{"line":27,"column":52},"end":{"line":29,"column":3}},"line":27},"2":{"name":"(anonymous_2)","decl":{"start":{"line":38,"column":58},"end":{"line":38,"column":59}},"loc":{"start":{"line":39,"column":2},"end":{"line":39,"column":31}},"line":39}},"branchMap":{},"s":{"0":0,"1":0,"2":0,"3":0,"4":0,"5":0,"6":0,"7":0,"8":0},"f":{"0":0,"1":0,"2":0},"b":{}}
,"/Users/style/Desktop/SongJournal/src/theme/colors.ts": {"path":"/Users/style/Desktop/SongJournal/src/theme/colors.ts","statementMap":{"0":{"start":{"line":1,"column":22},"end":{"line":28,"column":1}}},"fnMap":{},"branchMap":{},"s":{"0":0},"f":{},"b":{}}
,"/Users/style/Desktop/SongJournal/src/theme/themes.ts": {"path":"/Users/style/Desktop/SongJournal/src/theme/themes.ts","statementMap":{"0":{"start":{"line":14,"column":46},"end":{"line":69,"column":1}}},"fnMap":{},"branchMap":{},"s":{"0":0},"f":{},"b":{}}
,"/Users/style/Desktop/SongJournal/src/utils/permissions.ts": {"path":"/Users/style/Desktop/SongJournal/src/utils/permissions.ts","statementMap":{"0":{"start":{"line":3,"column":44},"end":{"line":11,"column":1}},"1":{"start":{"line":4,"column":2},"end":{"line":10,"column":3}},"2":{"start":{"line":5,"column":23},"end":{"line":5,"column":60}},"3":{"start":{"line":6,"column":4},"end":{"line":6,"column":18}},"4":{"start":{"line":8,"column":4},"end":{"line":8,"column":22}},"5":{"start":{"line":9,"column":4},"end":{"line":9,"column":16}}},"fnMap":{"0":{"name":"(anonymous_0)","decl":{"start":{"line":3,"column":44},"end":{"line":3,"column":45}},"loc":{"start":{"line":3,"column":56},"end":{"line":11,"column":1}},"line":3}},"branchMap":{},"s":{"0":0,"1":0,"2":0,"3":0,"4":0,"5":0},"f":{"0":0},"b":{}}
}
