{"/Users/style/Desktop/SongJournal/App.tsx": {"path":"/Users/style/Desktop/SongJournal/App.tsx","statementMap":{"0":{"start":{"line":11,"column":12},"end":{"line":27,"column":1}},"1":{"start":{"line":12,"column":2},"end":{"line":26,"column":27}}},"fnMap":{"0":{"name":"(anonymous_0)","decl":{"start":{"line":11,"column":12},"end":{"line":11,"column":13}},"loc":{"start":{"line":12,"column":2},"end":{"line":26,"column":27}},"line":12}},"branchMap":{},"s":{"0":0,"1":0},"f":{"0":0},"b":{}}
,"/Users/style/Desktop/SongJournal/src/App.tsx": {"path":"/Users/style/Desktop/SongJournal/src/App.tsx","statementMap":{"0":{"start":{"line":11,"column":12},"end":{"line":27,"column":1}},"1":{"start":{"line":12,"column":2},"end":{"line":26,"column":27}}},"fnMap":{"0":{"name":"(anonymous_0)","decl":{"start":{"line":11,"column":12},"end":{"line":11,"column":13}},"loc":{"start":{"line":12,"column":2},"end":{"line":26,"column":27}},"line":12}},"branchMap":{},"s":{"0":0,"1":0},"f":{"0":0},"b":{}}
,"/Users/style/Desktop/SongJournal/src/common/constants.ts": {"path":"/Users/style/Desktop/SongJournal/src/common/constants.ts","statementMap":{"0":{"start":{"line":14,"column":59},"end":{"line":19,"column":1}},"1":{"start":{"line":21,"column":51},"end":{"line":28,"column":1}},"2":{"start":{"line":30,"column":42},"end":{"line":34,"column":1}},"3":{"start":{"line":36,"column":32},"end":{"line":43,"column":1}},"4":{"start":{"line":45,"column":32},"end":{"line":52,"column":1}},"5":{"start":{"line":55,"column":2},"end":{"line":55,"column":63}},"6":{"start":{"line":58,"column":2},"end":{"line":58,"column":110}},"7":{"start":{"line":60,"column":49},"end":{"line":64,"column":1}},"8":{"start":{"line":66,"column":36},"end":{"line":66,"column":66}},"9":{"start":{"line":68,"column":34},"end":{"line":68,"column":68}},"10":{"start":{"line":70,"column":34},"end":{"line":320,"column":1}}},"fnMap":{},"branchMap":{},"s":{"0":1,"1":1,"2":1,"3":1,"4":1,"5":1,"6":1,"7":1,"8":1,"9":1,"10":1},"f":{},"b":{},"_coverageSchema":"1a1c01bbd47fc00a2c39e90264f33305004495a9","hash":"5ed465ed89428fa5897a53e3274acecf6617e26c"}
,"/Users/style/Desktop/SongJournal/src/common/enums.ts": {"path":"/Users/style/Desktop/SongJournal/src/common/enums.ts","statementMap":{"0":{"start":{"line":1,"column":31},"end":{"line":1,"column":56}},"1":{"start":{"line":3,"column":27},"end":{"line":16,"column":1}}},"fnMap":{},"branchMap":{},"s":{"0":0,"1":0},"f":{},"b":{}}
,"/Users/style/Desktop/SongJournal/src/common/hooks.ts": {"path":"/Users/style/Desktop/SongJournal/src/common/hooks.ts","statementMap":{"0":{"start":{"line":4,"column":30},"end":{"line":4,"column":66}},"1":{"start":{"line":6,"column":30},"end":{"line":6,"column":64}}},"fnMap":{},"branchMap":{},"s":{"0":0,"1":0},"f":{},"b":{}}
,"/Users/style/Desktop/SongJournal/src/common/types.ts": {"path":"/Users/style/Desktop/SongJournal/src/common/types.ts","statementMap":{},"fnMap":{},"branchMap":{},"s":{},"f":{},"b":{}}
,"/Users/style/Desktop/SongJournal/src/common/components/DeleteModal.tsx": {"path":"/Users/style/Desktop/SongJournal/src/common/components/DeleteModal.tsx","statementMap":{"0":{"start":{"line":20,"column":20},"end":{"line":60,"column":1}},"1":{"start":{"line":21,"column":17},"end":{"line":21,"column":39}},"2":{"start":{"line":22,"column":13},"end":{"line":22,"column":31}},"3":{"start":{"line":23,"column":19},"end":{"line":23,"column":35}},"4":{"start":{"line":25,"column":48},"end":{"line":25,"column":53}},"5":{"start":{"line":26,"column":24},"end":{"line":26,"column":32}},"6":{"start":{"line":28,"column":22},"end":{"line":30,"column":3}},"7":{"start":{"line":29,"column":4},"end":{"line":29,"column":37}},"8":{"start":{"line":32,"column":24},"end":{"line":37,"column":3}},"9":{"start":{"line":33,"column":4},"end":{"line":33,"column":29}},"10":{"start":{"line":35,"column":4},"end":{"line":35,"column":29}},"11":{"start":{"line":36,"column":4},"end":{"line":36,"column":37}},"12":{"start":{"line":39,"column":2},"end":{"line":59,"column":4}}},"fnMap":{"0":{"name":"(anonymous_0)","decl":{"start":{"line":20,"column":20},"end":{"line":20,"column":21}},"loc":{"start":{"line":20,"column":38},"end":{"line":60,"column":1}},"line":20},"1":{"name":"(anonymous_1)","decl":{"start":{"line":28,"column":22},"end":{"line":28,"column":23}},"loc":{"start":{"line":28,"column":34},"end":{"line":30,"column":3}},"line":28},"2":{"name":"(anonymous_2)","decl":{"start":{"line":32,"column":24},"end":{"line":32,"column":25}},"loc":{"start":{"line":32,"column":36},"end":{"line":37,"column":3}},"line":32}},"branchMap":{},"s":{"0":0,"1":0,"2":0,"3":0,"4":0,"5":0,"6":0,"7":0,"8":0,"9":0,"10":0,"11":0,"12":0},"f":{"0":0,"1":0,"2":0},"b":{}}
,"/Users/style/Desktop/SongJournal/src/common/components/LoadingIndicator.tsx": {"path":"/Users/style/Desktop/SongJournal/src/common/components/LoadingIndicator.tsx","statementMap":{"0":{"start":{"line":5,"column":25},"end":{"line":13,"column":1}},"1":{"start":{"line":6,"column":17},"end":{"line":6,"column":44}},"2":{"start":{"line":8,"column":2},"end":{"line":12,"column":4}}},"fnMap":{"0":{"name":"(anonymous_0)","decl":{"start":{"line":5,"column":25},"end":{"line":5,"column":26}},"loc":{"start":{"line":5,"column":31},"end":{"line":13,"column":1}},"line":5}},"branchMap":{},"s":{"0":0,"1":0,"2":0},"f":{"0":0},"b":{}}
,"/Users/style/Desktop/SongJournal/src/common/components/RecordButton.tsx": {"path":"/Users/style/Desktop/SongJournal/src/common/components/RecordButton.tsx","statementMap":{"0":{"start":{"line":13,"column":21},"end":{"line":19,"column":1}},"1":{"start":{"line":14,"column":2},"end":{"line":18,"column":4}}},"fnMap":{"0":{"name":"(anonymous_0)","decl":{"start":{"line":13,"column":21},"end":{"line":13,"column":22}},"loc":{"start":{"line":13,"column":65},"end":{"line":19,"column":1}},"line":13}},"branchMap":{"0":{"loc":{"start":{"line":16,"column":7},"end":{"line":16,"column":56}},"type":"cond-expr","locations":[{"start":{"line":16,"column":21},"end":{"line":16,"column":39}},{"start":{"line":16,"column":42},"end":{"line":16,"column":56}}],"line":16}},"s":{"0":0,"1":0},"f":{"0":0},"b":{"0":[0,0]}}
,"/Users/style/Desktop/SongJournal/src/common/components/SaveAndCancelButtons.tsx": {"path":"/Users/style/Desktop/SongJournal/src/common/components/SaveAndCancelButtons.tsx","statementMap":{"0":{"start":{"line":15,"column":29},"end":{"line":40,"column":1}},"1":{"start":{"line":22,"column":6},"end":{"line":22,"column":11}},"2":{"start":{"line":23,"column":17},"end":{"line":23,"column":47}},"3":{"start":{"line":25,"column":2},"end":{"line":39,"column":4}}},"fnMap":{"0":{"name":"(anonymous_0)","decl":{"start":{"line":15,"column":29},"end":{"line":15,"column":30}},"loc":{"start":{"line":15,"column":47},"end":{"line":40,"column":1}},"line":15}},"branchMap":{"0":{"loc":{"start":{"line":19,"column":4},"end":{"line":19,"column":20}},"type":"default-arg","locations":[{"start":{"line":19,"column":15},"end":{"line":19,"column":20}}],"line":19},"1":{"loc":{"start":{"line":20,"column":4},"end":{"line":20,"column":25}},"type":"default-arg","locations":[{"start":{"line":20,"column":19},"end":{"line":20,"column":25}}],"line":20},"2":{"loc":{"start":{"line":21,"column":4},"end":{"line":21,"column":29}},"type":"default-arg","locations":[{"start":{"line":21,"column":21},"end":{"line":21,"column":29}}],"line":21}},"s":{"0":0,"1":0,"2":0,"3":0},"f":{"0":0},"b":{"0":[0],"1":[0],"2":[0]}}
,"/Users/style/Desktop/SongJournal/src/common/components/StyledText.tsx": {"path":"/Users/style/Desktop/SongJournal/src/common/components/StyledText.tsx","statementMap":{"0":{"start":{"line":10,"column":19},"end":{"line":14,"column":1}},"1":{"start":{"line":11,"column":22},"end":{"line":11,"column":39}},"2":{"start":{"line":13,"column":2},"end":{"line":13,"column":67}}},"fnMap":{"0":{"name":"(anonymous_0)","decl":{"start":{"line":10,"column":19},"end":{"line":10,"column":20}},"loc":{"start":{"line":10,"column":51},"end":{"line":14,"column":1}},"line":10}},"branchMap":{},"s":{"0":0,"1":0,"2":0},"f":{"0":0},"b":{}}
,"/Users/style/Desktop/SongJournal/src/database/db.ts": {"path":"/Users/style/Desktop/SongJournal/src/database/db.ts","statementMap":{"0":{"start":{"line":4,"column":2},"end":{"line":4,"column":198}},"1":{"start":{"line":7,"column":2},"end":{"line":7,"column":229}},"2":{"start":{"line":10,"column":2},"end":{"line":10,"column":244}},"3":{"start":{"line":12,"column":33},"end":{"line":35,"column":1}},"4":{"start":{"line":13,"column":27},"end":{"line":13,"column":28}},"5":{"start":{"line":14,"column":17},"end":{"line":16,"column":3}},"6":{"start":{"line":17,"column":25},"end":{"line":17,"column":44}},"7":{"start":{"line":19,"column":2},"end":{"line":22,"column":3}},"8":{"start":{"line":20,"column":4},"end":{"line":20,"column":64}},"9":{"start":{"line":21,"column":4},"end":{"line":21,"column":11}},"10":{"start":{"line":23,"column":2},"end":{"line":32,"column":3}},"11":{"start":{"line":24,"column":4},"end":{"line":29,"column":6}},"12":{"start":{"line":31,"column":4},"end":{"line":31,"column":25}},"13":{"start":{"line":34,"column":2},"end":{"line":34,"column":66}}},"fnMap":{"0":{"name":"(anonymous_0)","decl":{"start":{"line":12,"column":33},"end":{"line":12,"column":34}},"loc":{"start":{"line":12,"column":63},"end":{"line":35,"column":1}},"line":12}},"branchMap":{"0":{"loc":{"start":{"line":19,"column":2},"end":{"line":22,"column":3}},"type":"if","locations":[{"start":{"line":19,"column":2},"end":{"line":22,"column":3}},{"start":{},"end":{}}],"line":19},"1":{"loc":{"start":{"line":23,"column":2},"end":{"line":32,"column":3}},"type":"if","locations":[{"start":{"line":23,"column":2},"end":{"line":32,"column":3}},{"start":{},"end":{}}],"line":23}},"s":{"0":0,"1":0,"2":0,"3":0,"4":0,"5":0,"6":0,"7":0,"8":0,"9":0,"10":0,"11":0,"12":0,"13":0},"f":{"0":0},"b":{"0":[0,0],"1":[0,0]}}
,"/Users/style/Desktop/SongJournal/src/home/components/CreateNewSongButton.tsx": {"path":"/Users/style/Desktop/SongJournal/src/home/components/CreateNewSongButton.tsx","statementMap":{"0":{"start":{"line":11,"column":28},"end":{"line":23,"column":1}},"1":{"start":{"line":12,"column":17},"end":{"line":12,"column":47}},"2":{"start":{"line":14,"column":2},"end":{"line":22,"column":4}},"3":{"start":{"line":17,"column":21},"end":{"line":17,"column":43}}},"fnMap":{"0":{"name":"(anonymous_0)","decl":{"start":{"line":11,"column":28},"end":{"line":11,"column":29}},"loc":{"start":{"line":11,"column":61},"end":{"line":23,"column":1}},"line":11},"1":{"name":"(anonymous_1)","decl":{"start":{"line":17,"column":15},"end":{"line":17,"column":16}},"loc":{"start":{"line":17,"column":21},"end":{"line":17,"column":43}},"line":17}},"branchMap":{},"s":{"0":1,"1":2,"2":2,"3":1},"f":{"0":2,"1":1},"b":{},"_coverageSchema":"1a1c01bbd47fc00a2c39e90264f33305004495a9","hash":"6991dd0978b861a715ce48f393adfb0be31e40a9"}
,"/Users/style/Desktop/SongJournal/src/home/components/Footer.tsx": {"path":"/Users/style/Desktop/SongJournal/src/home/components/Footer.tsx","statementMap":{"0":{"start":{"line":11,"column":15},"end":{"line":34,"column":1}},"1":{"start":{"line":12,"column":23},"end":{"line":12,"column":74}},"2":{"start":{"line":13,"column":17},"end":{"line":13,"column":38}},"3":{"start":{"line":15,"column":2},"end":{"line":33,"column":4}},"4":{"start":{"line":21,"column":23},"end":{"line":21,"column":46}},"5":{"start":{"line":27,"column":23},"end":{"line":27,"column":43}}},"fnMap":{"0":{"name":"(anonymous_0)","decl":{"start":{"line":11,"column":15},"end":{"line":11,"column":16}},"loc":{"start":{"line":11,"column":21},"end":{"line":34,"column":1}},"line":11},"1":{"name":"(anonymous_1)","decl":{"start":{"line":21,"column":17},"end":{"line":21,"column":18}},"loc":{"start":{"line":21,"column":23},"end":{"line":21,"column":46}},"line":21},"2":{"name":"(anonymous_2)","decl":{"start":{"line":27,"column":17},"end":{"line":27,"column":18}},"loc":{"start":{"line":27,"column":23},"end":{"line":27,"column":43}},"line":27}},"branchMap":{},"s":{"0":1,"1":3,"2":3,"3":3,"4":1,"5":1},"f":{"0":3,"1":1,"2":1},"b":{},"_coverageSchema":"1a1c01bbd47fc00a2c39e90264f33305004495a9","hash":"38e572e563d15233c52515d3727c8a02b33efbb3"}
,"/Users/style/Desktop/SongJournal/src/home/components/HomeHeader.tsx": {"path":"/Users/style/Desktop/SongJournal/src/home/components/HomeHeader.tsx","statementMap":{"0":{"start":{"line":14,"column":19},"end":{"line":26,"column":1}},"1":{"start":{"line":15,"column":21},"end":{"line":15,"column":53}},"2":{"start":{"line":15,"column":27},"end":{"line":15,"column":53}},"3":{"start":{"line":16,"column":17},"end":{"line":16,"column":38}},"4":{"start":{"line":18,"column":2},"end":{"line":25,"column":4}}},"fnMap":{"0":{"name":"(anonymous_0)","decl":{"start":{"line":14,"column":19},"end":{"line":14,"column":20}},"loc":{"start":{"line":14,"column":61},"end":{"line":26,"column":1}},"line":14},"1":{"name":"(anonymous_1)","decl":{"start":{"line":15,"column":21},"end":{"line":15,"column":22}},"loc":{"start":{"line":15,"column":27},"end":{"line":15,"column":53}},"line":15}},"branchMap":{"0":{"loc":{"start":{"line":22,"column":9},"end":{"line":22,"column":57}},"type":"cond-expr","locations":[{"start":{"line":22,"column":22},"end":{"line":22,"column":38}},{"start":{"line":22,"column":41},"end":{"line":22,"column":57}}],"line":22}},"s":{"0":0,"1":0,"2":0,"3":0,"4":0},"f":{"0":0,"1":0},"b":{"0":[0,0]}}
,"/Users/style/Desktop/SongJournal/src/home/components/NewSongModal.tsx": {"path":"/Users/style/Desktop/SongJournal/src/home/components/NewSongModal.tsx","statementMap":{"0":{"start":{"line":19,"column":21},"end":{"line":73,"column":1}},"1":{"start":{"line":20,"column":13},"end":{"line":20,"column":31}},"2":{"start":{"line":21,"column":19},"end":{"line":21,"column":35}},"3":{"start":{"line":23,"column":4},"end":{"line":23,"column":55}},"4":{"start":{"line":24,"column":17},"end":{"line":24,"column":39}},"5":{"start":{"line":26,"column":36},"end":{"line":26,"column":48}},"6":{"start":{"line":27,"column":22},"end":{"line":30,"column":3}},"7":{"start":{"line":28,"column":4},"end":{"line":28,"column":28}},"8":{"start":{"line":29,"column":4},"end":{"line":29,"column":21}},"9":{"start":{"line":32,"column":28},"end":{"line":32,"column":38}},"10":{"start":{"line":34,"column":22},"end":{"line":38,"column":3}},"11":{"start":{"line":35,"column":4},"end":{"line":35,"column":58}},"12":{"start":{"line":37,"column":4},"end":{"line":37,"column":21}},"13":{"start":{"line":40,"column":2},"end":{"line":47,"column":4}},"14":{"start":{"line":42,"column":6},"end":{"line":45,"column":8}},"15":{"start":{"line":43,"column":8},"end":{"line":43,"column":32}},"16":{"start":{"line":44,"column":8},"end":{"line":44,"column":25}},"17":{"start":{"line":49,"column":2},"end":{"line":72,"column":4}},"18":{"start":{"line":62,"column":45},"end":{"line":62,"column":64}}},"fnMap":{"0":{"name":"(anonymous_0)","decl":{"start":{"line":19,"column":21},"end":{"line":19,"column":22}},"loc":{"start":{"line":19,"column":69},"end":{"line":73,"column":1}},"line":19},"1":{"name":"(anonymous_1)","decl":{"start":{"line":27,"column":22},"end":{"line":27,"column":23}},"loc":{"start":{"line":27,"column":28},"end":{"line":30,"column":3}},"line":27},"2":{"name":"(anonymous_2)","decl":{"start":{"line":34,"column":22},"end":{"line":34,"column":23}},"loc":{"start":{"line":34,"column":28},"end":{"line":38,"column":3}},"line":34},"3":{"name":"(anonymous_3)","decl":{"start":{"line":41,"column":4},"end":{"line":41,"column":5}},"loc":{"start":{"line":42,"column":6},"end":{"line":45,"column":8}},"line":42},"4":{"name":"(anonymous_4)","decl":{"start":{"line":42,"column":26},"end":{"line":42,"column":27}},"loc":{"start":{"line":42,"column":32},"end":{"line":45,"column":7}},"line":42},"5":{"name":"(anonymous_5)","decl":{"start":{"line":62,"column":26},"end":{"line":62,"column":27}},"loc":{"start":{"line":62,"column":45},"end":{"line":62,"column":64}},"line":62}},"branchMap":{},"s":{"0":0,"1":0,"2":0,"3":0,"4":0,"5":0,"6":0,"7":0,"8":0,"9":0,"10":0,"11":0,"12":0,"13":0,"14":0,"15":0,"16":0,"17":0,"18":0},"f":{"0":0,"1":0,"2":0,"3":0,"4":0,"5":0},"b":{}}
,"/Users/style/Desktop/SongJournal/src/home/components/SongFolders.tsx": {"path":"/Users/style/Desktop/SongJournal/src/home/components/SongFolders.tsx","statementMap":{"0":{"start":{"line":25,"column":20},"end":{"line":58,"column":1}},"1":{"start":{"line":26,"column":74},"end":{"line":26,"column":79}},"2":{"start":{"line":27,"column":29},"end":{"line":27,"column":45}},"3":{"start":{"line":28,"column":16},"end":{"line":28,"column":43}},"4":{"start":{"line":30,"column":22},"end":{"line":35,"column":3}},"5":{"start":{"line":37,"column":2},"end":{"line":57,"column":4}},"6":{"start":{"line":46,"column":8},"end":{"line":46,"column":79}},"7":{"start":{"line":49,"column":8},"end":{"line":53,"column":10}}},"fnMap":{"0":{"name":"(anonymous_0)","decl":{"start":{"line":25,"column":20},"end":{"line":25,"column":21}},"loc":{"start":{"line":25,"column":38},"end":{"line":58,"column":1}},"line":25},"1":{"name":"(anonymous_1)","decl":{"start":{"line":45,"column":18},"end":{"line":45,"column":19}},"loc":{"start":{"line":45,"column":54},"end":{"line":47,"column":7}},"line":45},"2":{"name":"(anonymous_2)","decl":{"start":{"line":48,"column":24},"end":{"line":48,"column":25}},"loc":{"start":{"line":49,"column":8},"end":{"line":53,"column":10}},"line":49}},"branchMap":{},"s":{"0":0,"1":0,"2":0,"3":0,"4":0,"5":0,"6":0,"7":0},"f":{"0":0,"1":0,"2":0},"b":{}}
,"/Users/style/Desktop/SongJournal/src/home/components/SortByModal.tsx": {"path":"/Users/style/Desktop/SongJournal/src/home/components/SortByModal.tsx","statementMap":{"0":{"start":{"line":20,"column":20},"end":{"line":55,"column":1}},"1":{"start":{"line":30,"column":6},"end":{"line":30,"column":11}},"2":{"start":{"line":31,"column":17},"end":{"line":31,"column":39}},"3":{"start":{"line":32,"column":22},"end":{"line":32,"column":48}},"4":{"start":{"line":32,"column":28},"end":{"line":32,"column":48}},"5":{"start":{"line":36,"column":2},"end":{"line":54,"column":4}}},"fnMap":{"0":{"name":"(anonymous_0)","decl":{"start":{"line":20,"column":20},"end":{"line":20,"column":21}},"loc":{"start":{"line":20,"column":38},"end":{"line":55,"column":1}},"line":20},"1":{"name":"(anonymous_1)","decl":{"start":{"line":32,"column":22},"end":{"line":32,"column":23}},"loc":{"start":{"line":32,"column":28},"end":{"line":32,"column":48}},"line":32}},"branchMap":{},"s":{"0":0,"1":0,"2":0,"3":0,"4":0,"5":0},"f":{"0":0,"1":0},"b":{}}
,"/Users/style/Desktop/SongJournal/src/home/subcomponents/DeleteRow.tsx": {"path":"/Users/style/Desktop/SongJournal/src/home/subcomponents/DeleteRow.tsx","statementMap":{"0":{"start":{"line":14,"column":18},"end":{"line":29,"column":1}},"1":{"start":{"line":15,"column":17},"end":{"line":15,"column":38}},"2":{"start":{"line":16,"column":37},"end":{"line":16,"column":42}},"3":{"start":{"line":18,"column":24},"end":{"line":20,"column":3}},"4":{"start":{"line":19,"column":4},"end":{"line":19,"column":45}},"5":{"start":{"line":22,"column":2},"end":{"line":28,"column":4}}},"fnMap":{"0":{"name":"(anonymous_0)","decl":{"start":{"line":14,"column":18},"end":{"line":14,"column":19}},"loc":{"start":{"line":14,"column":36},"end":{"line":29,"column":1}},"line":14},"1":{"name":"(anonymous_1)","decl":{"start":{"line":18,"column":24},"end":{"line":18,"column":25}},"loc":{"start":{"line":18,"column":30},"end":{"line":20,"column":3}},"line":18}},"branchMap":{},"s":{"0":0,"1":0,"2":0,"3":0,"4":0,"5":0},"f":{"0":0,"1":0},"b":{}}
,"/Users/style/Desktop/SongJournal/src/home/subcomponents/PlaybackBar.tsx": {"path":"/Users/style/Desktop/SongJournal/src/home/subcomponents/PlaybackBar.tsx","statementMap":{"0":{"start":{"line":6,"column":20},"end":{"line":10,"column":1}},"1":{"start":{"line":7,"column":17},"end":{"line":7,"column":38}},"2":{"start":{"line":9,"column":2},"end":{"line":9,"column":45}}},"fnMap":{"0":{"name":"(anonymous_0)","decl":{"start":{"line":6,"column":20},"end":{"line":6,"column":21}},"loc":{"start":{"line":6,"column":26},"end":{"line":10,"column":1}},"line":6}},"branchMap":{},"s":{"0":0,"1":0,"2":0},"f":{"0":0},"b":{}}
,"/Users/style/Desktop/SongJournal/src/home/subcomponents/SearchBar.tsx": {"path":"/Users/style/Desktop/SongJournal/src/home/subcomponents/SearchBar.tsx","statementMap":{"0":{"start":{"line":7,"column":18},"end":{"line":22,"column":1}},"1":{"start":{"line":8,"column":17},"end":{"line":8,"column":36}},"2":{"start":{"line":9,"column":38},"end":{"line":9,"column":50}},"3":{"start":{"line":11,"column":2},"end":{"line":21,"column":4}},"4":{"start":{"line":17,"column":40},"end":{"line":17,"column":59}}},"fnMap":{"0":{"name":"(anonymous_0)","decl":{"start":{"line":7,"column":18},"end":{"line":7,"column":19}},"loc":{"start":{"line":7,"column":24},"end":{"line":22,"column":1}},"line":7},"1":{"name":"(anonymous_1)","decl":{"start":{"line":17,"column":22},"end":{"line":17,"column":23}},"loc":{"start":{"line":17,"column":40},"end":{"line":17,"column":59}},"line":17}},"branchMap":{},"s":{"0":0,"1":0,"2":0,"3":0,"4":0},"f":{"0":0,"1":0},"b":{}}
,"/Users/style/Desktop/SongJournal/src/home/subcomponents/SongFolder.tsx": {"path":"/Users/style/Desktop/SongJournal/src/home/subcomponents/SongFolder.tsx","statementMap":{"0":{"start":{"line":30,"column":19},"end":{"line":126,"column":1}},"1":{"start":{"line":31,"column":23},"end":{"line":31,"column":74}},"2":{"start":{"line":32,"column":17},"end":{"line":32,"column":38}},"3":{"start":{"line":33,"column":19},"end":{"line":33,"column":35}},"4":{"start":{"line":34,"column":13},"end":{"line":34,"column":31}},"5":{"start":{"line":36,"column":28},"end":{"line":36,"column":32}},"6":{"start":{"line":37,"column":36},"end":{"line":37,"column":51}},"7":{"start":{"line":38,"column":36},"end":{"line":38,"column":51}},"8":{"start":{"line":39,"column":34},"end":{"line":39,"column":57}},"9":{"start":{"line":41,"column":19},"end":{"line":41,"column":49}},"10":{"start":{"line":43,"column":32},"end":{"line":43,"column":63}},"11":{"start":{"line":44,"column":20},"end":{"line":44,"column":51}},"12":{"start":{"line":46,"column":31},"end":{"line":46,"column":76}},"13":{"start":{"line":48,"column":24},"end":{"line":50,"column":3}},"14":{"start":{"line":49,"column":4},"end":{"line":49,"column":23}},"15":{"start":{"line":52,"column":25},"end":{"line":54,"column":3}},"16":{"start":{"line":53,"column":4},"end":{"line":53,"column":24}},"17":{"start":{"line":56,"column":34},"end":{"line":62,"column":3}},"18":{"start":{"line":57,"column":4},"end":{"line":57,"column":39}},"19":{"start":{"line":58,"column":4},"end":{"line":60,"column":5}},"20":{"start":{"line":59,"column":6},"end":{"line":59,"column":49}},"21":{"start":{"line":61,"column":4},"end":{"line":61,"column":21}},"22":{"start":{"line":65,"column":21},"end":{"line":67,"column":3}},"23":{"start":{"line":66,"column":4},"end":{"line":66,"column":24}},"24":{"start":{"line":69,"column":27},"end":{"line":77,"column":3}},"25":{"start":{"line":70,"column":25},"end":{"line":72,"column":5}},"26":{"start":{"line":71,"column":22},"end":{"line":71,"column":57}},"27":{"start":{"line":74,"column":4},"end":{"line":76,"column":5}},"28":{"start":{"line":75,"column":6},"end":{"line":75,"column":52}},"29":{"start":{"line":79,"column":34},"end":{"line":82,"column":4}},"30":{"start":{"line":80,"column":4},"end":{"line":80,"column":23}},"31":{"start":{"line":81,"column":4},"end":{"line":81,"column":53}},"32":{"start":{"line":81,"column":21},"end":{"line":81,"column":46}},"33":{"start":{"line":84,"column":23},"end":{"line":86,"column":3}},"34":{"start":{"line":85,"column":20},"end":{"line":85,"column":55}},"35":{"start":{"line":87,"column":15},"end":{"line":87,"column":32}},"36":{"start":{"line":88,"column":24},"end":{"line":88,"column":53}},"37":{"start":{"line":90,"column":2},"end":{"line":125,"column":4}},"38":{"start":{"line":96,"column":21},"end":{"line":96,"column":52}},"39":{"start":{"line":105,"column":46},"end":{"line":105,"column":63}},"40":{"start":{"line":114,"column":43},"end":{"line":114,"column":76}}},"fnMap":{"0":{"name":"(anonymous_0)","decl":{"start":{"line":30,"column":19},"end":{"line":30,"column":20}},"loc":{"start":{"line":30,"column":56},"end":{"line":126,"column":1}},"line":30},"1":{"name":"(anonymous_1)","decl":{"start":{"line":48,"column":24},"end":{"line":48,"column":25}},"loc":{"start":{"line":48,"column":30},"end":{"line":50,"column":3}},"line":48},"2":{"name":"(anonymous_2)","decl":{"start":{"line":52,"column":25},"end":{"line":52,"column":26}},"loc":{"start":{"line":52,"column":31},"end":{"line":54,"column":3}},"line":52},"3":{"name":"(anonymous_3)","decl":{"start":{"line":56,"column":34},"end":{"line":56,"column":35}},"loc":{"start":{"line":56,"column":65},"end":{"line":62,"column":3}},"line":56},"4":{"name":"(anonymous_4)","decl":{"start":{"line":65,"column":21},"end":{"line":65,"column":22}},"loc":{"start":{"line":65,"column":27},"end":{"line":67,"column":3}},"line":65},"5":{"name":"(anonymous_5)","decl":{"start":{"line":69,"column":27},"end":{"line":69,"column":28}},"loc":{"start":{"line":69,"column":33},"end":{"line":77,"column":3}},"line":69},"6":{"name":"(anonymous_6)","decl":{"start":{"line":71,"column":6},"end":{"line":71,"column":7}},"loc":{"start":{"line":71,"column":22},"end":{"line":71,"column":57}},"line":71},"7":{"name":"(anonymous_7)","decl":{"start":{"line":79,"column":47},"end":{"line":79,"column":48}},"loc":{"start":{"line":79,"column":53},"end":{"line":82,"column":3}},"line":79},"8":{"name":"(anonymous_8)","decl":{"start":{"line":81,"column":15},"end":{"line":81,"column":16}},"loc":{"start":{"line":81,"column":21},"end":{"line":81,"column":46}},"line":81},"9":{"name":"(anonymous_9)","decl":{"start":{"line":85,"column":4},"end":{"line":85,"column":5}},"loc":{"start":{"line":85,"column":20},"end":{"line":85,"column":55}},"line":85},"10":{"name":"(anonymous_10)","decl":{"start":{"line":96,"column":15},"end":{"line":96,"column":16}},"loc":{"start":{"line":96,"column":21},"end":{"line":96,"column":52}},"line":96},"11":{"name":"(anonymous_11)","decl":{"start":{"line":105,"column":28},"end":{"line":105,"column":29}},"loc":{"start":{"line":105,"column":46},"end":{"line":105,"column":63}},"line":105},"12":{"name":"(anonymous_12)","decl":{"start":{"line":114,"column":37},"end":{"line":114,"column":38}},"loc":{"start":{"line":114,"column":43},"end":{"line":114,"column":76}},"line":114}},"branchMap":{"0":{"loc":{"start":{"line":46,"column":31},"end":{"line":46,"column":76}},"type":"binary-expr","locations":[{"start":{"line":46,"column":31},"end":{"line":46,"column":63}},{"start":{"line":46,"column":67},"end":{"line":46,"column":76}}],"line":46},"1":{"loc":{"start":{"line":58,"column":4},"end":{"line":60,"column":5}},"type":"if","locations":[{"start":{"line":58,"column":4},"end":{"line":60,"column":5}},{"start":{},"end":{}}],"line":58},"2":{"loc":{"start":{"line":74,"column":4},"end":{"line":76,"column":5}},"type":"if","locations":[{"start":{"line":74,"column":4},"end":{"line":76,"column":5}},{"start":{},"end":{}}],"line":74},"3":{"loc":{"start":{"line":92,"column":35},"end":{"line":92,"column":65}},"type":"binary-expr","locations":[{"start":{"line":92,"column":35},"end":{"line":92,"column":44}},{"start":{"line":92,"column":48},"end":{"line":92,"column":65}}],"line":92},"4":{"loc":{"start":{"line":100,"column":11},"end":{"line":110,"column":11}},"type":"cond-expr","locations":[{"start":{"line":101,"column":12},"end":{"line":107,"column":14}},{"start":{"line":109,"column":12},"end":{"line":109,"column":65}}],"line":100},"5":{"loc":{"start":{"line":122,"column":9},"end":{"line":122,"column":60}},"type":"cond-expr","locations":[{"start":{"line":122,"column":32},"end":{"line":122,"column":45}},{"start":{"line":122,"column":48},"end":{"line":122,"column":60}}],"line":122}},"s":{"0":0,"1":0,"2":0,"3":0,"4":0,"5":0,"6":0,"7":0,"8":0,"9":0,"10":0,"11":0,"12":0,"13":0,"14":0,"15":0,"16":0,"17":0,"18":0,"19":0,"20":0,"21":0,"22":0,"23":0,"24":0,"25":0,"26":0,"27":0,"28":0,"29":0,"30":0,"31":0,"32":0,"33":0,"34":0,"35":0,"36":0,"37":0,"38":0,"39":0,"40":0},"f":{"0":0,"1":0,"2":0,"3":0,"4":0,"5":0,"6":0,"7":0,"8":0,"9":0,"10":0,"11":0,"12":0},"b":{"0":[0,0],"1":[0,0],"2":[0,0],"3":[0,0],"4":[0,0],"5":[0,0]}}
,"/Users/style/Desktop/SongJournal/src/home/subcomponents/SortByCategory.tsx": {"path":"/Users/style/Desktop/SongJournal/src/home/subcomponents/SortByCategory.tsx","statementMap":{"0":{"start":{"line":17,"column":23},"end":{"line":48,"column":1}},"1":{"start":{"line":18,"column":17},"end":{"line":18,"column":39}},"2":{"start":{"line":25,"column":6},"end":{"line":25,"column":11}},"3":{"start":{"line":27,"column":30},"end":{"line":27,"column":54}},"4":{"start":{"line":29,"column":18},"end":{"line":33,"column":3}},"5":{"start":{"line":30,"column":4},"end":{"line":32,"column":33}},"6":{"start":{"line":35,"column":2},"end":{"line":47,"column":4}}},"fnMap":{"0":{"name":"(anonymous_0)","decl":{"start":{"line":17,"column":23},"end":{"line":17,"column":24}},"loc":{"start":{"line":17,"column":41},"end":{"line":48,"column":1}},"line":17},"1":{"name":"(anonymous_1)","decl":{"start":{"line":29,"column":18},"end":{"line":29,"column":19}},"loc":{"start":{"line":29,"column":24},"end":{"line":33,"column":3}},"line":29}},"branchMap":{"0":{"loc":{"start":{"line":30,"column":4},"end":{"line":32,"column":32}},"type":"cond-expr","locations":[{"start":{"line":31,"column":8},"end":{"line":31,"column":44}},{"start":{"line":32,"column":8},"end":{"line":32,"column":32}}],"line":30},"1":{"loc":{"start":{"line":38,"column":13},"end":{"line":38,"column":50}},"type":"binary-expr","locations":[{"start":{"line":38,"column":13},"end":{"line":38,"column":23}},{"start":{"line":38,"column":27},"end":{"line":38,"column":50}}],"line":38},"2":{"loc":{"start":{"line":40,"column":7},"end":{"line":44,"column":7}},"type":"binary-expr","locations":[{"start":{"line":40,"column":7},"end":{"line":40,"column":17}},{"start":{"line":41,"column":8},"end":{"line":43,"column":15}}],"line":40},"3":{"loc":{"start":{"line":42,"column":11},"end":{"line":42,"column":64}},"type":"cond-expr","locations":[{"start":{"line":42,"column":29},"end":{"line":42,"column":44}},{"start":{"line":42,"column":47},"end":{"line":42,"column":64}}],"line":42}},"s":{"0":0,"1":0,"2":0,"3":0,"4":0,"5":0,"6":0},"f":{"0":0,"1":0},"b":{"0":[0,0],"1":[0,0],"2":[0,0],"3":[0,0]}}
,"/Users/style/Desktop/SongJournal/src/home/subcomponents/SortCategories.tsx": {"path":"/Users/style/Desktop/SongJournal/src/home/subcomponents/SortCategories.tsx","statementMap":{"0":{"start":{"line":16,"column":25},"end":{"line":39,"column":1}},"1":{"start":{"line":22,"column":6},"end":{"line":22,"column":11}},"2":{"start":{"line":23,"column":17},"end":{"line":23,"column":39}},"3":{"start":{"line":25,"column":2},"end":{"line":38,"column":4}},"4":{"start":{"line":28,"column":8},"end":{"line":35,"column":10}}},"fnMap":{"0":{"name":"(anonymous_0)","decl":{"start":{"line":16,"column":25},"end":{"line":16,"column":26}},"loc":{"start":{"line":16,"column":43},"end":{"line":39,"column":1}},"line":16},"1":{"name":"(anonymous_1)","decl":{"start":{"line":27,"column":33},"end":{"line":27,"column":34}},"loc":{"start":{"line":28,"column":8},"end":{"line":35,"column":10}},"line":28}},"branchMap":{},"s":{"0":0,"1":0,"2":0,"3":0,"4":0},"f":{"0":0,"1":0},"b":{}}
,"/Users/style/Desktop/SongJournal/src/hooks/useDoubleTap.ts": {"path":"/Users/style/Desktop/SongJournal/src/hooks/useDoubleTap.ts","statementMap":{"0":{"start":{"line":3,"column":21},"end":{"line":15,"column":1}},"1":{"start":{"line":4,"column":32},"end":{"line":4,"column":51}},"2":{"start":{"line":6,"column":26},"end":{"line":12,"column":3}},"3":{"start":{"line":7,"column":24},"end":{"line":7,"column":34}},"4":{"start":{"line":8,"column":4},"end":{"line":10,"column":5}},"5":{"start":{"line":9,"column":6},"end":{"line":9,"column":17}},"6":{"start":{"line":11,"column":4},"end":{"line":11,"column":20}},"7":{"start":{"line":14,"column":2},"end":{"line":14,"column":25}}},"fnMap":{"0":{"name":"(anonymous_0)","decl":{"start":{"line":3,"column":21},"end":{"line":3,"column":22}},"loc":{"start":{"line":3,"column":68},"end":{"line":15,"column":1}},"line":3},"1":{"name":"(anonymous_1)","decl":{"start":{"line":6,"column":26},"end":{"line":6,"column":27}},"loc":{"start":{"line":6,"column":32},"end":{"line":12,"column":3}},"line":6}},"branchMap":{"0":{"loc":{"start":{"line":3,"column":44},"end":{"line":3,"column":63}},"type":"default-arg","locations":[{"start":{"line":3,"column":60},"end":{"line":3,"column":63}}],"line":3},"1":{"loc":{"start":{"line":8,"column":4},"end":{"line":10,"column":5}},"type":"if","locations":[{"start":{"line":8,"column":4},"end":{"line":10,"column":5}},{"start":{},"end":{}}],"line":8},"2":{"loc":{"start":{"line":8,"column":8},"end":{"line":8,"column":40}},"type":"binary-expr","locations":[{"start":{"line":8,"column":8},"end":{"line":8,"column":15}},{"start":{"line":8,"column":19},"end":{"line":8,"column":40}}],"line":8}},"s":{"0":0,"1":0,"2":0,"3":0,"4":0,"5":0,"6":0,"7":0},"f":{"0":0,"1":0},"b":{"0":[0],"1":[0,0],"2":[0,0]}}
,"/Users/style/Desktop/SongJournal/src/hooks/useMicrophonePermissions.ts": {"path":"/Users/style/Desktop/SongJournal/src/hooks/useMicrophonePermissions.ts","statementMap":{"0":{"start":{"line":7,"column":33},"end":{"line":36,"column":1}},"1":{"start":{"line":9,"column":4},"end":{"line":9,"column":28}},"2":{"start":{"line":11,"column":2},"end":{"line":33,"column":9}},"3":{"start":{"line":12,"column":36},"end":{"line":15,"column":5}},"4":{"start":{"line":13,"column":21},"end":{"line":13,"column":57}},"5":{"start":{"line":14,"column":6},"end":{"line":14,"column":51}},"6":{"start":{"line":17,"column":33},"end":{"line":21,"column":5}},"7":{"start":{"line":18,"column":6},"end":{"line":20,"column":7}},"8":{"start":{"line":19,"column":8},"end":{"line":19,"column":34}},"9":{"start":{"line":23,"column":4},"end":{"line":23,"column":35}},"10":{"start":{"line":25,"column":25},"end":{"line":28,"column":5}},"11":{"start":{"line":30,"column":4},"end":{"line":32,"column":6}},"12":{"start":{"line":31,"column":6},"end":{"line":31,"column":28}},"13":{"start":{"line":35,"column":2},"end":{"line":35,"column":29}}},"fnMap":{"0":{"name":"(anonymous_0)","decl":{"start":{"line":7,"column":33},"end":{"line":7,"column":34}},"loc":{"start":{"line":7,"column":39},"end":{"line":36,"column":1}},"line":7},"1":{"name":"(anonymous_1)","decl":{"start":{"line":11,"column":12},"end":{"line":11,"column":13}},"loc":{"start":{"line":11,"column":18},"end":{"line":33,"column":3}},"line":11},"2":{"name":"(anonymous_2)","decl":{"start":{"line":12,"column":36},"end":{"line":12,"column":37}},"loc":{"start":{"line":12,"column":48},"end":{"line":15,"column":5}},"line":12},"3":{"name":"(anonymous_3)","decl":{"start":{"line":17,"column":33},"end":{"line":17,"column":34}},"loc":{"start":{"line":17,"column":67},"end":{"line":21,"column":5}},"line":17},"4":{"name":"(anonymous_4)","decl":{"start":{"line":30,"column":11},"end":{"line":30,"column":12}},"loc":{"start":{"line":30,"column":17},"end":{"line":32,"column":5}},"line":30}},"branchMap":{"0":{"loc":{"start":{"line":18,"column":6},"end":{"line":20,"column":7}},"type":"if","locations":[{"start":{"line":18,"column":6},"end":{"line":20,"column":7}},{"start":{},"end":{}}],"line":18}},"s":{"0":0,"1":0,"2":0,"3":0,"4":0,"5":0,"6":0,"7":0,"8":0,"9":0,"10":0,"11":0,"12":0,"13":0},"f":{"0":0,"1":0,"2":0,"3":0,"4":0},"b":{"0":[0,0]}}
,"/Users/style/Desktop/SongJournal/src/icons/ArrowDownIcon.tsx": {"path":"/Users/style/Desktop/SongJournal/src/icons/ArrowDownIcon.tsx","statementMap":{"0":{"start":{"line":4,"column":22},"end":{"line":11,"column":1}},"1":{"start":{"line":5,"column":2},"end":{"line":10,"column":8}}},"fnMap":{"0":{"name":"(anonymous_0)","decl":{"start":{"line":4,"column":22},"end":{"line":4,"column":23}},"loc":{"start":{"line":5,"column":2},"end":{"line":10,"column":8}},"line":5}},"branchMap":{},"s":{"0":0,"1":0},"f":{"0":0},"b":{}}
,"/Users/style/Desktop/SongJournal/src/icons/ArrowUpIcon.tsx": {"path":"/Users/style/Desktop/SongJournal/src/icons/ArrowUpIcon.tsx","statementMap":{"0":{"start":{"line":4,"column":20},"end":{"line":11,"column":1}},"1":{"start":{"line":5,"column":2},"end":{"line":10,"column":8}}},"fnMap":{"0":{"name":"(anonymous_0)","decl":{"start":{"line":4,"column":20},"end":{"line":4,"column":21}},"loc":{"start":{"line":5,"column":2},"end":{"line":10,"column":8}},"line":5}},"branchMap":{},"s":{"0":0,"1":0},"f":{"0":0},"b":{}}
,"/Users/style/Desktop/SongJournal/src/icons/BackIcon.tsx": {"path":"/Users/style/Desktop/SongJournal/src/icons/BackIcon.tsx","statementMap":{"0":{"start":{"line":4,"column":17},"end":{"line":11,"column":1}},"1":{"start":{"line":5,"column":2},"end":{"line":10,"column":8}}},"fnMap":{"0":{"name":"(anonymous_0)","decl":{"start":{"line":4,"column":17},"end":{"line":4,"column":18}},"loc":{"start":{"line":5,"column":2},"end":{"line":10,"column":8}},"line":5}},"branchMap":{},"s":{"0":0,"1":0},"f":{"0":0},"b":{}}
,"/Users/style/Desktop/SongJournal/src/icons/CheckIcon.tsx": {"path":"/Users/style/Desktop/SongJournal/src/icons/CheckIcon.tsx","statementMap":{"0":{"start":{"line":4,"column":18},"end":{"line":11,"column":1}},"1":{"start":{"line":5,"column":2},"end":{"line":10,"column":8}}},"fnMap":{"0":{"name":"(anonymous_0)","decl":{"start":{"line":4,"column":18},"end":{"line":4,"column":19}},"loc":{"start":{"line":5,"column":2},"end":{"line":10,"column":8}},"line":5}},"branchMap":{},"s":{"0":0,"1":0},"f":{"0":0},"b":{}}
,"/Users/style/Desktop/SongJournal/src/icons/ChordsIcon.tsx": {"path":"/Users/style/Desktop/SongJournal/src/icons/ChordsIcon.tsx","statementMap":{"0":{"start":{"line":4,"column":19},"end":{"line":11,"column":1}},"1":{"start":{"line":5,"column":2},"end":{"line":10,"column":8}}},"fnMap":{"0":{"name":"(anonymous_0)","decl":{"start":{"line":4,"column":19},"end":{"line":4,"column":20}},"loc":{"start":{"line":5,"column":2},"end":{"line":10,"column":8}},"line":5}},"branchMap":{},"s":{"0":0,"1":0},"f":{"0":0},"b":{}}
,"/Users/style/Desktop/SongJournal/src/icons/EditIcon.tsx": {"path":"/Users/style/Desktop/SongJournal/src/icons/EditIcon.tsx","statementMap":{"0":{"start":{"line":4,"column":17},"end":{"line":11,"column":1}},"1":{"start":{"line":5,"column":2},"end":{"line":10,"column":8}}},"fnMap":{"0":{"name":"(anonymous_0)","decl":{"start":{"line":4,"column":17},"end":{"line":4,"column":18}},"loc":{"start":{"line":5,"column":2},"end":{"line":10,"column":8}},"line":5}},"branchMap":{},"s":{"0":0,"1":0},"f":{"0":0},"b":{}}
,"/Users/style/Desktop/SongJournal/src/icons/HorzDotsIcon.tsx": {"path":"/Users/style/Desktop/SongJournal/src/icons/HorzDotsIcon.tsx","statementMap":{"0":{"start":{"line":4,"column":21},"end":{"line":11,"column":1}},"1":{"start":{"line":5,"column":2},"end":{"line":10,"column":8}}},"fnMap":{"0":{"name":"(anonymous_0)","decl":{"start":{"line":4,"column":21},"end":{"line":4,"column":22}},"loc":{"start":{"line":5,"column":2},"end":{"line":10,"column":8}},"line":5}},"branchMap":{},"s":{"0":0,"1":0},"f":{"0":0},"b":{}}
,"/Users/style/Desktop/SongJournal/src/icons/InfoIcon.tsx": {"path":"/Users/style/Desktop/SongJournal/src/icons/InfoIcon.tsx","statementMap":{"0":{"start":{"line":4,"column":17},"end":{"line":11,"column":1}},"1":{"start":{"line":5,"column":2},"end":{"line":10,"column":8}}},"fnMap":{"0":{"name":"(anonymous_0)","decl":{"start":{"line":4,"column":17},"end":{"line":4,"column":18}},"loc":{"start":{"line":5,"column":2},"end":{"line":10,"column":8}},"line":5}},"branchMap":{},"s":{"0":0,"1":0},"f":{"0":0},"b":{}}
,"/Users/style/Desktop/SongJournal/src/icons/LyricsIcon.tsx": {"path":"/Users/style/Desktop/SongJournal/src/icons/LyricsIcon.tsx","statementMap":{"0":{"start":{"line":4,"column":19},"end":{"line":11,"column":1}},"1":{"start":{"line":5,"column":2},"end":{"line":10,"column":8}}},"fnMap":{"0":{"name":"(anonymous_0)","decl":{"start":{"line":4,"column":19},"end":{"line":4,"column":20}},"loc":{"start":{"line":5,"column":2},"end":{"line":10,"column":8}},"line":5}},"branchMap":{},"s":{"0":0,"1":0},"f":{"0":0},"b":{}}
,"/Users/style/Desktop/SongJournal/src/icons/MetronomeIcon.tsx": {"path":"/Users/style/Desktop/SongJournal/src/icons/MetronomeIcon.tsx","statementMap":{"0":{"start":{"line":4,"column":22},"end":{"line":11,"column":1}},"1":{"start":{"line":5,"column":2},"end":{"line":10,"column":8}}},"fnMap":{"0":{"name":"(anonymous_0)","decl":{"start":{"line":4,"column":22},"end":{"line":4,"column":23}},"loc":{"start":{"line":5,"column":2},"end":{"line":10,"column":8}},"line":5}},"branchMap":{},"s":{"0":0,"1":0},"f":{"0":0},"b":{}}
,"/Users/style/Desktop/SongJournal/src/icons/MusicPlayerIcon.tsx": {"path":"/Users/style/Desktop/SongJournal/src/icons/MusicPlayerIcon.tsx","statementMap":{"0":{"start":{"line":4,"column":24},"end":{"line":11,"column":1}},"1":{"start":{"line":5,"column":2},"end":{"line":10,"column":8}}},"fnMap":{"0":{"name":"(anonymous_0)","decl":{"start":{"line":4,"column":24},"end":{"line":4,"column":25}},"loc":{"start":{"line":5,"column":2},"end":{"line":10,"column":8}},"line":5}},"branchMap":{},"s":{"0":1,"1":3},"f":{"0":3},"b":{},"_coverageSchema":"1a1c01bbd47fc00a2c39e90264f33305004495a9","hash":"9aabc4936f21c75e223bc3d28b77a49bb51a5690"}
,"/Users/style/Desktop/SongJournal/src/icons/NewSongIcon.tsx": {"path":"/Users/style/Desktop/SongJournal/src/icons/NewSongIcon.tsx","statementMap":{"0":{"start":{"line":4,"column":20},"end":{"line":11,"column":1}},"1":{"start":{"line":5,"column":2},"end":{"line":10,"column":8}}},"fnMap":{"0":{"name":"(anonymous_0)","decl":{"start":{"line":4,"column":20},"end":{"line":4,"column":21}},"loc":{"start":{"line":5,"column":2},"end":{"line":10,"column":8}},"line":5}},"branchMap":{},"s":{"0":1,"1":2},"f":{"0":2},"b":{},"_coverageSchema":"1a1c01bbd47fc00a2c39e90264f33305004495a9","hash":"b7d1c12380f1cfc0986517444d60721a6f04fcf6"}
,"/Users/style/Desktop/SongJournal/src/icons/NotesIcon.tsx": {"path":"/Users/style/Desktop/SongJournal/src/icons/NotesIcon.tsx","statementMap":{"0":{"start":{"line":4,"column":18},"end":{"line":11,"column":1}},"1":{"start":{"line":5,"column":2},"end":{"line":10,"column":8}}},"fnMap":{"0":{"name":"(anonymous_0)","decl":{"start":{"line":4,"column":18},"end":{"line":4,"column":19}},"loc":{"start":{"line":5,"column":2},"end":{"line":10,"column":8}},"line":5}},"branchMap":{},"s":{"0":0,"1":0},"f":{"0":0},"b":{}}
,"/Users/style/Desktop/SongJournal/src/icons/PageIcon.tsx": {"path":"/Users/style/Desktop/SongJournal/src/icons/PageIcon.tsx","statementMap":{"0":{"start":{"line":4,"column":17},"end":{"line":11,"column":1}},"1":{"start":{"line":5,"column":2},"end":{"line":10,"column":8}}},"fnMap":{"0":{"name":"(anonymous_0)","decl":{"start":{"line":4,"column":17},"end":{"line":4,"column":18}},"loc":{"start":{"line":5,"column":2},"end":{"line":10,"column":8}},"line":5}},"branchMap":{},"s":{"0":0,"1":0},"f":{"0":0},"b":{}}
,"/Users/style/Desktop/SongJournal/src/icons/PauseIcon.tsx": {"path":"/Users/style/Desktop/SongJournal/src/icons/PauseIcon.tsx","statementMap":{"0":{"start":{"line":4,"column":18},"end":{"line":11,"column":1}},"1":{"start":{"line":5,"column":2},"end":{"line":10,"column":8}}},"fnMap":{"0":{"name":"(anonymous_0)","decl":{"start":{"line":4,"column":18},"end":{"line":4,"column":19}},"loc":{"start":{"line":5,"column":2},"end":{"line":10,"column":8}},"line":5}},"branchMap":{},"s":{"0":0,"1":0},"f":{"0":0},"b":{}}
,"/Users/style/Desktop/SongJournal/src/icons/PlayIcon.tsx": {"path":"/Users/style/Desktop/SongJournal/src/icons/PlayIcon.tsx","statementMap":{"0":{"start":{"line":4,"column":17},"end":{"line":11,"column":1}},"1":{"start":{"line":5,"column":2},"end":{"line":10,"column":8}}},"fnMap":{"0":{"name":"(anonymous_0)","decl":{"start":{"line":4,"column":17},"end":{"line":4,"column":18}},"loc":{"start":{"line":5,"column":2},"end":{"line":10,"column":8}},"line":5}},"branchMap":{},"s":{"0":0,"1":0},"f":{"0":0},"b":{}}
,"/Users/style/Desktop/SongJournal/src/icons/PlaylistIcon.tsx": {"path":"/Users/style/Desktop/SongJournal/src/icons/PlaylistIcon.tsx","statementMap":{"0":{"start":{"line":4,"column":21},"end":{"line":11,"column":1}},"1":{"start":{"line":5,"column":2},"end":{"line":10,"column":8}}},"fnMap":{"0":{"name":"(anonymous_0)","decl":{"start":{"line":4,"column":21},"end":{"line":4,"column":22}},"loc":{"start":{"line":5,"column":2},"end":{"line":10,"column":8}},"line":5}},"branchMap":{},"s":{"0":1,"1":3},"f":{"0":3},"b":{},"_coverageSchema":"1a1c01bbd47fc00a2c39e90264f33305004495a9","hash":"47c1dc67f44e637cfcbbc8b05f9693a7c3e58600"}
,"/Users/style/Desktop/SongJournal/src/icons/RecordIcon.tsx": {"path":"/Users/style/Desktop/SongJournal/src/icons/RecordIcon.tsx","statementMap":{"0":{"start":{"line":4,"column":19},"end":{"line":12,"column":1}},"1":{"start":{"line":5,"column":2},"end":{"line":11,"column":8}}},"fnMap":{"0":{"name":"(anonymous_0)","decl":{"start":{"line":4,"column":19},"end":{"line":4,"column":20}},"loc":{"start":{"line":5,"column":2},"end":{"line":11,"column":8}},"line":5}},"branchMap":{},"s":{"0":0,"1":0},"f":{"0":0},"b":{}}
,"/Users/style/Desktop/SongJournal/src/icons/SettingIcon.tsx": {"path":"/Users/style/Desktop/SongJournal/src/icons/SettingIcon.tsx","statementMap":{"0":{"start":{"line":4,"column":20},"end":{"line":11,"column":1}},"1":{"start":{"line":5,"column":2},"end":{"line":10,"column":8}}},"fnMap":{"0":{"name":"(anonymous_0)","decl":{"start":{"line":4,"column":20},"end":{"line":4,"column":21}},"loc":{"start":{"line":5,"column":2},"end":{"line":10,"column":8}},"line":5}},"branchMap":{},"s":{"0":1,"1":3},"f":{"0":3},"b":{},"_coverageSchema":"1a1c01bbd47fc00a2c39e90264f33305004495a9","hash":"d52f35a0c24bf87e62336f72b3707d83710547cb"}
,"/Users/style/Desktop/SongJournal/src/icons/ShareIcon.tsx": {"path":"/Users/style/Desktop/SongJournal/src/icons/ShareIcon.tsx","statementMap":{"0":{"start":{"line":4,"column":18},"end":{"line":11,"column":1}},"1":{"start":{"line":5,"column":2},"end":{"line":10,"column":8}}},"fnMap":{"0":{"name":"(anonymous_0)","decl":{"start":{"line":4,"column":18},"end":{"line":4,"column":19}},"loc":{"start":{"line":5,"column":2},"end":{"line":10,"column":8}},"line":5}},"branchMap":{},"s":{"0":0,"1":0},"f":{"0":0},"b":{}}
,"/Users/style/Desktop/SongJournal/src/icons/StarIcon.tsx": {"path":"/Users/style/Desktop/SongJournal/src/icons/StarIcon.tsx","statementMap":{"0":{"start":{"line":4,"column":17},"end":{"line":11,"column":1}},"1":{"start":{"line":5,"column":2},"end":{"line":10,"column":8}}},"fnMap":{"0":{"name":"(anonymous_0)","decl":{"start":{"line":4,"column":17},"end":{"line":4,"column":18}},"loc":{"start":{"line":5,"column":2},"end":{"line":10,"column":8}},"line":5}},"branchMap":{},"s":{"0":0,"1":0},"f":{"0":0},"b":{}}
,"/Users/style/Desktop/SongJournal/src/icons/StopRecordingIcon.tsx": {"path":"/Users/style/Desktop/SongJournal/src/icons/StopRecordingIcon.tsx","statementMap":{"0":{"start":{"line":4,"column":23},"end":{"line":16,"column":1}},"1":{"start":{"line":5,"column":2},"end":{"line":15,"column":8}}},"fnMap":{"0":{"name":"(anonymous_0)","decl":{"start":{"line":4,"column":23},"end":{"line":4,"column":24}},"loc":{"start":{"line":5,"column":2},"end":{"line":15,"column":8}},"line":5}},"branchMap":{},"s":{"0":0,"1":0},"f":{"0":0},"b":{}}
,"/Users/style/Desktop/SongJournal/src/icons/TrashIcon.tsx": {"path":"/Users/style/Desktop/SongJournal/src/icons/TrashIcon.tsx","statementMap":{"0":{"start":{"line":4,"column":18},"end":{"line":11,"column":1}},"1":{"start":{"line":5,"column":2},"end":{"line":10,"column":8}}},"fnMap":{"0":{"name":"(anonymous_0)","decl":{"start":{"line":4,"column":18},"end":{"line":4,"column":19}},"loc":{"start":{"line":5,"column":2},"end":{"line":10,"column":8}},"line":5}},"branchMap":{},"s":{"0":0,"1":0},"f":{"0":0},"b":{}}
,"/Users/style/Desktop/SongJournal/src/icons/VertDotsIcon.tsx": {"path":"/Users/style/Desktop/SongJournal/src/icons/VertDotsIcon.tsx","statementMap":{"0":{"start":{"line":4,"column":21},"end":{"line":11,"column":1}},"1":{"start":{"line":5,"column":2},"end":{"line":10,"column":8}}},"fnMap":{"0":{"name":"(anonymous_0)","decl":{"start":{"line":4,"column":21},"end":{"line":4,"column":22}},"loc":{"start":{"line":5,"column":2},"end":{"line":10,"column":8}},"line":5}},"branchMap":{},"s":{"0":0,"1":0},"f":{"0":0},"b":{}}
,"/Users/style/Desktop/SongJournal/src/lyrics/components/EditLyricsSheet.tsx": {"path":"/Users/style/Desktop/SongJournal/src/lyrics/components/EditLyricsSheet.tsx","statementMap":{"0":{"start":{"line":13,"column":24},"end":{"line":36,"column":1}},"1":{"start":{"line":14,"column":15},"end":{"line":14,"column":49}},"2":{"start":{"line":15,"column":17},"end":{"line":15,"column":38}},"3":{"start":{"line":17,"column":36},"end":{"line":17,"column":54}},"4":{"start":{"line":18,"column":28},"end":{"line":18,"column":40}},"5":{"start":{"line":20,"column":2},"end":{"line":35,"column":4}},"6":{"start":{"line":25,"column":40},"end":{"line":25,"column":58}},"7":{"start":{"line":30,"column":23},"end":{"line":30,"column":27}},"8":{"start":{"line":31,"column":27},"end":{"line":31,"column":31}}},"fnMap":{"0":{"name":"(anonymous_0)","decl":{"start":{"line":13,"column":24},"end":{"line":13,"column":25}},"loc":{"start":{"line":13,"column":30},"end":{"line":36,"column":1}},"line":13},"1":{"name":"(anonymous_1)","decl":{"start":{"line":25,"column":22},"end":{"line":25,"column":23}},"loc":{"start":{"line":25,"column":40},"end":{"line":25,"column":58}},"line":25},"2":{"name":"(anonymous_2)","decl":{"start":{"line":30,"column":17},"end":{"line":30,"column":18}},"loc":{"start":{"line":30,"column":23},"end":{"line":30,"column":27}},"line":30},"3":{"name":"(anonymous_3)","decl":{"start":{"line":31,"column":21},"end":{"line":31,"column":22}},"loc":{"start":{"line":31,"column":27},"end":{"line":31,"column":31}},"line":31}},"branchMap":{},"s":{"0":0,"1":0,"2":0,"3":0,"4":0,"5":0,"6":0,"7":0,"8":0},"f":{"0":0,"1":0,"2":0,"3":0},"b":{}}
,"/Users/style/Desktop/SongJournal/src/lyrics/components/InfoModal.tsx": {"path":"/Users/style/Desktop/SongJournal/src/lyrics/components/InfoModal.tsx","statementMap":{"0":{"start":{"line":21,"column":18},"end":{"line":110,"column":1}},"1":{"start":{"line":22,"column":17},"end":{"line":22,"column":36}},"2":{"start":{"line":23,"column":19},"end":{"line":23,"column":35}},"3":{"start":{"line":29,"column":6},"end":{"line":29,"column":11}},"4":{"start":{"line":31,"column":32},"end":{"line":31,"column":60}},"5":{"start":{"line":32,"column":56},"end":{"line":32,"column":71}},"6":{"start":{"line":34,"column":22},"end":{"line":34,"column":53}},"7":{"start":{"line":34,"column":28},"end":{"line":34,"column":53}},"8":{"start":{"line":36,"column":2},"end":{"line":36,"column":34}},"9":{"start":{"line":37,"column":2},"end":{"line":37,"column":44}},"10":{"start":{"line":39,"column":2},"end":{"line":47,"column":30}},"11":{"start":{"line":40,"column":4},"end":{"line":43,"column":6}},"12":{"start":{"line":44,"column":4},"end":{"line":46,"column":6}},"13":{"start":{"line":49,"column":28},"end":{"line":51,"column":3}},"14":{"start":{"line":50,"column":4},"end":{"line":50,"column":68}},"15":{"start":{"line":50,"column":36},"end":{"line":50,"column":65}},"16":{"start":{"line":53,"column":22},"end":{"line":66,"column":3}},"17":{"start":{"line":54,"column":4},"end":{"line":63,"column":5}},"18":{"start":{"line":57,"column":6},"end":{"line":62,"column":8}},"19":{"start":{"line":65,"column":4},"end":{"line":65,"column":30}},"20":{"start":{"line":68,"column":2},"end":{"line":109,"column":4}},"21":{"start":{"line":82,"column":14},"end":{"line":82,"column":50}},"22":{"start":{"line":90,"column":12},"end":{"line":95,"column":14}},"23":{"start":{"line":104,"column":29},"end":{"line":104,"column":54}}},"fnMap":{"0":{"name":"(anonymous_0)","decl":{"start":{"line":21,"column":18},"end":{"line":21,"column":19}},"loc":{"start":{"line":21,"column":36},"end":{"line":110,"column":1}},"line":21},"1":{"name":"(anonymous_1)","decl":{"start":{"line":34,"column":22},"end":{"line":34,"column":23}},"loc":{"start":{"line":34,"column":28},"end":{"line":34,"column":53}},"line":34},"2":{"name":"(anonymous_2)","decl":{"start":{"line":39,"column":12},"end":{"line":39,"column":13}},"loc":{"start":{"line":39,"column":18},"end":{"line":47,"column":3}},"line":39},"3":{"name":"(anonymous_3)","decl":{"start":{"line":49,"column":28},"end":{"line":49,"column":29}},"loc":{"start":{"line":49,"column":74},"end":{"line":51,"column":3}},"line":49},"4":{"name":"(anonymous_4)","decl":{"start":{"line":50,"column":15},"end":{"line":50,"column":16}},"loc":{"start":{"line":50,"column":36},"end":{"line":50,"column":65}},"line":50},"5":{"name":"(anonymous_5)","decl":{"start":{"line":53,"column":22},"end":{"line":53,"column":23}},"loc":{"start":{"line":53,"column":28},"end":{"line":66,"column":3}},"line":53},"6":{"name":"(anonymous_6)","decl":{"start":{"line":81,"column":26},"end":{"line":81,"column":27}},"loc":{"start":{"line":82,"column":14},"end":{"line":82,"column":50}},"line":82},"7":{"name":"(anonymous_7)","decl":{"start":{"line":89,"column":28},"end":{"line":89,"column":29}},"loc":{"start":{"line":90,"column":12},"end":{"line":95,"column":14}},"line":90},"8":{"name":"(anonymous_8)","decl":{"start":{"line":104,"column":23},"end":{"line":104,"column":24}},"loc":{"start":{"line":104,"column":29},"end":{"line":104,"column":54}},"line":104}},"branchMap":{"0":{"loc":{"start":{"line":54,"column":4},"end":{"line":63,"column":5}},"type":"if","locations":[{"start":{"line":54,"column":4},"end":{"line":63,"column":5}},{"start":{},"end":{}}],"line":54},"1":{"loc":{"start":{"line":54,"column":8},"end":{"line":54,"column":38}},"type":"binary-expr","locations":[{"start":{"line":54,"column":8},"end":{"line":54,"column":27}},{"start":{"line":54,"column":31},"end":{"line":54,"column":38}}],"line":54}},"s":{"0":0,"1":0,"2":0,"3":0,"4":0,"5":0,"6":0,"7":0,"8":0,"9":0,"10":0,"11":0,"12":0,"13":0,"14":0,"15":0,"16":0,"17":0,"18":0,"19":0,"20":0,"21":0,"22":0,"23":0},"f":{"0":0,"1":0,"2":0,"3":0,"4":0,"5":0,"6":0,"7":0,"8":0},"b":{"0":[0,0],"1":[0,0]}}
,"/Users/style/Desktop/SongJournal/src/lyrics/components/LyricsHeader.tsx": {"path":"/Users/style/Desktop/SongJournal/src/lyrics/components/LyricsHeader.tsx","statementMap":{"0":{"start":{"line":15,"column":21},"end":{"line":34,"column":1}},"1":{"start":{"line":16,"column":50},"end":{"line":16,"column":55}},"2":{"start":{"line":17,"column":17},"end":{"line":17,"column":40}},"3":{"start":{"line":18,"column":16},"end":{"line":18,"column":51}},"4":{"start":{"line":20,"column":2},"end":{"line":33,"column":4}},"5":{"start":{"line":28,"column":23},"end":{"line":28,"column":59}}},"fnMap":{"0":{"name":"(anonymous_0)","decl":{"start":{"line":15,"column":21},"end":{"line":15,"column":22}},"loc":{"start":{"line":15,"column":39},"end":{"line":34,"column":1}},"line":15},"1":{"name":"(anonymous_1)","decl":{"start":{"line":28,"column":17},"end":{"line":28,"column":18}},"loc":{"start":{"line":28,"column":23},"end":{"line":28,"column":59}},"line":28}},"branchMap":{},"s":{"0":0,"1":0,"2":0,"3":0,"4":0,"5":0},"f":{"0":0,"1":0},"b":{}}
,"/Users/style/Desktop/SongJournal/src/lyrics/components/LyricsSheet.tsx": {"path":"/Users/style/Desktop/SongJournal/src/lyrics/components/LyricsSheet.tsx","statementMap":{"0":{"start":{"line":18,"column":20},"end":{"line":20,"column":1}},"1":{"start":{"line":19,"column":2},"end":{"line":19,"column":48}}},"fnMap":{"0":{"name":"(anonymous_0)","decl":{"start":{"line":18,"column":20},"end":{"line":18,"column":21}},"loc":{"start":{"line":18,"column":41},"end":{"line":20,"column":1}},"line":18}},"branchMap":{},"s":{"0":0,"1":0},"f":{"0":0},"b":{}}
,"/Users/style/Desktop/SongJournal/src/lyrics/subcomponents/CompletionStatus.tsx": {"path":"/Users/style/Desktop/SongJournal/src/lyrics/subcomponents/CompletionStatus.tsx","statementMap":{"0":{"start":{"line":13,"column":25},"end":{"line":27,"column":1}},"1":{"start":{"line":14,"column":17},"end":{"line":14,"column":38}},"2":{"start":{"line":16,"column":2},"end":{"line":26,"column":4}},"3":{"start":{"line":20,"column":23},"end":{"line":20,"column":67}}},"fnMap":{"0":{"name":"(anonymous_0)","decl":{"start":{"line":13,"column":25},"end":{"line":13,"column":26}},"loc":{"start":{"line":13,"column":72},"end":{"line":27,"column":1}},"line":13},"1":{"name":"(anonymous_1)","decl":{"start":{"line":20,"column":17},"end":{"line":20,"column":18}},"loc":{"start":{"line":20,"column":23},"end":{"line":20,"column":67}},"line":20}},"branchMap":{"0":{"loc":{"start":{"line":22,"column":9},"end":{"line":22,"column":43}},"type":"cond-expr","locations":[{"start":{"line":22,"column":23},"end":{"line":22,"column":36}},{"start":{"line":22,"column":39},"end":{"line":22,"column":43}}],"line":22}},"s":{"0":0,"1":0,"2":0,"3":0},"f":{"0":0,"1":0},"b":{"0":[0,0]}}
,"/Users/style/Desktop/SongJournal/src/lyrics/subcomponents/PageOptions.tsx": {"path":"/Users/style/Desktop/SongJournal/src/lyrics/subcomponents/PageOptions.tsx","statementMap":{"0":{"start":{"line":16,"column":20},"end":{"line":59,"column":1}},"1":{"start":{"line":17,"column":17},"end":{"line":17,"column":38}},"2":{"start":{"line":19,"column":2},"end":{"line":58,"column":4}},"3":{"start":{"line":26,"column":23},"end":{"line":26,"column":48}},"4":{"start":{"line":35,"column":23},"end":{"line":35,"column":50}},"5":{"start":{"line":44,"column":23},"end":{"line":44,"column":53}},"6":{"start":{"line":53,"column":23},"end":{"line":53,"column":49}}},"fnMap":{"0":{"name":"(anonymous_0)","decl":{"start":{"line":16,"column":20},"end":{"line":16,"column":21}},"loc":{"start":{"line":16,"column":70},"end":{"line":59,"column":1}},"line":16},"1":{"name":"(anonymous_1)","decl":{"start":{"line":26,"column":17},"end":{"line":26,"column":18}},"loc":{"start":{"line":26,"column":23},"end":{"line":26,"column":48}},"line":26},"2":{"name":"(anonymous_2)","decl":{"start":{"line":35,"column":17},"end":{"line":35,"column":18}},"loc":{"start":{"line":35,"column":23},"end":{"line":35,"column":50}},"line":35},"3":{"name":"(anonymous_3)","decl":{"start":{"line":44,"column":17},"end":{"line":44,"column":18}},"loc":{"start":{"line":44,"column":23},"end":{"line":44,"column":53}},"line":44},"4":{"name":"(anonymous_4)","decl":{"start":{"line":53,"column":17},"end":{"line":53,"column":18}},"loc":{"start":{"line":53,"column":23},"end":{"line":53,"column":49}},"line":53}},"branchMap":{"0":{"loc":{"start":{"line":24,"column":10},"end":{"line":24,"column":54}},"type":"binary-expr","locations":[{"start":{"line":24,"column":10},"end":{"line":24,"column":35}},{"start":{"line":24,"column":39},"end":{"line":24,"column":54}}],"line":24},"1":{"loc":{"start":{"line":33,"column":10},"end":{"line":33,"column":56}},"type":"binary-expr","locations":[{"start":{"line":33,"column":10},"end":{"line":33,"column":37}},{"start":{"line":33,"column":41},"end":{"line":33,"column":56}}],"line":33},"2":{"loc":{"start":{"line":42,"column":10},"end":{"line":42,"column":59}},"type":"binary-expr","locations":[{"start":{"line":42,"column":10},"end":{"line":42,"column":40}},{"start":{"line":42,"column":44},"end":{"line":42,"column":59}}],"line":42},"3":{"loc":{"start":{"line":51,"column":10},"end":{"line":51,"column":55}},"type":"binary-expr","locations":[{"start":{"line":51,"column":10},"end":{"line":51,"column":36}},{"start":{"line":51,"column":40},"end":{"line":51,"column":55}}],"line":51}},"s":{"0":0,"1":0,"2":0,"3":0,"4":0,"5":0,"6":0},"f":{"0":0,"1":0,"2":0,"3":0,"4":0},"b":{"0":[0,0],"1":[0,0],"2":[0,0],"3":[0,0]}}
,"/Users/style/Desktop/SongJournal/src/lyrics/subcomponents/SongDetail.tsx": {"path":"/Users/style/Desktop/SongJournal/src/lyrics/subcomponents/SongDetail.tsx","statementMap":{"0":{"start":{"line":14,"column":19},"end":{"line":31,"column":1}},"1":{"start":{"line":15,"column":60},"end":{"line":15,"column":65}},"2":{"start":{"line":16,"column":17},"end":{"line":16,"column":38}},"3":{"start":{"line":18,"column":2},"end":{"line":30,"column":4}},"4":{"start":{"line":24,"column":10},"end":{"line":24,"column":54}}},"fnMap":{"0":{"name":"(anonymous_0)","decl":{"start":{"line":14,"column":19},"end":{"line":14,"column":20}},"loc":{"start":{"line":14,"column":37},"end":{"line":31,"column":1}},"line":14},"1":{"name":"(anonymous_1)","decl":{"start":{"line":23,"column":22},"end":{"line":23,"column":23}},"loc":{"start":{"line":24,"column":10},"end":{"line":24,"column":54}},"line":24}},"branchMap":{"0":{"loc":{"start":{"line":19,"column":17},"end":{"line":19,"column":71}},"type":"cond-expr","locations":[{"start":{"line":19,"column":32},"end":{"line":19,"column":52}},{"start":{"line":19,"column":55},"end":{"line":19,"column":71}}],"line":19},"1":{"loc":{"start":{"line":21,"column":15},"end":{"line":21,"column":65}},"type":"cond-expr","locations":[{"start":{"line":21,"column":30},"end":{"line":21,"column":48}},{"start":{"line":21,"column":51},"end":{"line":21,"column":65}}],"line":21}},"s":{"0":0,"1":0,"2":0,"3":0,"4":0},"f":{"0":0,"1":0},"b":{"0":[0,0],"1":[0,0]}}
,"/Users/style/Desktop/SongJournal/src/navigation/AppNavigator.tsx": {"path":"/Users/style/Desktop/SongJournal/src/navigation/AppNavigator.tsx","statementMap":{"0":{"start":{"line":17,"column":21},"end":{"line":67,"column":1}},"1":{"start":{"line":18,"column":25},"end":{"line":18,"column":73}},"2":{"start":{"line":19,"column":17},"end":{"line":19,"column":34}},"3":{"start":{"line":21,"column":16},"end":{"line":21,"column":54}},"4":{"start":{"line":23,"column":2},"end":{"line":66,"column":4}},"5":{"start":{"line":33,"column":31},"end":{"line":33,"column":51}},"6":{"start":{"line":43,"column":17},"end":{"line":47,"column":11}}},"fnMap":{"0":{"name":"(anonymous_0)","decl":{"start":{"line":17,"column":21},"end":{"line":17,"column":22}},"loc":{"start":{"line":17,"column":27},"end":{"line":67,"column":1}},"line":17},"1":{"name":"(anonymous_1)","decl":{"start":{"line":33,"column":25},"end":{"line":33,"column":26}},"loc":{"start":{"line":33,"column":31},"end":{"line":33,"column":51}},"line":33},"2":{"name":"(anonymous_2)","decl":{"start":{"line":39,"column":19},"end":{"line":39,"column":20}},"loc":{"start":{"line":43,"column":17},"end":{"line":47,"column":11}},"line":43}},"branchMap":{},"s":{"0":0,"1":0,"2":0,"3":0,"4":0,"5":0,"6":0},"f":{"0":0,"1":0,"2":0},"b":{}}
,"/Users/style/Desktop/SongJournal/src/repositories/PageRepository.tsx": {"path":"/Users/style/Desktop/SongJournal/src/repositories/PageRepository.tsx","statementMap":{"0":{"start":{"line":7,"column":33},"end":{"line":20,"column":1}},"1":{"start":{"line":8,"column":25},"end":{"line":8,"column":32}},"2":{"start":{"line":10,"column":2},"end":{"line":19,"column":3}},"3":{"start":{"line":11,"column":23},"end":{"line":14,"column":5}},"4":{"start":{"line":16,"column":4},"end":{"line":16,"column":16}},"5":{"start":{"line":18,"column":4},"end":{"line":18,"column":46}},"6":{"start":{"line":22,"column":30},"end":{"line":40,"column":1}},"7":{"start":{"line":23,"column":36},"end":{"line":23,"column":43}},"8":{"start":{"line":25,"column":2},"end":{"line":39,"column":3}},"9":{"start":{"line":26,"column":20},"end":{"line":28,"column":17}},"10":{"start":{"line":27,"column":32},"end":{"line":27,"column":44}},"11":{"start":{"line":30,"column":19},"end":{"line":30,"column":41}},"12":{"start":{"line":32,"column":4},"end":{"line":32,"column":36}},"13":{"start":{"line":33,"column":4},"end":{"line":33,"column":34}},"14":{"start":{"line":34,"column":30},"end":{"line":34,"column":32}},"15":{"start":{"line":36,"column":4},"end":{"line":36,"column":23}},"16":{"start":{"line":38,"column":4},"end":{"line":38,"column":47}}},"fnMap":{"0":{"name":"(anonymous_0)","decl":{"start":{"line":7,"column":33},"end":{"line":7,"column":34}},"loc":{"start":{"line":7,"column":70},"end":{"line":20,"column":1}},"line":7},"1":{"name":"(anonymous_1)","decl":{"start":{"line":22,"column":30},"end":{"line":22,"column":31}},"loc":{"start":{"line":22,"column":72},"end":{"line":40,"column":1}},"line":22},"2":{"name":"(anonymous_2)","decl":{"start":{"line":27,"column":11},"end":{"line":27,"column":12}},"loc":{"start":{"line":27,"column":32},"end":{"line":27,"column":44}},"line":27}},"branchMap":{},"s":{"0":0,"1":0,"2":0,"3":0,"4":0,"5":0,"6":0,"7":0,"8":0,"9":0,"10":0,"11":0,"12":0,"13":0,"14":0,"15":0,"16":0},"f":{"0":0,"1":0,"2":0},"b":{}}
,"/Users/style/Desktop/SongJournal/src/repositories/SongsRepository.tsx": {"path":"/Users/style/Desktop/SongJournal/src/repositories/SongsRepository.tsx","statementMap":{"0":{"start":{"line":10,"column":26},"end":{"line":11,"column":78}},"1":{"start":{"line":11,"column":2},"end":{"line":11,"column":78}},"2":{"start":{"line":13,"column":39},"end":{"line":25,"column":1}},"3":{"start":{"line":14,"column":24},"end":{"line":17,"column":3}},"4":{"start":{"line":19,"column":21},"end":{"line":22,"column":3}},"5":{"start":{"line":24,"column":2},"end":{"line":24,"column":25}},"6":{"start":{"line":27,"column":26},"end":{"line":54,"column":1}},"7":{"start":{"line":28,"column":2},"end":{"line":53,"column":3}},"8":{"start":{"line":29,"column":19},"end":{"line":32,"column":5}},"9":{"start":{"line":33,"column":19},"end":{"line":33,"column":41}},"10":{"start":{"line":35,"column":4},"end":{"line":38,"column":6}},"11":{"start":{"line":40,"column":27},"end":{"line":43,"column":5}},"12":{"start":{"line":45,"column":23},"end":{"line":48,"column":5}},"13":{"start":{"line":50,"column":4},"end":{"line":50,"column":40}},"14":{"start":{"line":52,"column":4},"end":{"line":52,"column":47}},"15":{"start":{"line":56,"column":26},"end":{"line":66,"column":1}},"16":{"start":{"line":57,"column":20},"end":{"line":59,"column":3}},"17":{"start":{"line":61,"column":2},"end":{"line":65,"column":3}},"18":{"start":{"line":62,"column":4},"end":{"line":62,"column":54}},"19":{"start":{"line":64,"column":4},"end":{"line":64,"column":46}},"20":{"start":{"line":68,"column":36},"end":{"line":82,"column":1}},"21":{"start":{"line":73,"column":2},"end":{"line":81,"column":3}},"22":{"start":{"line":74,"column":4},"end":{"line":78,"column":6}},"23":{"start":{"line":80,"column":4},"end":{"line":80,"column":56}}},"fnMap":{"0":{"name":"(anonymous_0)","decl":{"start":{"line":10,"column":26},"end":{"line":10,"column":27}},"loc":{"start":{"line":11,"column":2},"end":{"line":11,"column":78}},"line":11},"1":{"name":"(anonymous_1)","decl":{"start":{"line":13,"column":39},"end":{"line":13,"column":40}},"loc":{"start":{"line":13,"column":79},"end":{"line":25,"column":1}},"line":13},"2":{"name":"(anonymous_2)","decl":{"start":{"line":27,"column":26},"end":{"line":27,"column":27}},"loc":{"start":{"line":27,"column":70},"end":{"line":54,"column":1}},"line":27},"3":{"name":"(anonymous_3)","decl":{"start":{"line":56,"column":26},"end":{"line":56,"column":27}},"loc":{"start":{"line":56,"column":72},"end":{"line":66,"column":1}},"line":56},"4":{"name":"(anonymous_4)","decl":{"start":{"line":68,"column":36},"end":{"line":68,"column":37}},"loc":{"start":{"line":72,"column":37},"end":{"line":82,"column":1}},"line":72}},"branchMap":{},"s":{"0":0,"1":0,"2":0,"3":0,"4":0,"5":0,"6":0,"7":0,"8":0,"9":0,"10":0,"11":0,"12":0,"13":0,"14":0,"15":0,"16":0,"17":0,"18":0,"19":0,"20":0,"21":0,"22":0,"23":0},"f":{"0":0,"1":0,"2":0,"3":0,"4":0},"b":{}}
,"/Users/style/Desktop/SongJournal/src/repositories/TakeRepository.tsx": {"path":"/Users/style/Desktop/SongJournal/src/repositories/TakeRepository.tsx","statementMap":{"0":{"start":{"line":4,"column":26},"end":{"line":47,"column":1}},"1":{"start":{"line":5,"column":53},"end":{"line":5,"column":64}},"2":{"start":{"line":7,"column":2},"end":{"line":46,"column":3}},"3":{"start":{"line":8,"column":19},"end":{"line":11,"column":5}},"4":{"start":{"line":13,"column":19},"end":{"line":13,"column":41}},"5":{"start":{"line":15,"column":4},"end":{"line":18,"column":6}},"6":{"start":{"line":20,"column":4},"end":{"line":23,"column":6}},"7":{"start":{"line":25,"column":31},"end":{"line":28,"column":5}},"8":{"start":{"line":30,"column":4},"end":{"line":30,"column":55}},"9":{"start":{"line":32,"column":23},"end":{"line":35,"column":5}},"10":{"start":{"line":37,"column":17},"end":{"line":39,"column":5}},"11":{"start":{"line":41,"column":4},"end":{"line":41,"column":42}},"12":{"start":{"line":43,"column":4},"end":{"line":43,"column":16}},"13":{"start":{"line":45,"column":4},"end":{"line":45,"column":47}},"14":{"start":{"line":49,"column":26},"end":{"line":59,"column":1}},"15":{"start":{"line":50,"column":20},"end":{"line":52,"column":3}},"16":{"start":{"line":54,"column":2},"end":{"line":58,"column":3}},"17":{"start":{"line":55,"column":4},"end":{"line":55,"column":54}},"18":{"start":{"line":57,"column":4},"end":{"line":57,"column":46}},"19":{"start":{"line":61,"column":26},"end":{"line":64,"column":3}},"20":{"start":{"line":62,"column":2},"end":{"line":64,"column":3}}},"fnMap":{"0":{"name":"(anonymous_0)","decl":{"start":{"line":4,"column":26},"end":{"line":4,"column":27}},"loc":{"start":{"line":4,"column":62},"end":{"line":47,"column":1}},"line":4},"1":{"name":"(anonymous_1)","decl":{"start":{"line":49,"column":26},"end":{"line":49,"column":27}},"loc":{"start":{"line":49,"column":72},"end":{"line":59,"column":1}},"line":49},"2":{"name":"(anonymous_2)","decl":{"start":{"line":61,"column":26},"end":{"line":61,"column":27}},"loc":{"start":{"line":62,"column":2},"end":{"line":64,"column":3}},"line":62}},"branchMap":{},"s":{"0":0,"1":0,"2":0,"3":0,"4":0,"5":0,"6":0,"7":0,"8":0,"9":0,"10":0,"11":0,"12":0,"13":0,"14":0,"15":0,"16":0,"17":0,"18":0,"19":0,"20":0},"f":{"0":0,"1":0,"2":0},"b":{}}
,"/Users/style/Desktop/SongJournal/src/sagas/actionCreators.ts": {"path":"/Users/style/Desktop/SongJournal/src/sagas/actionCreators.ts","statementMap":{"0":{"start":{"line":18,"column":42},"end":{"line":21,"column":2}},"1":{"start":{"line":18,"column":67},"end":{"line":21,"column":1}},"2":{"start":{"line":23,"column":42},"end":{"line":26,"column":1}},"3":{"start":{"line":25,"column":30},"end":{"line":25,"column":56}},"4":{"start":{"line":28,"column":42},"end":{"line":31,"column":1}},"5":{"start":{"line":30,"column":21},"end":{"line":30,"column":39}},"6":{"start":{"line":35,"column":33},"end":{"line":38,"column":2}},"7":{"start":{"line":35,"column":66},"end":{"line":38,"column":1}},"8":{"start":{"line":40,"column":33},"end":{"line":43,"column":1}},"9":{"start":{"line":42,"column":19},"end":{"line":42,"column":36}},"10":{"start":{"line":45,"column":33},"end":{"line":48,"column":1}},"11":{"start":{"line":47,"column":21},"end":{"line":47,"column":39}},"12":{"start":{"line":52,"column":33},"end":{"line":55,"column":2}},"13":{"start":{"line":52,"column":60},"end":{"line":55,"column":1}},"14":{"start":{"line":57,"column":33},"end":{"line":60,"column":1}},"15":{"start":{"line":59,"column":19},"end":{"line":59,"column":36}},"16":{"start":{"line":62,"column":33},"end":{"line":65,"column":1}},"17":{"start":{"line":64,"column":21},"end":{"line":64,"column":39}},"18":{"start":{"line":69,"column":43},"end":{"line":74,"column":2}},"19":{"start":{"line":71,"column":6},"end":{"line":74,"column":1}},"20":{"start":{"line":76,"column":43},"end":{"line":79,"column":1}},"21":{"start":{"line":78,"column":41},"end":{"line":78,"column":60}},"22":{"start":{"line":81,"column":43},"end":{"line":84,"column":1}},"23":{"start":{"line":83,"column":21},"end":{"line":83,"column":39}},"24":{"start":{"line":88,"column":32},"end":{"line":91,"column":2}},"25":{"start":{"line":88,"column":64},"end":{"line":91,"column":1}},"26":{"start":{"line":95,"column":37},"end":{"line":98,"column":2}},"27":{"start":{"line":95,"column":74},"end":{"line":98,"column":1}},"28":{"start":{"line":100,"column":37},"end":{"line":103,"column":1}},"29":{"start":{"line":102,"column":39},"end":{"line":102,"column":50}},"30":{"start":{"line":105,"column":37},"end":{"line":108,"column":1}},"31":{"start":{"line":107,"column":21},"end":{"line":107,"column":39}}},"fnMap":{"0":{"name":"(anonymous_0)","decl":{"start":{"line":18,"column":42},"end":{"line":18,"column":43}},"loc":{"start":{"line":18,"column":67},"end":{"line":21,"column":1}},"line":18},"1":{"name":"(anonymous_1)","decl":{"start":{"line":25,"column":2},"end":{"line":25,"column":3}},"loc":{"start":{"line":25,"column":30},"end":{"line":25,"column":56}},"line":25},"2":{"name":"(anonymous_2)","decl":{"start":{"line":30,"column":2},"end":{"line":30,"column":3}},"loc":{"start":{"line":30,"column":21},"end":{"line":30,"column":39}},"line":30},"3":{"name":"(anonymous_3)","decl":{"start":{"line":35,"column":33},"end":{"line":35,"column":34}},"loc":{"start":{"line":35,"column":66},"end":{"line":38,"column":1}},"line":35},"4":{"name":"(anonymous_4)","decl":{"start":{"line":42,"column":2},"end":{"line":42,"column":3}},"loc":{"start":{"line":42,"column":19},"end":{"line":42,"column":36}},"line":42},"5":{"name":"(anonymous_5)","decl":{"start":{"line":47,"column":2},"end":{"line":47,"column":3}},"loc":{"start":{"line":47,"column":21},"end":{"line":47,"column":39}},"line":47},"6":{"name":"(anonymous_6)","decl":{"start":{"line":52,"column":33},"end":{"line":52,"column":34}},"loc":{"start":{"line":52,"column":60},"end":{"line":55,"column":1}},"line":52},"7":{"name":"(anonymous_7)","decl":{"start":{"line":59,"column":2},"end":{"line":59,"column":3}},"loc":{"start":{"line":59,"column":19},"end":{"line":59,"column":36}},"line":59},"8":{"name":"(anonymous_8)","decl":{"start":{"line":64,"column":2},"end":{"line":64,"column":3}},"loc":{"start":{"line":64,"column":21},"end":{"line":64,"column":39}},"line":64},"9":{"name":"(anonymous_9)","decl":{"start":{"line":69,"column":43},"end":{"line":69,"column":44}},"loc":{"start":{"line":71,"column":6},"end":{"line":74,"column":1}},"line":71},"10":{"name":"(anonymous_10)","decl":{"start":{"line":78,"column":2},"end":{"line":78,"column":3}},"loc":{"start":{"line":78,"column":41},"end":{"line":78,"column":60}},"line":78},"11":{"name":"(anonymous_11)","decl":{"start":{"line":83,"column":2},"end":{"line":83,"column":3}},"loc":{"start":{"line":83,"column":21},"end":{"line":83,"column":39}},"line":83},"12":{"name":"(anonymous_12)","decl":{"start":{"line":88,"column":32},"end":{"line":88,"column":33}},"loc":{"start":{"line":88,"column":64},"end":{"line":91,"column":1}},"line":88},"13":{"name":"(anonymous_13)","decl":{"start":{"line":95,"column":37},"end":{"line":95,"column":38}},"loc":{"start":{"line":95,"column":74},"end":{"line":98,"column":1}},"line":95},"14":{"name":"(anonymous_14)","decl":{"start":{"line":102,"column":2},"end":{"line":102,"column":3}},"loc":{"start":{"line":102,"column":39},"end":{"line":102,"column":50}},"line":102},"15":{"name":"(anonymous_15)","decl":{"start":{"line":107,"column":2},"end":{"line":107,"column":3}},"loc":{"start":{"line":107,"column":21},"end":{"line":107,"column":39}},"line":107}},"branchMap":{},"s":{"0":0,"1":0,"2":0,"3":0,"4":0,"5":0,"6":0,"7":0,"8":0,"9":0,"10":0,"11":0,"12":0,"13":0,"14":0,"15":0,"16":0,"17":0,"18":0,"19":0,"20":0,"21":0,"22":0,"23":0,"24":0,"25":0,"26":0,"27":0,"28":0,"29":0,"30":0,"31":0},"f":{"0":0,"1":0,"2":0,"3":0,"4":0,"5":0,"6":0,"7":0,"8":0,"9":0,"10":0,"11":0,"12":0,"13":0,"14":0,"15":0},"b":{}}
,"/Users/style/Desktop/SongJournal/src/sagas/actionTypes.ts": {"path":"/Users/style/Desktop/SongJournal/src/sagas/actionTypes.ts","statementMap":{"0":{"start":{"line":1,"column":46},"end":{"line":1,"column":78}},"1":{"start":{"line":2,"column":46},"end":{"line":2,"column":78}},"2":{"start":{"line":3,"column":46},"end":{"line":3,"column":78}},"3":{"start":{"line":5,"column":34},"end":{"line":5,"column":54}},"4":{"start":{"line":7,"column":40},"end":{"line":7,"column":66}},"5":{"start":{"line":8,"column":40},"end":{"line":8,"column":66}},"6":{"start":{"line":9,"column":40},"end":{"line":9,"column":66}},"7":{"start":{"line":11,"column":35},"end":{"line":11,"column":56}},"8":{"start":{"line":12,"column":35},"end":{"line":12,"column":56}},"9":{"start":{"line":13,"column":35},"end":{"line":13,"column":56}},"10":{"start":{"line":15,"column":35},"end":{"line":15,"column":56}},"11":{"start":{"line":16,"column":35},"end":{"line":16,"column":56}},"12":{"start":{"line":17,"column":35},"end":{"line":17,"column":56}},"13":{"start":{"line":20,"column":2},"end":{"line":20,"column":35}},"14":{"start":{"line":22,"column":2},"end":{"line":22,"column":35}},"15":{"start":{"line":24,"column":2},"end":{"line":24,"column":35}}},"fnMap":{},"branchMap":{},"s":{"0":0,"1":0,"2":0,"3":0,"4":0,"5":0,"6":0,"7":0,"8":0,"9":0,"10":0,"11":0,"12":0,"13":0,"14":0,"15":0},"f":{},"b":{}}
,"/Users/style/Desktop/SongJournal/src/sagas/pageSaga.ts": {"path":"/Users/style/Desktop/SongJournal/src/sagas/pageSaga.ts","statementMap":{"0":{"start":{"line":18,"column":2},"end":{"line":24,"column":3}},"1":{"start":{"line":19,"column":17},"end":{"line":19,"column":55}},"2":{"start":{"line":21,"column":4},"end":{"line":21,"column":66}},"3":{"start":{"line":23,"column":4},"end":{"line":23,"column":47}},"4":{"start":{"line":28,"column":2},"end":{"line":28,"column":49}},"5":{"start":{"line":34,"column":2},"end":{"line":44,"column":3}},"6":{"start":{"line":35,"column":24},"end":{"line":35,"column":59}},"7":{"start":{"line":37,"column":4},"end":{"line":37,"column":44}},"8":{"start":{"line":39,"column":4},"end":{"line":41,"column":6}},"9":{"start":{"line":43,"column":4},"end":{"line":43,"column":44}},"10":{"start":{"line":48,"column":2},"end":{"line":48,"column":64}},"11":{"start":{"line":52,"column":2},"end":{"line":52,"column":63}}},"fnMap":{"0":{"name":"fetchPage","decl":{"start":{"line":17,"column":10},"end":{"line":17,"column":19}},"loc":{"start":{"line":17,"column":50},"end":{"line":25,"column":1}},"line":17},"1":{"name":"watchFetchPage","decl":{"start":{"line":27,"column":10},"end":{"line":27,"column":24}},"loc":{"start":{"line":27,"column":27},"end":{"line":29,"column":1}},"line":27},"2":{"name":"updatePageInfoSaga","decl":{"start":{"line":33,"column":10},"end":{"line":33,"column":28}},"loc":{"start":{"line":33,"column":64},"end":{"line":45,"column":1}},"line":33},"3":{"name":"watchUpdatePageInfo","decl":{"start":{"line":47,"column":10},"end":{"line":47,"column":29}},"loc":{"start":{"line":47,"column":32},"end":{"line":49,"column":1}},"line":47},"4":{"name":"pageSaga","decl":{"start":{"line":51,"column":25},"end":{"line":51,"column":33}},"loc":{"start":{"line":51,"column":36},"end":{"line":53,"column":1}},"line":51}},"branchMap":{},"s":{"0":0,"1":0,"2":0,"3":0,"4":0,"5":0,"6":0,"7":0,"8":0,"9":0,"10":0,"11":0},"f":{"0":0,"1":0,"2":0,"3":0,"4":0},"b":{}}
,"/Users/style/Desktop/SongJournal/src/sagas/rootSaga.ts": {"path":"/Users/style/Desktop/SongJournal/src/sagas/rootSaga.ts","statementMap":{"0":{"start":{"line":9,"column":2},"end":{"line":9,"column":66}}},"fnMap":{"0":{"name":"rootSaga","decl":{"start":{"line":8,"column":25},"end":{"line":8,"column":33}},"loc":{"start":{"line":8,"column":36},"end":{"line":10,"column":1}},"line":8}},"branchMap":{},"s":{"0":0},"f":{"0":0},"b":{}}
[...]
67,"column":73}},"32":{"start":{"line":69,"column":10},"end":{"line":71,"column":36}},"33":{"start":{"line":73,"column":8},"end":{"line":75,"column":72}},"34":{"start":{"line":77,"column":8},"end":{"line":77,"column":17}},"35":{"start":{"line":81,"column":2},"end":{"line":81,"column":21}}},"fnMap":{"0":{"name":"(anonymous_0)","decl":{"start":{"line":8,"column":20},"end":{"line":8,"column":21}},"loc":{"start":{"line":9,"column":2},"end":{"line":33,"column":4}},"line":9},"1":{"name":"(anonymous_1)","decl":{"start":{"line":9,"column":15},"end":{"line":9,"column":16}},"loc":{"start":{"line":9,"column":31},"end":{"line":33,"column":3}},"line":9},"2":{"name":"(anonymous_2)","decl":{"start":{"line":35,"column":25},"end":{"line":35,"column":26}},"loc":{"start":{"line":40,"column":13},"end":{"line":82,"column":1}},"line":40},"3":{"name":"(anonymous_3)","decl":{"start":{"line":44,"column":19},"end":{"line":44,"column":20}},"loc":{"start":{"line":44,"column":41},"end":{"line":79,"column":3}},"line":44},"4":{"name":"(anonymous_4)","decl":{"start":{"line":48,"column":23},"end":{"line":48,"column":24}},"loc":{"start":{"line":48,"column":39},"end":{"line":48,"column":71}},"line":48},"5":{"name":"(anonymous_5)","decl":{"start":{"line":51,"column":23},"end":{"line":51,"column":24}},"loc":{"start":{"line":51,"column":39},"end":{"line":51,"column":71}},"line":51},"6":{"name":"(anonymous_6)","decl":{"start":{"line":64,"column":25},"end":{"line":64,"column":26}},"loc":{"start":{"line":64,"column":41},"end":{"line":64,"column":73}},"line":64},"7":{"name":"(anonymous_7)","decl":{"start":{"line":67,"column":25},"end":{"line":67,"column":26}},"loc":{"start":{"line":67,"column":41},"end":{"line":67,"column":73}},"line":67}},"branchMap":{"0":{"loc":{"start":{"line":13,"column":6},"end":{"line":30,"column":7}},"type":"if","locations":[{"start":{"line":13,"column":6},"end":{"line":30,"column":7}},{"start":{},"end":{}}],"line":13},"1":{"loc":{"start":{"line":14,"column":8},"end":{"line":29,"column":9}},"type":"switch","locations":[{"start":{"line":15,"column":10},"end":{"line":21,"column":18}},{"start":{"line":22,"column":10},"end":{"line":28,"column":18}}],"line":14},"2":{"loc":{"start":{"line":16,"column":12},"end":{"line":20,"column":13}},"type":"if","locations":[{"start":{"line":16,"column":12},"end":{"line":20,"column":13}},{"start":{"line":18,"column":19},"end":{"line":20,"column":13}}],"line":16},"3":{"loc":{"start":{"line":16,"column":16},"end":{"line":16,"column":65}},"type":"binary-expr","locations":[{"start":{"line":16,"column":16},"end":{"line":16,"column":36}},{"start":{"line":16,"column":40},"end":{"line":16,"column":65}}],"line":16},"4":{"loc":{"start":{"line":18,"column":19},"end":{"line":20,"column":13}},"type":"if","locations":[{"start":{"line":18,"column":19},"end":{"line":20,"column":13}},{"start":{},"end":{}}],"line":18},"5":{"loc":{"start":{"line":18,"column":23},"end":{"line":18,"column":72}},"type":"binary-expr","locations":[{"start":{"line":18,"column":23},"end":{"line":18,"column":44}},{"start":{"line":18,"column":48},"end":{"line":18,"column":72}}],"line":18},"6":{"loc":{"start":{"line":23,"column":12},"end":{"line":27,"column":13}},"type":"if","locations":[{"start":{"line":23,"column":12},"end":{"line":27,"column":13}},{"start":{"line":25,"column":19},"end":{"line":27,"column":13}}],"line":23},"7":{"loc":{"start":{"line":23,"column":16},"end":{"line":23,"column":61}},"type":"binary-expr","locations":[{"start":{"line":23,"column":16},"end":{"line":23,"column":36}},{"start":{"line":23,"column":40},"end":{"line":23,"column":61}}],"line":23},"8":{"loc":{"start":{"line":25,"column":19},"end":{"line":27,"column":13}},"type":"if","locations":[{"start":{"line":25,"column":19},"end":{"line":27,"column":13}},{"start":{},"end":{}}],"line":25},"9":{"loc":{"start":{"line":25,"column":23},"end":{"line":25,"column":68}},"type":"binary-expr","locations":[{"start":{"line":25,"column":23},"end":{"line":25,"column":44}},{"start":{"line":25,"column":48},"end":{"line":25,"column":68}}],"line":25},"10":{"loc":{"start":{"line":38,"column":2},"end":{"line":38,"column":33}},"type":"default-arg","locations":[{"start":{"line":38,"column":29},"end":{"line":38,"column":33}}],"line":38},"11":{"loc":{"start":{"line":45,"column":4},"end":{"line":78,"column":5}},"type":"switch","locations":[{"start":{"line":46,"column":6},"end":{"line":56,"column":7}},{"start":{"line":57,"column":6},"end":{"line":60,"column":43}},{"start":{"line":61,"column":6},"end":{"line":75,"column":72}},{"start":{"line":76,"column":6},"end":{"line":77,"column":17}}],"line":45},"12":{"loc":{"start":{"line":48,"column":10},"end":{"line":49,"column":24}},"type":"binary-expr","locations":[{"start":{"line":48,"column":10},"end":{"line":49,"column":18}},{"start":{"line":49,"column":22},"end":{"line":49,"column":24}}],"line":48},"13":{"loc":{"start":{"line":51,"column":10},"end":{"line":52,"column":24}},"type":"binary-expr","locations":[{"start":{"line":51,"column":10},"end":{"line":52,"column":18}},{"start":{"line":52,"column":22},"end":{"line":52,"column":24}}],"line":51},"14":{"loc":{"start":{"line":53,"column":15},"end":{"line":55,"column":65}},"type":"cond-expr","locations":[{"start":{"line":54,"column":12},"end":{"line":54,"column":65}},{"start":{"line":55,"column":12},"end":{"line":55,"column":65}}],"line":53},"15":{"loc":{"start":{"line":58,"column":15},"end":{"line":60,"column":42}},"type":"cond-expr","locations":[{"start":{"line":59,"column":12},"end":{"line":59,"column":42}},{"start":{"line":60,"column":12},"end":{"line":60,"column":42}}],"line":58},"16":{"loc":{"start":{"line":64,"column":12},"end":{"line":65,"column":29}},"type":"binary-expr","locations":[{"start":{"line":64,"column":12},"end":{"line":65,"column":24}},{"start":{"line":65,"column":28},"end":{"line":65,"column":29}}],"line":64},"17":{"loc":{"start":{"line":67,"column":12},"end":{"line":68,"column":29}},"type":"binary-expr","locations":[{"start":{"line":67,"column":12},"end":{"line":68,"column":24}},{"start":{"line":68,"column":28},"end":{"line":68,"column":29}}],"line":67},"18":{"loc":{"start":{"line":69,"column":17},"end":{"line":71,"column":35}},"type":"cond-expr","locations":[{"start":{"line":70,"column":14},"end":{"line":70,"column":35}},{"start":{"line":71,"column":14},"end":{"line":71,"column":35}}],"line":69},"19":{"loc":{"start":{"line":73,"column":15},"end":{"line":75,"column":71}},"type":"cond-expr","locations":[{"start":{"line":74,"column":12},"end":{"line":74,"column":71}},{"start":{"line":75,"column":12},"end":{"line":75,"column":71}}],"line":73},"20":{"loc":{"start":{"line":74,"column":13},"end":{"line":74,"column":39}},"type":"binary-expr","locations":[{"start":{"line":74,"column":13},"end":{"line":74,"column":34}},{"start":{"line":74,"column":38},"end":{"line":74,"column":39}}],"line":74},"21":{"loc":{"start":{"line":74,"column":44},"end":{"line":74,"column":70}},"type":"binary-expr","locations":[{"start":{"line":74,"column":44},"end":{"line":74,"column":65}},{"start":{"line":74,"column":69},"end":{"line":74,"column":70}}],"line":74},"22":{"loc":{"start":{"line":75,"column":13},"end":{"line":75,"column":39}},"type":"binary-expr","locations":[{"start":{"line":75,"column":13},"end":{"line":75,"column":34}},{"start":{"line":75,"column":38},"end":{"line":75,"column":39}}],"line":75},"23":{"loc":{"start":{"line":75,"column":44},"end":{"line":75,"column":70}},"type":"binary-expr","locations":[{"start":{"line":75,"column":44},"end":{"line":75,"column":65}},{"start":{"line":75,"column":69},"end":{"line":75,"column":70}}],"line":75}},"s":{"0":0,"1":0,"2":0,"3":0,"4":0,"5":0,"6":0,"7":0,"8":0,"9":0,"10":0,"11":0,"12":0,"13":0,"14":0,"15":0,"16":0,"17":0,"18":0,"19":0,"20":0,"21":0,"22":0,"23":0,"24":0,"25":0,"26":0,"27":0,"28":0,"29":0,"30":0,"31":0,"32":0,"33":0,"34":0,"35":0},"f":{"0":0,"1":0,"2":0,"3":0,"4":0,"5":0,"6":0,"7":0},"b":{"0":[0,0],"1":[0,0],"2":[0,0],"3":[0,0],"4":[0,0],"5":[0,0],"6":[0,0],"7":[0,0],"8":[0,0],"9":[0,0],"10":[0],"11":[0,0,0,0],"12":[0,0],"13":[0,0],"14":[0,0],"15":[0,0],"16":[0,0],"17":[0,0],"18":[0,0],"19":[0,0],"20":[0,0],"21":[0,0],"22":[0,0],"23":[0,0]}}
,"/Users/style/Desktop/SongJournal/src/utils/startStopPlayRecording.ts": {"path":"/Users/style/Desktop/SongJournal/src/utils/startStopPlayRecording.ts","statementMap":{"0":{"start":{"line":3,"column":30},"end":{"line":20,"column":1}},"1":{"start":{"line":6,"column":2},"end":{"line":19,"column":3}},"2":{"start":{"line":7,"column":4},"end":{"line":7,"column":42}},"3":{"start":{"line":8,"column":4},"end":{"line":11,"column":7}},"4":{"start":{"line":13,"column":26},"end":{"line":15,"column":5}},"5":{"start":{"line":16,"column":4},"end":{"line":16,"column":28}},"6":{"start":{"line":18,"column":4},"end":{"line":18,"column":52}},"7":{"start":{"line":22,"column":29},"end":{"line":35,"column":1}},"8":{"start":{"line":28,"column":2},"end":{"line":28,"column":25}},"9":{"start":{"line":28,"column":18},"end":{"line":28,"column":25}},"10":{"start":{"line":30,"column":2},"end":{"line":30,"column":21}},"11":{"start":{"line":31,"column":2},"end":{"line":31,"column":39}},"12":{"start":{"line":32,"column":14},"end":{"line":32,"column":32}},"13":{"start":{"line":33,"column":2},"end":{"line":33,"column":23}},"14":{"start":{"line":34,"column":2},"end":{"line":34,"column":53}},"15":{"start":{"line":37,"column":29},"end":{"line":55,"column":1}},"16":{"start":{"line":38,"column":2},"end":{"line":54,"column":3}},"17":{"start":{"line":39,"column":22},"end":{"line":39,"column":60}},"18":{"start":{"line":41,"column":4},"end":{"line":46,"column":7}},"19":{"start":{"line":42,"column":6},"end":{"line":42,"column":37}},"20":{"start":{"line":43,"column":6},"end":{"line":45,"column":7}},"21":{"start":{"line":44,"column":8},"end":{"line":44,"column":28}},"22":{"start":{"line":47,"column":4},"end":{"line":47,"column":28}},"23":{"start":{"line":53,"column":4},"end":{"line":53,"column":51}},"24":{"start":{"line":57,"column":30},"end":{"line":64,"column":1}},"25":{"start":{"line":58,"column":2},"end":{"line":63,"column":3}},"26":{"start":{"line":59,"column":22},"end":{"line":59,"column":60}},"27":{"start":{"line":60,"column":4},"end":{"line":60,"column":29}},"28":{"start":{"line":62,"column":4},"end":{"line":62,"column":51}}},"fnMap":{"0":{"name":"(anonymous_0)","decl":{"start":{"line":3,"column":30},"end":{"line":3,"column":31}},"loc":{"start":{"line":5,"column":5},"end":{"line":20,"column":1}},"line":5},"1":{"name":"(anonymous_1)","decl":{"start":{"line":22,"column":29},"end":{"line":22,"column":30}},"loc":{"start":{"line":27,"column":5},"end":{"line":35,"column":1}},"line":27},"2":{"name":"(anonymous_2)","decl":{"start":{"line":37,"column":29},"end":{"line":37,"column":30}},"loc":{"start":{"line":37,"column":52},"end":{"line":55,"column":1}},"line":37},"3":{"name":"(anonymous_3)","decl":{"start":{"line":41,"column":36},"end":{"line":41,"column":37}},"loc":{"start":{"line":41,"column":48},"end":{"line":46,"column":5}},"line":41},"4":{"name":"(anonymous_4)","decl":{"start":{"line":57,"column":30},"end":{"line":57,"column":31}},"loc":{"start":{"line":57,"column":53},"end":{"line":64,"column":1}},"line":57}},"branchMap":{"0":{"loc":{"start":{"line":28,"column":2},"end":{"line":28,"column":25}},"type":"if","locations":[{"start":{"line":28,"column":2},"end":{"line":28,"column":25}},{"start":{},"end":{}}],"line":28},"1":{"loc":{"start":{"line":43,"column":6},"end":{"line":45,"column":7}},"type":"if","locations":[{"start":{"line":43,"column":6},"end":{"line":45,"column":7}},{"start":{},"end":{}}],"line":43}},"s":{"0":0,"1":0,"2":0,"3":0,"4":0,"5":0,"6":0,"7":0,"8":0,"9":0,"10":0,"11":0,"12":0,"13":0,"14":0,"15":0,"16":0,"17":0,"18":0,"19":0,"20":0,"21":0,"22":0,"23":0,"24":0,"25":0,"26":0,"27":0,"28":0},"f":{"0":0,"1":0,"2":0,"3":0,"4":0},"b":{"0":[0,0],"1":[0,0]}}
,"/Users/style/Desktop/SongJournal/src/utils/useAudioPlayer.tsx": {"path":"/Users/style/Desktop/SongJournal/src/utils/useAudioPlayer.tsx","statementMap":{"0":{"start":{"line":12,"column":23},"end":{"line":88,"column":1}},"1":{"start":{"line":13,"column":19},"end":{"line":13,"column":51}},"2":{"start":{"line":14,"column":29},"end":{"line":14,"column":63}},"3":{"start":{"line":15,"column":19},"end":{"line":15,"column":35}},"4":{"start":{"line":17,"column":2},"end":{"line":36,"column":30}},"5":{"start":{"line":18,"column":35},"end":{"line":27,"column":5}},"6":{"start":{"line":21,"column":6},"end":{"line":21,"column":45}},"7":{"start":{"line":22,"column":6},"end":{"line":26,"column":7}},"8":{"start":{"line":23,"column":8},"end":{"line":23,"column":28}},"9":{"start":{"line":24,"column":8},"end":{"line":24,"column":39}},"10":{"start":{"line":25,"column":8},"end":{"line":25,"column":33}},"11":{"start":{"line":29,"column":4},"end":{"line":31,"column":5}},"12":{"start":{"line":30,"column":6},"end":{"line":30,"column":73}},"13":{"start":{"line":33,"column":4},"end":{"line":35,"column":6}},"14":{"start":{"line":34,"column":6},"end":{"line":34,"column":56}},"15":{"start":{"line":38,"column":25},"end":{"line":75,"column":3}},"16":{"start":{"line":39,"column":4},"end":{"line":74,"column":5}},"17":{"start":{"line":40,"column":6},"end":{"line":61,"column":7}},"18":{"start":{"line":41,"column":8},"end":{"line":45,"column":9}},"19":{"start":{"line":42,"column":10},"end":{"line":42,"column":78}},"20":{"start":{"line":42,"column":51},"end":{"line":42,"column":76}},"21":{"start":{"line":44,"column":10},"end":{"line":44,"column":78}},"22":{"start":{"line":44,"column":50},"end":{"line":44,"column":76}},"23":{"start":{"line":48,"column":8},"end":{"line":48,"column":77}},"24":{"start":{"line":48,"column":51},"end":{"line":48,"column":74}},"25":{"start":{"line":49,"column":8},"end":{"line":49,"column":33}},"26":{"start":{"line":51,"column":36},"end":{"line":54,"column":9}},"27":{"start":{"line":56,"column":8},"end":{"line":56,"column":60}},"28":{"start":{"line":58,"column":8},"end":{"line":58,"column":36}},"29":{"start":{"line":63,"column":24},"end":{"line":66,"column":7}},"30":{"start":{"line":67,"column":6},"end":{"line":67,"column":31}},"31":{"start":{"line":69,"column":6},"end":{"line":71,"column":73}},"32":{"start":{"line":71,"column":20},"end":{"line":71,"column":71}},"33":{"start":{"line":77,"column":15},"end":{"line":85,"column":3}},"34":{"start":{"line":78,"column":4},"end":{"line":84,"column":5}},"35":{"start":{"line":79,"column":6},"end":{"line":79,"column":41}},"36":{"start":{"line":80,"column":6},"end":{"line":80,"column":43}},"37":{"start":{"line":81,"column":6},"end":{"line":81,"column":30}},"38":{"start":{"line":83,"column":6},"end":{"line":83,"column":31}},"39":{"start":{"line":87,"column":2},"end":{"line":87,"column":34}}},"fnMap":{"0":{"name":"(anonymous_0)","decl":{"start":{"line":12,"column":23},"end":{"line":12,"column":24}},"loc":{"start":{"line":12,"column":29},"end":{"line":88,"column":1}},"line":12},"1":{"name":"(anonymous_1)","decl":{"start":{"line":17,"column":12},"end":{"line":17,"column":13}},"loc":{"start":{"line":17,"column":18},"end":{"line":36,"column":3}},"line":17},"2":{"name":"(anonymous_2)","decl":{"start":{"line":18,"column":35},"end":{"line":18,"column":36}},"loc":{"start":{"line":20,"column":9},"end":{"line":27,"column":5}},"line":20},"3":{"name":"(anonymous_3)","decl":{"start":{"line":33,"column":11},"end":{"line":33,"column":12}},"loc":{"start":{"line":33,"column":17},"end":{"line":35,"column":5}},"line":33},"4":{"name":"(anonymous_4)","decl":{"start":{"line":38,"column":25},"end":{"line":38,"column":26}},"loc":{"start":{"line":38,"column":66},"end":{"line":75,"column":3}},"line":38},"5":{"name":"(anonymous_5)","decl":{"start":{"line":42,"column":45},"end":{"line":42,"column":46}},"loc":{"start":{"line":42,"column":51},"end":{"line":42,"column":76}},"line":42},"6":{"name":"(anonymous_6)","decl":{"start":{"line":44,"column":44},"end":{"line":44,"column":45}},"loc":{"start":{"line":44,"column":50},"end":{"line":44,"column":76}},"line":44},"7":{"name":"(anonymous_7)","decl":{"start":{"line":48,"column":44},"end":{"line":48,"column":45}},"loc":{"start":{"line":48,"column":51},"end":{"line":48,"column":74}},"line":48},"8":{"name":"(anonymous_8)","decl":{"start":{"line":71,"column":14},"end":{"line":71,"column":15}},"loc":{"start":{"line":71,"column":20},"end":{"line":71,"column":71}},"line":71},"9":{"name":"(anonymous_9)","decl":{"start":{"line":77,"column":15},"end":{"line":77,"column":16}},"loc":{"start":{"line":77,"column":27},"end":{"line":85,"column":3}},"line":77}},"branchMap":{"0":{"loc":{"start":{"line":22,"column":6},"end":{"line":26,"column":7}},"type":"if","locations":[{"start":{"line":22,"column":6},"end":{"line":26,"column":7}},{"start":{},"end":{}}],"line":22},"1":{"loc":{"start":{"line":29,"column":4},"end":{"line":31,"column":5}},"type":"if","locations":[{"start":{"line":29,"column":4},"end":{"line":31,"column":5}},{"start":{},"end":{}}],"line":29},"2":{"loc":{"start":{"line":39,"column":4},"end":{"line":74,"column":5}},"type":"if","locations":[{"start":{"line":39,"column":4},"end":{"line":74,"column":5}},{"start":{"line":62,"column":11},"end":{"line":74,"column":5}}],"line":39},"3":{"loc":{"start":{"line":40,"column":6},"end":{"line":61,"column":7}},"type":"if","locations":[{"start":{"line":40,"column":6},"end":{"line":61,"column":7}},{"start":{"line":46,"column":13},"end":{"line":61,"column":7}}],"line":40},"4":{"loc":{"start":{"line":41,"column":8},"end":{"line":45,"column":9}},"type":"if","locations":[{"start":{"line":41,"column":8},"end":{"line":45,"column":9}},{"start":{"line":43,"column":15},"end":{"line":45,"column":9}}],"line":41},"5":{"loc":{"start":{"line":78,"column":4},"end":{"line":84,"column":5}},"type":"if","locations":[{"start":{"line":78,"column":4},"end":{"line":84,"column":5}},{"start":{},"end":{}}],"line":78}},"s":{"0":0,"1":0,"2":0,"3":0,"4":0,"5":0,"6":0,"7":0,"8":0,"9":0,"10":0,"11":0,"12":0,"13":0,"14":0,"15":0,"16":0,"17":0,"18":0,"19":0,"20":0,"21":0,"22":0,"23":0,"24":0,"25":0,"26":0,"27":0,"28":0,"29":0,"30":0,"31":0,"32":0,"33":0,"34":0,"35":0,"36":0,"37":0,"38":0,"39":0},"f":{"0":0,"1":0,"2":0,"3":0,"4":0,"5":0,"6":0,"7":0,"8":0,"9":0},"b":{"0":[0,0],"1":[0,0],"2":[0,0],"3":[0,0],"4":[0,0],"5":[0,0]}}
,"/Users/style/Desktop/SongJournal/src/utils/useCreateLyrics.tsx": {"path":"/Users/style/Desktop/SongJournal/src/utils/useCreateLyrics.tsx","statementMap":{"0":{"start":{"line":5,"column":21},"end":{"line":5,"column":50}},"1":{"start":{"line":7,"column":24},"end":{"line":17,"column":1}},"2":{"start":{"line":8,"column":22},"end":{"line":8,"column":64}},"3":{"start":{"line":9,"column":2},"end":{"line":16,"column":3}},"4":{"start":{"line":10,"column":4},"end":{"line":12,"column":7}},"5":{"start":{"line":13,"column":4},"end":{"line":13,"column":48}},"6":{"start":{"line":15,"column":4},"end":{"line":15,"column":51}}},"fnMap":{"0":{"name":"(anonymous_0)","decl":{"start":{"line":7,"column":24},"end":{"line":7,"column":25}},"loc":{"start":{"line":7,"column":36},"end":{"line":17,"column":1}},"line":7}},"branchMap":{},"s":{"0":0,"1":0,"2":0,"3":0,"4":0,"5":0,"6":0},"f":{"0":0},"b":{}}
,"/Users/style/Desktop/SongJournal/src/utils/useCreateTake.tsx": {"path":"/Users/style/Desktop/SongJournal/src/utils/useCreateTake.tsx","statementMap":{"0":{"start":{"line":5,"column":21},"end":{"line":5,"column":50}},"1":{"start":{"line":6,"column":22},"end":{"line":16,"column":1}},"2":{"start":{"line":7,"column":22},"end":{"line":7,"column":64}},"3":{"start":{"line":8,"column":2},"end":{"line":15,"column":3}},"4":{"start":{"line":9,"column":4},"end":{"line":11,"column":7}},"5":{"start":{"line":12,"column":4},"end":{"line":12,"column":48}},"6":{"start":{"line":14,"column":4},"end":{"line":14,"column":51}}},"fnMap":{"0":{"name":"(anonymous_0)","decl":{"start":{"line":6,"column":22},"end":{"line":6,"column":23}},"loc":{"start":{"line":6,"column":34},"end":{"line":16,"column":1}},"line":6}},"branchMap":{},"s":{"0":0,"1":0,"2":0,"3":0,"4":0,"5":0,"6":0},"f":{"0":0},"b":{}}
}
